<?xml version="1.0" encoding="UTF-8"?>
<testsuite name="io.reflectoring.UserControllerProviderTest" tests="2" skipped="0" failures="0" errors="0" timestamp="2018-06-11T07:35:00" hostname="dani-Latitude-E5550" time="8.463">
  <properties/>
  <testcase name="userclient - a request to PUT a person" classname="io.reflectoring.UserControllerProviderTest" time="8.433"/>
  <testcase name="userclient - a request to POST a person" classname="io.reflectoring.UserControllerProviderTest" time="0.029"/>
  <system-out><![CDATA[09:34:57.742 [Test worker] DEBUG au.com.dius.pact.provider.junit.loader.PactBrokerLoader - Loading pacts from pact broker for provider userservice and tag latest
09:34:58.224 [Test worker] DEBUG au.com.dius.pact.pactbroker.HalClientBase - Fetching: /
09:34:58.810 [Test worker] DEBUG org.apache.http.client.protocol.RequestAddCookies - CookieSpec selected: default
09:34:58.825 [Test worker] DEBUG org.apache.http.client.protocol.RequestAuthCache - Auth cache not set in the context
09:34:58.826 [Test worker] DEBUG org.apache.http.impl.conn.PoolingHttpClientConnectionManager - Connection request: [route: {}->http://localhost:80][total kept alive: 0; route allocated: 0 of 5; total allocated: 0 of 10]
09:34:58.844 [Test worker] DEBUG org.apache.http.impl.conn.PoolingHttpClientConnectionManager - Connection leased: [id: 0][route: {}->http://localhost:80][total kept alive: 0; route allocated: 1 of 5; total allocated: 1 of 10]
09:34:58.846 [Test worker] DEBUG org.apache.http.impl.execchain.MainClientExec - Opening connection {}->http://localhost:80
09:34:58.851 [Test worker] DEBUG org.apache.http.impl.conn.DefaultHttpClientConnectionOperator - Connecting to localhost/127.0.0.1:80
09:34:58.853 [Test worker] DEBUG org.apache.http.impl.conn.DefaultHttpClientConnectionOperator - Connection established 127.0.0.1:38058<->127.0.0.1:80
09:34:58.853 [Test worker] DEBUG org.apache.http.impl.execchain.MainClientExec - Executing request GET / HTTP/1.1
09:34:58.853 [Test worker] DEBUG org.apache.http.impl.execchain.MainClientExec - Target auth state: UNCHALLENGED
09:34:58.854 [Test worker] DEBUG org.apache.http.impl.execchain.MainClientExec - Proxy auth state: UNCHALLENGED
09:34:58.856 [Test worker] DEBUG org.apache.http.headers - http-outgoing-0 >> GET / HTTP/1.1
09:34:58.857 [Test worker] DEBUG org.apache.http.headers - http-outgoing-0 >> Content-Type: application/json
09:34:58.857 [Test worker] DEBUG org.apache.http.headers - http-outgoing-0 >> Accept: application/hal+json, application/json
09:34:58.857 [Test worker] DEBUG org.apache.http.headers - http-outgoing-0 >> Host: localhost:80
09:34:58.857 [Test worker] DEBUG org.apache.http.headers - http-outgoing-0 >> Connection: Keep-Alive
09:34:58.857 [Test worker] DEBUG org.apache.http.headers - http-outgoing-0 >> User-Agent: Apache-HttpClient/4.5.5 (Java/1.8.0_151)
09:34:58.857 [Test worker] DEBUG org.apache.http.headers - http-outgoing-0 >> Accept-Encoding: gzip,deflate
09:34:58.858 [Test worker] DEBUG org.apache.http.wire - http-outgoing-0 >> "GET / HTTP/1.1[\r][\n]"
09:34:58.858 [Test worker] DEBUG org.apache.http.wire - http-outgoing-0 >> "Content-Type: application/json[\r][\n]"
09:34:58.858 [Test worker] DEBUG org.apache.http.wire - http-outgoing-0 >> "Accept: application/hal+json, application/json[\r][\n]"
09:34:58.858 [Test worker] DEBUG org.apache.http.wire - http-outgoing-0 >> "Host: localhost:80[\r][\n]"
09:34:58.858 [Test worker] DEBUG org.apache.http.wire - http-outgoing-0 >> "Connection: Keep-Alive[\r][\n]"
09:34:58.859 [Test worker] DEBUG org.apache.http.wire - http-outgoing-0 >> "User-Agent: Apache-HttpClient/4.5.5 (Java/1.8.0_151)[\r][\n]"
09:34:58.859 [Test worker] DEBUG org.apache.http.wire - http-outgoing-0 >> "Accept-Encoding: gzip,deflate[\r][\n]"
09:34:58.859 [Test worker] DEBUG org.apache.http.wire - http-outgoing-0 >> "[\r][\n]"
09:34:58.863 [Test worker] DEBUG org.apache.http.wire - http-outgoing-0 << "HTTP/1.1 200 OK[\r][\n]"
09:34:58.863 [Test worker] DEBUG org.apache.http.wire - http-outgoing-0 << "Content-Type: application/hal+json;charset=utf-8[\r][\n]"
09:34:58.864 [Test worker] DEBUG org.apache.http.wire - http-outgoing-0 << "Content-Length: 1618[\r][\n]"
09:34:58.865 [Test worker] DEBUG org.apache.http.wire - http-outgoing-0 << "Connection: keep-alive[\r][\n]"
09:34:58.865 [Test worker] DEBUG org.apache.http.wire - http-outgoing-0 << "Status: 200 OK[\r][\n]"
09:34:58.866 [Test worker] DEBUG org.apache.http.wire - http-outgoing-0 << "Date: Mon, 11 Jun 2018 07:34:58 GMT[\r][\n]"
09:34:58.867 [Test worker] DEBUG org.apache.http.wire - http-outgoing-0 << "X-Content-Type-Options: nosniff[\r][\n]"
09:34:58.868 [Test worker] DEBUG org.apache.http.wire - http-outgoing-0 << "Server: Webmachine-Ruby/1.5.0 Rack/1.3[\r][\n]"
09:34:58.869 [Test worker] DEBUG org.apache.http.wire - http-outgoing-0 << "X-Pact-Broker-Version: 2.19.2[\r][\n]"
09:34:58.871 [Test worker] DEBUG org.apache.http.wire - http-outgoing-0 << "X-Powered-By: Phusion Passenger 5.1.11[\r][\n]"
09:34:58.872 [Test worker] DEBUG org.apache.http.wire - http-outgoing-0 << "[\r][\n]"
09:34:58.873 [Test worker] DEBUG org.apache.http.wire - http-outgoing-0 << "{"_links":{"self":{"href":"http://localhost","title":"Index","templated":false},"pb:publish-pact":{"href":"http://localhost/pacts/provider/{provider}/consumer/{consumer}/version/{consumerApplicationVersion}","title":"Publish a pact","templated":true},"pb:latest-pact-versions":{"href":"http://localhost/pacts/latest","title":"Latest pact versions","templated":false},"pb:pacticipants":{"href":"http://localhost/pacticipants","title":"Pacticipants","templated":false},"pb:latest-provider-pacts":{"href":"http://localhost/pacts/provider/{provider}/latest","title":"Latest pacts by provider","templated":true},"pb:latest-provider-pacts-with-tag":{"href":"http://localhost/pacts/provider/{provider}/latest/{tag}","title":"Latest pacts for provider with the specified tag","templated":true},"pb:provider-pacts-with-tag":{"href":"http://localhost/pacts/provider/{provider}/tag/{tag}","title":"All pact versions for the provider with the specified consumer version tag","templated":true},"pb:provider-pacts":{"href":"http://localhost/pacts/provider/{provider}","title":"All pact versions for the specified provider","templated":true},"pb:latest-version":{"href":"http://localhost/pacticipants/{pacticipant}/latest-version","title":"Latest pacticipant version","templated":true},"pb:latest-tagged-version":{"href":"http://localhost/pacticipants/{pacticipant}/latest-version/{tag}","title":"Latest pacticipant version with the specified tag","templated":true},"pb:webhooks":{"href":"http://localhost/webhooks","title":"Webhooks","templated":false},"curies":[{"name":"pb","href":"http://localhost/doc/{rel}","templated":true}]}}"
09:34:58.882 [Test worker] DEBUG org.apache.http.headers - http-outgoing-0 << HTTP/1.1 200 OK
09:34:58.883 [Test worker] DEBUG org.apache.http.headers - http-outgoing-0 << Content-Type: application/hal+json;charset=utf-8
09:34:58.883 [Test worker] DEBUG org.apache.http.headers - http-outgoing-0 << Content-Length: 1618
09:34:58.883 [Test worker] DEBUG org.apache.http.headers - http-outgoing-0 << Connection: keep-alive
09:34:58.883 [Test worker] DEBUG org.apache.http.headers - http-outgoing-0 << Status: 200 OK
09:34:58.884 [Test worker] DEBUG org.apache.http.headers - http-outgoing-0 << Date: Mon, 11 Jun 2018 07:34:58 GMT
09:34:58.884 [Test worker] DEBUG org.apache.http.headers - http-outgoing-0 << X-Content-Type-Options: nosniff
09:34:58.884 [Test worker] DEBUG org.apache.http.headers - http-outgoing-0 << Server: Webmachine-Ruby/1.5.0 Rack/1.3
09:34:58.884 [Test worker] DEBUG org.apache.http.headers - http-outgoing-0 << X-Pact-Broker-Version: 2.19.2
09:34:58.886 [Test worker] DEBUG org.apache.http.headers - http-outgoing-0 << X-Powered-By: Phusion Passenger 5.1.11
09:34:58.892 [Test worker] DEBUG org.apache.http.impl.execchain.MainClientExec - Connection can be kept alive indefinitely
09:34:58.903 [Test worker] DEBUG org.apache.http.impl.conn.PoolingHttpClientConnectionManager - Connection [id: 0][route: {}->http://localhost:80] can be kept alive indefinitely
09:34:58.903 [Test worker] DEBUG org.apache.http.impl.conn.DefaultManagedHttpClientConnection - http-outgoing-0: set socket timeout to 0
09:34:58.903 [Test worker] DEBUG org.apache.http.impl.conn.PoolingHttpClientConnectionManager - Connection released: [id: 0][route: {}->http://localhost:80][total kept alive: 1; route allocated: 1 of 5; total allocated: 1 of 10]
09:34:58.952 [Test worker] DEBUG au.com.dius.pact.pactbroker.HalClientBase - Fetching: http://localhost/pacts/provider/userservice/latest
09:34:58.953 [Test worker] DEBUG org.apache.http.client.protocol.RequestAddCookies - CookieSpec selected: default
09:34:58.953 [Test worker] DEBUG org.apache.http.client.protocol.RequestAuthCache - Auth cache not set in the context
09:34:58.953 [Test worker] DEBUG org.apache.http.impl.conn.PoolingHttpClientConnectionManager - Connection request: [route: {}->http://localhost:80][total kept alive: 1; route allocated: 1 of 5; total allocated: 1 of 10]
09:34:58.954 [Test worker] DEBUG org.apache.http.impl.conn.PoolingHttpClientConnectionManager - Connection leased: [id: 0][route: {}->http://localhost:80][total kept alive: 0; route allocated: 1 of 5; total allocated: 1 of 10]
09:34:58.955 [Test worker] DEBUG org.apache.http.impl.conn.DefaultManagedHttpClientConnection - http-outgoing-0: set socket timeout to 0
09:34:58.955 [Test worker] DEBUG org.apache.http.impl.execchain.MainClientExec - Executing request GET /pacts/provider/userservice/latest HTTP/1.1
09:34:58.955 [Test worker] DEBUG org.apache.http.impl.execchain.MainClientExec - Target auth state: UNCHALLENGED
09:34:58.955 [Test worker] DEBUG org.apache.http.impl.execchain.MainClientExec - Proxy auth state: UNCHALLENGED
09:34:58.955 [Test worker] DEBUG org.apache.http.headers - http-outgoing-0 >> GET /pacts/provider/userservice/latest HTTP/1.1
09:34:58.955 [Test worker] DEBUG org.apache.http.headers - http-outgoing-0 >> Content-Type: application/json
09:34:58.955 [Test worker] DEBUG org.apache.http.headers - http-outgoing-0 >> Accept: application/hal+json, application/json
09:34:58.955 [Test worker] DEBUG org.apache.http.headers - http-outgoing-0 >> Host: localhost
09:34:58.956 [Test worker] DEBUG org.apache.http.headers - http-outgoing-0 >> Connection: Keep-Alive
09:34:58.956 [Test worker] DEBUG org.apache.http.headers - http-outgoing-0 >> User-Agent: Apache-HttpClient/4.5.5 (Java/1.8.0_151)
09:34:58.956 [Test worker] DEBUG org.apache.http.headers - http-outgoing-0 >> Accept-Encoding: gzip,deflate
09:34:58.956 [Test worker] DEBUG org.apache.http.wire - http-outgoing-0 >> "GET /pacts/provider/userservice/latest HTTP/1.1[\r][\n]"
09:34:58.956 [Test worker] DEBUG org.apache.http.wire - http-outgoing-0 >> "Content-Type: application/json[\r][\n]"
09:34:58.956 [Test worker] DEBUG org.apache.http.wire - http-outgoing-0 >> "Accept: application/hal+json, application/json[\r][\n]"
09:34:58.956 [Test worker] DEBUG org.apache.http.wire - http-outgoing-0 >> "Host: localhost[\r][\n]"
09:34:58.956 [Test worker] DEBUG org.apache.http.wire - http-outgoing-0 >> "Connection: Keep-Alive[\r][\n]"
09:34:58.956 [Test worker] DEBUG org.apache.http.wire - http-outgoing-0 >> "User-Agent: Apache-HttpClient/4.5.5 (Java/1.8.0_151)[\r][\n]"
09:34:58.956 [Test worker] DEBUG org.apache.http.wire - http-outgoing-0 >> "Accept-Encoding: gzip,deflate[\r][\n]"
09:34:58.956 [Test worker] DEBUG org.apache.http.wire - http-outgoing-0 >> "[\r][\n]"
09:34:58.980 [Test worker] DEBUG org.apache.http.wire - http-outgoing-0 << "HTTP/1.1 200 OK[\r][\n]"
09:34:58.980 [Test worker] DEBUG org.apache.http.wire - http-outgoing-0 << "Content-Type: application/hal+json;charset=utf-8[\r][\n]"
09:34:58.980 [Test worker] DEBUG org.apache.http.wire - http-outgoing-0 << "Content-Length: 633[\r][\n]"
09:34:58.980 [Test worker] DEBUG org.apache.http.wire - http-outgoing-0 << "Connection: keep-alive[\r][\n]"
09:34:58.980 [Test worker] DEBUG org.apache.http.wire - http-outgoing-0 << "Status: 200 OK[\r][\n]"
09:34:58.980 [Test worker] DEBUG org.apache.http.wire - http-outgoing-0 << "Date: Mon, 11 Jun 2018 07:34:58 GMT[\r][\n]"
09:34:58.980 [Test worker] DEBUG org.apache.http.wire - http-outgoing-0 << "X-Content-Type-Options: nosniff[\r][\n]"
09:34:58.981 [Test worker] DEBUG org.apache.http.wire - http-outgoing-0 << "Server: Webmachine-Ruby/1.5.0 Rack/1.3[\r][\n]"
09:34:58.984 [Test worker] DEBUG org.apache.http.wire - http-outgoing-0 << "X-Pact-Broker-Version: 2.19.2[\r][\n]"
09:34:58.984 [Test worker] DEBUG org.apache.http.wire - http-outgoing-0 << "X-Powered-By: Phusion Passenger 5.1.11[\r][\n]"
09:34:58.984 [Test worker] DEBUG org.apache.http.wire - http-outgoing-0 << "[\r][\n]"
09:34:58.984 [Test worker] DEBUG org.apache.http.wire - http-outgoing-0 << "{"_links":{"self":{"href":"http://localhost/pacts/provider/userservice/latest","title":"Latest pact versions for the provider userservice"},"provider":{"href":"http://localhost/pacticipants/userservice","title":"userservice"},"pb:pacts":[{"href":"http://localhost/pacts/provider/userservice/consumer/userclient/version/3.5.0","title":"Pact between userclient (v3.5.0) and userservice","name":"userclient"}],"pacts":[{"href":"http://localhost/pacts/provider/userservice/consumer/userclient/version/3.5.0","title":"DEPRECATED - please use the pb:pacts relation. Pact between userclient (v3.5.0) and userservice","name":"userclient"}]}}"
09:34:58.987 [Test worker] DEBUG org.apache.http.headers - http-outgoing-0 << HTTP/1.1 200 OK
09:34:58.987 [Test worker] DEBUG org.apache.http.headers - http-outgoing-0 << Content-Type: application/hal+json;charset=utf-8
09:34:58.987 [Test worker] DEBUG org.apache.http.headers - http-outgoing-0 << Content-Length: 633
09:34:58.987 [Test worker] DEBUG org.apache.http.headers - http-outgoing-0 << Connection: keep-alive
09:34:58.989 [Test worker] DEBUG org.apache.http.headers - http-outgoing-0 << Status: 200 OK
09:34:58.989 [Test worker] DEBUG org.apache.http.headers - http-outgoing-0 << Date: Mon, 11 Jun 2018 07:34:58 GMT
09:34:58.989 [Test worker] DEBUG org.apache.http.headers - http-outgoing-0 << X-Content-Type-Options: nosniff
09:34:58.989 [Test worker] DEBUG org.apache.http.headers - http-outgoing-0 << Server: Webmachine-Ruby/1.5.0 Rack/1.3
09:34:58.989 [Test worker] DEBUG org.apache.http.headers - http-outgoing-0 << X-Pact-Broker-Version: 2.19.2
09:34:58.989 [Test worker] DEBUG org.apache.http.headers - http-outgoing-0 << X-Powered-By: Phusion Passenger 5.1.11
09:34:58.989 [Test worker] DEBUG org.apache.http.impl.execchain.MainClientExec - Connection can be kept alive indefinitely
09:34:58.990 [Test worker] DEBUG org.apache.http.impl.conn.PoolingHttpClientConnectionManager - Connection [id: 0][route: {}->http://localhost:80] can be kept alive indefinitely
09:34:58.990 [Test worker] DEBUG org.apache.http.impl.conn.DefaultManagedHttpClientConnection - http-outgoing-0: set socket timeout to 0
09:34:58.990 [Test worker] DEBUG org.apache.http.impl.conn.PoolingHttpClientConnectionManager - Connection released: [id: 0][route: {}->http://localhost:80][total kept alive: 1; route allocated: 1 of 5; total allocated: 1 of 10]
09:34:59.291 [Test worker] DEBUG au.com.dius.pact.pactbroker.HalClientBase - Fetching: http://localhost/pacts/provider/userservice/consumer/userclient/version/3.5.0
09:34:59.293 [Test worker] DEBUG org.apache.http.client.protocol.RequestAddCookies - CookieSpec selected: default
09:34:59.294 [Test worker] DEBUG org.apache.http.client.protocol.RequestAuthCache - Auth cache not set in the context
09:34:59.294 [Test worker] DEBUG org.apache.http.impl.conn.PoolingHttpClientConnectionManager - Connection request: [route: {}->http://localhost:80][total kept alive: 0; route allocated: 0 of 5; total allocated: 0 of 10]
09:34:59.294 [Test worker] DEBUG org.apache.http.impl.conn.PoolingHttpClientConnectionManager - Connection leased: [id: 1][route: {}->http://localhost:80][total kept alive: 0; route allocated: 1 of 5; total allocated: 1 of 10]
09:34:59.294 [Test worker] DEBUG org.apache.http.impl.execchain.MainClientExec - Opening connection {}->http://localhost:80
09:34:59.294 [Test worker] DEBUG org.apache.http.impl.conn.DefaultHttpClientConnectionOperator - Connecting to localhost/127.0.0.1:80
09:34:59.295 [Test worker] DEBUG org.apache.http.impl.conn.DefaultHttpClientConnectionOperator - Connection established 127.0.0.1:38061<->127.0.0.1:80
09:34:59.295 [Test worker] DEBUG org.apache.http.impl.execchain.MainClientExec - Executing request GET /pacts/provider/userservice/consumer/userclient/version/3.5.0 HTTP/1.1
09:34:59.296 [Test worker] DEBUG org.apache.http.impl.execchain.MainClientExec - Target auth state: UNCHALLENGED
09:34:59.296 [Test worker] DEBUG org.apache.http.impl.execchain.MainClientExec - Proxy auth state: UNCHALLENGED
09:34:59.296 [Test worker] DEBUG org.apache.http.headers - http-outgoing-1 >> GET /pacts/provider/userservice/consumer/userclient/version/3.5.0 HTTP/1.1
09:34:59.296 [Test worker] DEBUG org.apache.http.headers - http-outgoing-1 >> Content-Type: application/json
09:34:59.296 [Test worker] DEBUG org.apache.http.headers - http-outgoing-1 >> Accept: application/hal+json, application/json
09:34:59.296 [Test worker] DEBUG org.apache.http.headers - http-outgoing-1 >> Host: localhost
09:34:59.297 [Test worker] DEBUG org.apache.http.headers - http-outgoing-1 >> Connection: Keep-Alive
09:34:59.297 [Test worker] DEBUG org.apache.http.headers - http-outgoing-1 >> User-Agent: Apache-HttpClient/4.5.5 (Java/1.8.0_151)
09:34:59.297 [Test worker] DEBUG org.apache.http.headers - http-outgoing-1 >> Accept-Encoding: gzip,deflate
09:34:59.297 [Test worker] DEBUG org.apache.http.wire - http-outgoing-1 >> "GET /pacts/provider/userservice/consumer/userclient/version/3.5.0 HTTP/1.1[\r][\n]"
09:34:59.297 [Test worker] DEBUG org.apache.http.wire - http-outgoing-1 >> "Content-Type: application/json[\r][\n]"
09:34:59.297 [Test worker] DEBUG org.apache.http.wire - http-outgoing-1 >> "Accept: application/hal+json, application/json[\r][\n]"
09:34:59.297 [Test worker] DEBUG org.apache.http.wire - http-outgoing-1 >> "Host: localhost[\r][\n]"
09:34:59.298 [Test worker] DEBUG org.apache.http.wire - http-outgoing-1 >> "Connection: Keep-Alive[\r][\n]"
09:34:59.298 [Test worker] DEBUG org.apache.http.wire - http-outgoing-1 >> "User-Agent: Apache-HttpClient/4.5.5 (Java/1.8.0_151)[\r][\n]"
09:34:59.298 [Test worker] DEBUG org.apache.http.wire - http-outgoing-1 >> "Accept-Encoding: gzip,deflate[\r][\n]"
09:34:59.298 [Test worker] DEBUG org.apache.http.wire - http-outgoing-1 >> "[\r][\n]"
09:34:59.308 [Test worker] DEBUG org.apache.http.wire - http-outgoing-1 << "HTTP/1.1 200 OK[\r][\n]"
09:34:59.308 [Test worker] DEBUG org.apache.http.wire - http-outgoing-1 << "Content-Type: application/hal+json;charset=utf-8[\r][\n]"
09:34:59.309 [Test worker] DEBUG org.apache.http.wire - http-outgoing-1 << "Content-Length: 3276[\r][\n]"
09:34:59.309 [Test worker] DEBUG org.apache.http.wire - http-outgoing-1 << "Connection: keep-alive[\r][\n]"
09:34:59.309 [Test worker] DEBUG org.apache.http.wire - http-outgoing-1 << "Status: 200 OK[\r][\n]"
09:34:59.310 [Test worker] DEBUG org.apache.http.wire - http-outgoing-1 << "Date: Mon, 11 Jun 2018 07:34:59 GMT[\r][\n]"
09:34:59.310 [Test worker] DEBUG org.apache.http.wire - http-outgoing-1 << "Vary: Accept[\r][\n]"
09:34:59.310 [Test worker] DEBUG org.apache.http.wire - http-outgoing-1 << "X-Content-Type-Options: nosniff[\r][\n]"
09:34:59.311 [Test worker] DEBUG org.apache.http.wire - http-outgoing-1 << "Server: Webmachine-Ruby/1.5.0 Rack/1.3[\r][\n]"
09:34:59.311 [Test worker] DEBUG org.apache.http.wire - http-outgoing-1 << "X-Pact-Broker-Version: 2.19.2[\r][\n]"
09:34:59.311 [Test worker] DEBUG org.apache.http.wire - http-outgoing-1 << "X-Powered-By: Phusion Passenger 5.1.11[\r][\n]"
09:34:59.311 [Test worker] DEBUG org.apache.http.wire - http-outgoing-1 << "[\r][\n]"
09:34:59.312 [Test worker] DEBUG org.apache.http.wire - http-outgoing-1 << "{"provider":{"name":"userservice"},"consumer":{"name":"userclient"},"interactions":[{"description":"a request to PUT a person","request":{"method":"PUT","path":"/user-service/users/42","headers":{"Content-Type":"application/json"},"body":{"firstName":"Zaphod","lastName":"Beeblebrox"}},"response":{"status":200,"headers":{"Content-Type":"application/json"},"body":{"firstName":"Zaphod","lastName":"Beeblebrox"}},"providerStates":[{"name":"person 42 exists"}]},{"description":"a request to POST a person","request":{"method":"POST","path":"/user-service/users","headers":{"Content-Type":"application/json"},"body":{"firstName":"Daniel","lastName":"de la Torre"}},"response":{"status":201,"headers":{"Content-Type":"application/json"},"body":{"id":42}},"providerStates":[{"name":"provider accepts a new person"}]}],"metadata":{"pact-specification":{"version":"3.0.0"},"pact-jvm":{"version":"3.5.2"}},"createdAt":"2018-06-10T10:15:49+00:00","_links":{"self":{"title":"Pact","name":"Pact between userclient (v3.5.0) and userservice","href":"http://localhost/pacts/provider/userservice/consumer/userclient/version/3.5.0"},"pb:consumer":{"title":"Consumer","name":"userclient","href":"http://localhost/pacticipants/userclient"},"pb:consumer-version":{"title":"Consumer version","name":"3.5.0","href":"http://localhost/pacticipants/userclient/versions/3.5.0"},"pb:provider":{"title":"Provider","name":"userservice","href":"http://localhost/pacticipants/userservice"},"pb:latest-pact-version":{"title":"Latest version of this pact","href":"http://localhost/pacts/provider/userservice/consumer/userclient/latest"},"pb:all-pact-versions":{"title":"All versions of this pact","href":"http://localhost/pacts/provider/userservice/consumer/userclient/versions"},"pb:latest-untagged-pact-version":{"title":"Latest untagged version of this pact","href":"http://localhost/pacts/provider/userservice/consumer/userclient/latest-untagged"},"pb:latest-tagged-pact-version":{"title":"Latest tagged version of this pact","href":"http://localhost/pacts/provider/userservice/consumer/userclient/latest/{tag}","templated":true},"pb:previous-distinct":{"title":"Previous distinct version of this pact","href":"http://localhost/pacts/provider/userservice/consumer/userclient/version/3.5.0/previous-distinct"},"pb:diff-previous-distinct":{"title":"Diff with previous distinct version of this pact","href":"http://localhost/pacts/provider/userservice/consumer/userclient/version/3.5.0/diff/previous-distinct"},"pb:pact-webhooks":{"title":"Webhooks for the pact between userclient and userservice","href":"http://localhost/webhooks/provider/userservice/consumer/userclient"},"pb:tag-prod-version":{"title":"PUT to this resource to tag this consumer version as 'production'","href":"http://localhost/pacticipants/userclient/versions/3.5.0/tags/prod"},"pb:tag-version":{"title":"PUT to this resource to tag this consumer version","href":"http://localhost/pacticipants/userclient/versions/3.5.0/tags/{tag}"},"pb:publish-verification-results":{"title":"Publish verification results","href":"http://localhost/pacts/provider/userservice/consumer/userclient/pact-version/95b27c5bafda47de9187520b3969c7a019f2244b/verification-results"},"curies":[{"name":"pb","href":"http://localhost/doc/{rel}","templated":true}]}}"
09:34:59.313 [Test worker] DEBUG org.apache.http.headers - http-outgoing-1 << HTTP/1.1 200 OK
09:34:59.313 [Test worker] DEBUG org.apache.http.headers - http-outgoing-1 << Content-Type: application/hal+json;charset=utf-8
09:34:59.313 [Test worker] DEBUG org.apache.http.headers - http-outgoing-1 << Content-Length: 3276
09:34:59.313 [Test worker] DEBUG org.apache.http.headers - http-outgoing-1 << Connection: keep-alive
09:34:59.313 [Test worker] DEBUG org.apache.http.headers - http-outgoing-1 << Status: 200 OK
09:34:59.313 [Test worker] DEBUG org.apache.http.headers - http-outgoing-1 << Date: Mon, 11 Jun 2018 07:34:59 GMT
09:34:59.313 [Test worker] DEBUG org.apache.http.headers - http-outgoing-1 << Vary: Accept
09:34:59.313 [Test worker] DEBUG org.apache.http.headers - http-outgoing-1 << X-Content-Type-Options: nosniff
09:34:59.313 [Test worker] DEBUG org.apache.http.headers - http-outgoing-1 << Server: Webmachine-Ruby/1.5.0 Rack/1.3
09:34:59.314 [Test worker] DEBUG org.apache.http.headers - http-outgoing-1 << X-Pact-Broker-Version: 2.19.2
09:34:59.314 [Test worker] DEBUG org.apache.http.headers - http-outgoing-1 << X-Powered-By: Phusion Passenger 5.1.11
09:34:59.314 [Test worker] DEBUG org.apache.http.impl.execchain.MainClientExec - Connection can be kept alive indefinitely
09:34:59.314 [Test worker] DEBUG org.apache.http.impl.conn.PoolingHttpClientConnectionManager - Connection [id: 1][route: {}->http://localhost:80] can be kept alive indefinitely
09:34:59.314 [Test worker] DEBUG org.apache.http.impl.conn.DefaultManagedHttpClientConnection - http-outgoing-1: set socket timeout to 0
09:34:59.315 [Test worker] DEBUG org.apache.http.impl.conn.PoolingHttpClientConnectionManager - Connection released: [id: 1][route: {}->http://localhost:80][total kept alive: 1; route allocated: 1 of 5; total allocated: 1 of 10]
09:34:59.757 [Test worker] DEBUG org.springframework.test.context.BootstrapUtils - Instantiating CacheAwareContextLoaderDelegate from class [org.springframework.test.context.cache.DefaultCacheAwareContextLoaderDelegate]
09:34:59.776 [Test worker] DEBUG org.springframework.test.context.BootstrapUtils - Instantiating BootstrapContext using constructor [public org.springframework.test.context.support.DefaultBootstrapContext(java.lang.Class,org.springframework.test.context.CacheAwareContextLoaderDelegate)]
09:34:59.800 [Test worker] DEBUG org.springframework.test.context.BootstrapUtils - Instantiating TestContextBootstrapper for test class [io.reflectoring.UserControllerProviderTest] from class [org.springframework.boot.test.context.SpringBootTestContextBootstrapper]
09:34:59.819 [Test worker] INFO org.springframework.boot.test.context.SpringBootTestContextBootstrapper - Neither @ContextConfiguration nor @ContextHierarchy found for test class [io.reflectoring.UserControllerProviderTest], using SpringBootContextLoader
09:34:59.825 [Test worker] DEBUG org.springframework.test.context.support.AbstractContextLoader - Did not detect default resource location for test class [io.reflectoring.UserControllerProviderTest]: class path resource [io/reflectoring/UserControllerProviderTest-context.xml] does not exist
09:34:59.825 [Test worker] DEBUG org.springframework.test.context.support.AbstractContextLoader - Did not detect default resource location for test class [io.reflectoring.UserControllerProviderTest]: class path resource [io/reflectoring/UserControllerProviderTestContext.groovy] does not exist
09:34:59.826 [Test worker] INFO org.springframework.test.context.support.AbstractContextLoader - Could not detect default resource locations for test class [io.reflectoring.UserControllerProviderTest]: no resource found for suffixes {-context.xml, Context.groovy}.
09:34:59.827 [Test worker] INFO org.springframework.test.context.support.AnnotationConfigContextLoaderUtils - Could not detect default configuration classes for test class [io.reflectoring.UserControllerProviderTest]: UserControllerProviderTest does not declare any static, non-private, non-final, nested classes annotated with @Configuration.
09:34:59.905 [Test worker] DEBUG org.springframework.test.context.support.ActiveProfilesUtils - Could not find an 'annotation declaring class' for annotation type [org.springframework.test.context.ActiveProfiles] and class [io.reflectoring.UserControllerProviderTest]
09:34:59.915 [Test worker] DEBUG org.springframework.core.env.StandardEnvironment - Adding PropertySource 'systemProperties' with lowest search precedence
09:34:59.916 [Test worker] DEBUG org.springframework.core.env.StandardEnvironment - Adding PropertySource 'systemEnvironment' with lowest search precedence
09:34:59.918 [Test worker] DEBUG org.springframework.core.env.StandardEnvironment - Initialized StandardEnvironment with PropertySources [MapPropertySource@1427195864 {name='systemProperties', properties={java.runtime.name=Java(TM) SE Runtime Environment, sun.boot.library.path=/usr/lib/jvm/java-8-oracle/jre/lib/amd64, java.vm.version=25.151-b12, java.vm.vendor=Oracle Corporation, java.vendor.url=http://java.oracle.com/, path.separator=:, java.vm.name=Java HotSpot(TM) 64-Bit Server VM, file.encoding.pkg=sun.io, sun.java.launcher=SUN_STANDARD, user.country=ES, sun.os.patch.level=unknown, java.vm.specification.name=Java Virtual Machine Specification, user.dir=/home/dani/workspace/pact-code-examples-master/pact/pact-spring-provider, java.runtime.version=1.8.0_151-b12, java.awt.graphicsenv=sun.awt.X11GraphicsEnvironment, java.endorsed.dirs=/usr/lib/jvm/java-8-oracle/jre/lib/endorsed, os.arch=amd64, java.io.tmpdir=/tmp, line.separator=
, java.vm.specification.vendor=Oracle Corporation, user.variant=, os.name=Linux, pact.provider.version=0.0.1, pact.verification.reports=console, sun.jnu.encoding=UTF-8, java.library.path=/usr/java/packages/lib/amd64:/usr/lib64:/lib64:/lib:/usr/lib, java.specification.name=Java Platform API Specification, java.class.version=52.0, org.gradle.native=false, sun.management.compiler=HotSpot 64-Bit Tiered Compilers, os.version=3.16.0-38-generic, user.home=/home/dani, user.timezone=Europe/Madrid, java.awt.printerjob=sun.print.PSPrinterJob, file.encoding=UTF-8, java.specification.version=1.8, java.class.path=/home/dani/workspace/pact-code-examples-master/pact/pact-spring-provider/build/classes/java/test:/home/dani/workspace/pact-code-examples-master/pact/pact-spring-provider/build/resources/test:/home/dani/workspace/pact-code-examples-master/pact/pact-spring-provider/build/classes/java/main:/home/dani/workspace/pact-code-examples-master/pact/pact-spring-provider/build/resources/main:/home/dani/.gradle/caches/modules-2/files-2.1/au.com.dius/pact-jvm-provider-spring_2.12/3.5.11/521249d22121175f45f3d629be904a400dc92fee/pact-jvm-provider-spring_2.12-3.5.11.jar:/home/dani/.m2/repository/org/springframework/boot/spring-boot-starter-data-jpa/2.0.2.RELEASE/spring-boot-starter-data-jpa-2.0.2.RELEASE.jar:/home/dani/.m2/repository/org/springframework/data/spring-data-jpa/2.0.7.RELEASE/spring-data-jpa-2.0.7.RELEASE.jar:/home/dani/.gradle/caches/modules-2/files-2.1/au.com.dius/pact-jvm-provider-junit_2.12/3.5.11/f15c717d5d008e285e9c67c433e7c5c216ef3a2e/pact-jvm-provider-junit_2.12-3.5.11.jar:/home/dani/.gradle/caches/modules-2/files-2.1/au.com.dius/pact-jvm-provider_2.12/3.5.11/7dc1401fb038d3f82fc12fdb85d057cc0b59b3bd/pact-jvm-provider_2.12-3.5.11.jar:/home/dani/.gradle/caches/modules-2/files-2.1/au.com.dius/pact-jvm-matchers_2.12/3.5.11/be27448166d4660a7a1340909ef58c1fa53196c7/pact-jvm-matchers_2.12-3.5.11.jar:/home/dani/.gradle/caches/modules-2/files-2.1/au.com.dius/pact-jvm-model/3.5.11/2951d6e4cccecb154827a060f23a7898d51820fc/pact-jvm-model-3.5.11.jar:/home/dani/.gradle/caches/modules-2/files-2.1/au.com.dius/pact-jvm-pact-broker/3.5.11/facdf5d6c60959e8d158ef6b966c9d7fd08f16f9/pact-jvm-pact-broker-3.5.11.jar:/home/dani/.gradle/caches/modules-2/files-2.1/io.github.microutils/kotlin-logging/1.4.4/b99f59fa242e55dbf5b6984fd7b4db73ef0850ae/kotlin-logging-1.4.4.jar:/home/dani/.gradle/caches/modules-2/files-2.1/com.typesafe.scala-logging/scala-logging_2.12/3.7.2/a1dc97509765287faa4747f7cb411f0b85dc9a34/scala-logging_2.12-3.7.2.jar:/home/dani/.m2/repository/org/springframework/boot/spring-boot-starter-test/2.0.2.RELEASE/spring-boot-starter-test-2.0.2.RELEASE.jar:/home/dani/.m2/repository/com/jayway/jsonpath/json-path/2.4.0/json-path-2.4.0.jar:/home/dani/.m2/repository/org/springframework/boot/spring-boot-starter-jdbc/2.0.2.RELEASE/spring-boot-starter-jdbc-2.0.2.RELEASE.jar:/home/dani/.m2/repository/com/zaxxer/HikariCP/2.7.9/HikariCP-2.7.9.jar:/home/dani/.m2/repository/org/springframework/data/spring-data-commons/2.0.7.RELEASE/spring-data-commons-2.0.7.RELEASE.jar:/home/dani/.m2/repository/org/springframework/boot/spring-boot-starter-web/2.0.2.RELEASE/spring-boot-starter-web-2.0.2.RELEASE.jar:/home/dani/.m2/repository/org/springframework/boot/spring-boot-starter-json/2.0.2.RELEASE/spring-boot-starter-json-2.0.2.RELEASE.jar:/home/dani/.m2/repository/org/springframework/boot/spring-boot-starter-aop/2.0.2.RELEASE/spring-boot-starter-aop-2.0.2.RELEASE.jar:/home/dani/.m2/repository/org/springframework/boot/spring-boot-starter/2.0.2.RELEASE/spring-boot-starter-2.0.2.RELEASE.jar:/home/dani/.m2/repository/org/springframework/boot/spring-boot-starter-logging/2.0.2.RELEASE/spring-boot-starter-logging-2.0.2.RELEASE.jar:/home/dani/.m2/repository/ch/qos/logback/logback-classic/1.2.3/logback-classic-1.2.3.jar:/home/dani/.m2/repository/org/apache/logging/log4j/log4j-to-slf4j/2.10.0/log4j-to-slf4j-2.10.0.jar:/home/dani/.m2/repository/org/slf4j/jul-to-slf4j/1.7.25/jul-to-slf4j-1.7.25.jar:/home/dani/.m2/repository/org/slf4j/slf4j-api/1.7.22/slf4j-api-1.7.22.jar:/home/dani/.m2/repository/org/apache/commons/commons-lang3/3.7/commons-lang3-3.7.jar:/home/dani/.gradle/caches/modules-2/files-2.1/org.springframework.boot/spring-boot-starter-jetty/2.0.2.RELEASE/33aef7a1b3d8a57722d64aef20f54b142a97a9cb/spring-boot-starter-jetty-2.0.2.RELEASE.jar:/home/dani/.m2/repository/com/h2database/h2/1.4.196/h2-1.4.196.jar:/home/dani/.m2/repository/junit/junit/4.12/junit-4.12.jar:/home/dani/.m2/repository/org/hibernate/validator/hibernate-validator/6.0.9.Final/hibernate-validator-6.0.9.Final.jar:/home/dani/.m2/repository/org/springframework/spring-webmvc/5.0.6.RELEASE/spring-webmvc-5.0.6.RELEASE.jar:/home/dani/.m2/repository/org/springframework/spring-web/5.0.6.RELEASE/spring-web-5.0.6.RELEASE.jar:/home/dani/.gradle/caches/modules-2/files-2.1/org.eclipse.jetty/jetty-servlets/9.4.10.v20180503/17d50ade11f4e577bc7b652df959363676551622/jetty-servlets-9.4.10.v20180503.jar:/home/dani/.gradle/caches/modules-2/files-2.1/org.eclipse.jetty.websocket/javax-websocket-server-impl/9.4.10.v20180503/16363433df6d96bd36861be3fb71ce0ca5ec831b/javax-websocket-server-impl-9.4.10.v20180503.jar:/home/dani/.gradle/caches/modules-2/files-2.1/org.eclipse.jetty/jetty-annotations/9.4.10.v20180503/a716336e7fa881f39e1c1ac8f4d79efe811efb15/jetty-annotations-9.4.10.v20180503.jar:/home/dani/.gradle/caches/modules-2/files-2.1/org.eclipse.jetty/jetty-plus/9.4.10.v20180503/623b9e11c13c993e400ad6e3a6414c6944d0fc6f/jetty-plus-9.4.10.v20180503.jar:/home/dani/.gradle/caches/modules-2/files-2.1/org.eclipse.jetty/jetty-webapp/9.4.10.v20180503/75339e0d025dfe2ba6d03ad967c285dba78f0fff/jetty-webapp-9.4.10.v20180503.jar:/home/dani/.gradle/caches/modules-2/files-2.1/org.eclipse.jetty.websocket/websocket-server/9.4.10.v20180503/82d97fe79d28dd04ec1a0a6d3faf6ea97c9a18d6/websocket-server-9.4.10.v20180503.jar:/home/dani/.gradle/caches/modules-2/files-2.1/org.mortbay.jasper/apache-el/8.5.24.2/cd26aaf6c7ee59af58f0e8c12bfda318bf474c49/apache-el-8.5.24.2.jar:/home/dani/.m2/repository/org/hibernate/hibernate-core/5.2.17.Final/hibernate-core-5.2.17.Final.jar:/home/dani/.m2/repository/javax/transaction/javax.transaction-api/1.2/javax.transaction-api-1.2.jar:/home/dani/.m2/repository/org/springframework/spring-aspects/5.0.6.RELEASE/spring-aspects-5.0.6.RELEASE.jar:/home/dani/.m2/repository/org/hamcrest/hamcrest-library/1.3/hamcrest-library-1.3.jar:/home/dani/.m2/repository/org/hamcrest/hamcrest-core/1.3/hamcrest-core-1.3.jar:/home/dani/.gradle/caches/modules-2/files-2.1/org.jetbrains.kotlin/kotlin-stdlib-jre8/1.2.41/7b389de81710eb609752953f38ad6e7de2927292/kotlin-stdlib-jre8-1.2.41.jar:/home/dani/.gradle/caches/modules-2/files-2.1/org.jetbrains.kotlin/kotlin-reflect/1.2.41/e4d6728a4fa55dbfb510aeea25c072c7c51d94/kotlin-reflect-1.2.41.jar:/home/dani/.gradle/caches/modules-2/files-2.1/org.codehaus.groovy/groovy-all/2.4.15/5f71e0843ea6c949920f3219c6c961a3895e53c4/groovy-all-2.4.15-indy.jar:/home/dani/.gradle/caches/modules-2/files-2.1/org.scala-lang/scala-compiler/2.12.3/b6b9ca202fc8405260d30e703b9790e91c75cd85/scala-compiler-2.12.3.jar:/home/dani/.gradle/caches/modules-2/files-2.1/org.scala-lang/scala-reflect/2.12.3/a017f8f606e5f433df4f8d5efc20ce39c2fe8330/scala-reflect-2.12.3.jar:/home/dani/.gradle/caches/modules-2/files-2.1/org.scala-lang.modules/scala-xml_2.12/1.0.6/e22de3366a698a9f744106fb6dda4335838cf6a7/scala-xml_2.12-1.0.6.jar:/home/dani/.gradle/caches/modules-2/files-2.1/org.scala-lang.modules/scala-java8-compat_2.12/0.8.0/1e6f1e745bf6d3c34d1e2ab150653306069aaf34/scala-java8-compat_2.12-0.8.0.jar:/home/dani/.gradle/caches/modules-2/files-2.1/org.scala-lang/scala-library/2.12.3/f2e496f21af2d80b48e0a61773f84c3a76a0d06f/scala-library-2.12.3.jar:/home/dani/.gradle/caches/modules-2/files-2.1/org.eclipse.jetty.websocket/websocket-servlet/9.4.10.v20180503/505312220d114371226ad4f9cff4822cb27aee26/websocket-servlet-9.4.10.v20180503.jar:/home/dani/.gradle/caches/modules-2/files-2.1/org.eclipse.jetty/jetty-servlet/9.4.10.v20180503/27bbddebf894a080c2b281243ea33dde7b00731c/jetty-servlet-9.4.10.v20180503.jar:/home/dani/.gradle/caches/modules-2/files-2.1/org.eclipse.jetty/jetty-security/9.4.10.v20180503/a9893a12f1a4c47a50edc676cc822e72fc7abbab/jetty-security-9.4.10.v20180503.jar:/home/dani/.gradle/caches/modules-2/files-2.1/org.eclipse.jetty/jetty-server/9.4.10.v20180503/e4bd086cd871e5cfb22d38caaa087f32c657afd2/jetty-server-9.4.10.v20180503.jar:/home/dani/.m2/repository/javax/servlet/javax.servlet-api/3.1.0/javax.servlet-api-3.1.0.jar:/home/dani/.gradle/caches/modules-2/files-2.1/com.fasterxml.jackson.datatype/jackson-datatype-joda/2.9.5/1bd3d90b030cd65bef68e6aa8fb01639ff2a516d/jackson-datatype-joda-2.9.5.jar:/home/dani/.m2/repository/org/springframework/boot/spring-boot-test-autoconfigure/2.0.2.RELEASE/spring-boot-test-autoconfigure-2.0.2.RELEASE.jar:/home/dani/.m2/repository/org/springframework/boot/spring-boot-test/2.0.2.RELEASE/spring-boot-test-2.0.2.RELEASE.jar:/home/dani/.m2/repository/org/assertj/assertj-core/3.9.1/assertj-core-3.9.1.jar:/home/dani/.m2/repository/org/mockito/mockito-core/2.15.0/mockito-core-2.15.0.jar:/home/dani/.m2/repository/org/skyscreamer/jsonassert/1.5.0/jsonassert-1.5.0.jar:/home/dani/.m2/repository/org/springframework/spring-test/5.0.6.RELEASE/spring-test-5.0.6.RELEASE.jar:/home/dani/.m2/repository/org/springframework/boot/spring-boot-autoconfigure/2.0.2.RELEASE/spring-boot-autoconfigure-2.0.2.RELEASE.jar:/home/dani/.m2/repository/org/springframework/boot/spring-boot/2.0.2.RELEASE/spring-boot-2.0.2.RELEASE.jar:/home/dani/.m2/repository/org/springframework/spring-context/5.0.6.RELEASE/spring-context-5.0.6.RELEASE.jar:/home/dani/.m2/repository/org/springframework/spring-aop/5.0.6.RELEASE/spring-aop-5.0.6.RELEASE.jar:/home/dani/.m2/repository/org/springframework/spring-orm/5.0.6.RELEASE/spring-orm-5.0.6.RELEASE.jar:/home/dani/.m2/repository/org/springframework/spring-jdbc/5.0.6.RELEASE/spring-jdbc-5.0.6.RELEASE.jar:/home/dani/.m2/repository/org/springframework/spring-tx/5.0.6.RELEASE/spring-tx-5.0.6.RELEASE.jar:/home/dani/.m2/repository/org/springframework/spring-beans/5.0.6.RELEASE/spring-beans-5.0.6.RELEASE.jar:/home/dani/.m2/repository/org/springframework/spring-expression/5.0.6.RELEASE/spring-expression-5.0.6.RELEASE.jar:/home/dani/.m2/repository/org/springframework/spring-core/5.0.6.RELEASE/spring-core-5.0.6.RELEASE.jar:/home/dani/.m2/repository/org/xmlunit/xmlunit-core/2.5.1/xmlunit-core-2.5.1.jar:/home/dani/.m2/repository/javax/annotation/javax.annotation-api/1.3.2/javax.annotation-api-1.3.2.jar:/home/dani/.m2/repository/org/yaml/snakeyaml/1.19/snakeyaml-1.19.jar:/home/dani/.m2/repository/com/fasterxml/jackson/datatype/jackson-datatype-jdk8/2.9.5/jackson-datatype-jdk8-2.9.5.jar:/home/dani/.m2/repository/com/fasterxml/jackson/datatype/jackson-datatype-jsr310/2.9.5/jackson-datatype-jsr310-2.9.5.jar:/home/dani/.m2/repository/com/fasterxml/jackson/module/jackson-module-parameter-names/2.9.5/jackson-module-parameter-names-2.9.5.jar:/home/dani/.gradle/caches/modules-2/files-2.1/com.amazonaws/aws-java-sdk-s3/1.11.30/c2f992675ece9a9089e13ec18fd6abe6d13e5ca0/aws-java-sdk-s3-1.11.30.jar:/home/dani/.gradle/caches/modules-2/files-2.1/com.amazonaws/aws-java-sdk-kms/1.11.30/5457daec23ed7fd408408ea45b20ac310da3c585/aws-java-sdk-kms-1.11.30.jar:/home/dani/.gradle/caches/modules-2/files-2.1/com.amazonaws/aws-java-sdk-core/1.11.30/96e646e2fc2a50a3084f43216ecc6c5d1da9864e/aws-java-sdk-core-1.11.30.jar:/home/dani/.gradle/caches/modules-2/files-2.1/com.amazonaws/jmespath-java/1.0/a2d78b923230b22f002348640c5e38bade98afaa/jmespath-java-1.0.jar:/home/dani/.m2/repository/com/fasterxml/jackson/core/jackson-databind/2.9.5/jackson-databind-2.9.5.jar:/home/dani/.m2/repository/javax/validation/validation-api/2.0.1.Final/validation-api-2.0.1.Final.jar:/home/dani/.m2/repository/org/hibernate/common/hibernate-commons-annotations/5.0.1.Final/hibernate-commons-annotations-5.0.1.Final.jar:/home/dani/.m2/repository/org/jboss/logging/jboss-logging/3.3.2.Final/jboss-logging-3.3.2.Final.jar:/home/dani/.m2/repository/com/fasterxml/classmate/1.3.4/classmate-1.3.4.jar:/home/dani/.gradle/caches/modules-2/files-2.1/org.eclipse.jetty/jetty-continuation/9.4.10.v20180503/194775a009d10e7319614177fbd9e7f5943df76b/jetty-continuation-9.4.10.v20180503.jar:/home/dani/.gradle/caches/modules-2/files-2.1/org.eclipse.jetty.websocket/javax-websocket-client-impl/9.4.10.v20180503/d07a5a2e7bf45951252122bb49e54db8c4452290/javax-websocket-client-impl-9.4.10.v20180503.jar:/home/dani/.gradle/caches/modules-2/files-2.1/org.eclipse.jetty.websocket/websocket-client/9.4.10.v20180503/8d1d23ba8967b89068a103598164357d262d2df/websocket-client-9.4.10.v20180503.jar:/home/dani/.gradle/caches/modules-2/files-2.1/org.eclipse.jetty/jetty-client/9.4.10.v20180503/61e9f85674b1c9a02f57c8ebb6a67f7694f99c8d/jetty-client-9.4.10.v20180503.jar:/home/dani/.gradle/caches/modules-2/files-2.1/org.eclipse.jetty/jetty-http/9.4.10.v20180503/4f6126ef8e35b1dccff350b8615132e216514d96/jetty-http-9.4.10.v20180503.jar:/home/dani/.gradle/caches/modules-2/files-2.1/org.eclipse.jetty.websocket/websocket-common/9.4.10.v20180503/e1b98c787e5a54e7704a461b48456cb829c3bef/websocket-common-9.4.10.v20180503.jar:/home/dani/.gradle/caches/modules-2/files-2.1/org.eclipse.jetty/jetty-io/9.4.10.v20180503/b83679b5b91e8b8d739fa5449aa855277015b9e7/jetty-io-9.4.10.v20180503.jar:/home/dani/.gradle/caches/modules-2/files-2.1/org.eclipse.jetty/jetty-xml/9.4.10.v20180503/169aa1fa1c12c1a99fa2e595a19ed35942cdef40/jetty-xml-9.4.10.v20180503.jar:/home/dani/.gradle/caches/modules-2/files-2.1/org.eclipse.jetty/jetty-util/9.4.10.v20180503/fd39d85f0af362d1202cb323e3e10788beaf894/jetty-util-9.4.10.v20180503.jar:/home/dani/.m2/repository/javax/websocket/javax.websocket-api/1.0/javax.websocket-api-1.0.jar:/home/dani/.m2/repository/org/aspectj/aspectjweaver/1.8.13/aspectjweaver-1.8.13.jar:/home/dani/.m2/repository/org/hibernate/javax/persistence/hibernate-jpa-2.1-api/1.0.0.Final/hibernate-jpa-2.1-api-1.0.0.Final.jar:/home/dani/.m2/repository/org/reflections/reflections/0.9.10/reflections-0.9.10.jar:/home/dani/.m2/repository/org/javassist/javassist/3.22.0-GA/javassist-3.22.0-GA.jar:/home/dani/.m2/repository/antlr/antlr/2.7.7/antlr-2.7.7.jar:/home/dani/.m2/repository/org/jboss/jandex/2.0.3.Final/jandex-2.0.3.Final.jar:/home/dani/.m2/repository/dom4j/dom4j/1.6.1/dom4j-1.6.1.jar:/home/dani/.gradle/caches/modules-2/files-2.1/org.jetbrains.kotlin/kotlin-stdlib-jre7/1.2.41/9e7a6f582de73d9cdc6c56ef4e23604a0ee55768/kotlin-stdlib-jre7-1.2.41.jar:/home/dani/.gradle/caches/modules-2/files-2.1/com.github.salomonbrys.kotson/kotson/2.5.0/40daf22108aa4436d46257e14cc48447cca542c3/kotson-2.5.0.jar:/home/dani/.gradle/caches/modules-2/files-2.1/org.jetbrains.kotlin/kotlin-stdlib/1.2.41/7e34f009642702250bccd9e5255866f408962a05/kotlin-stdlib-1.2.41.jar:/home/dani/.gradle/caches/modules-2/files-2.1/org.apache.httpcomponents/fluent-hc/4.5.5/1af996e860dc8e246f4aca944f76f0513d41acc0/fluent-hc-4.5.5.jar:/home/dani/.m2/repository/org/apache/httpcomponents/httpmime/4.5.5/httpmime-4.5.5.jar:/home/dani/.m2/repository/org/apache/httpcomponents/httpclient/4.5.5/httpclient-4.5.5.jar:/home/dani/.gradle/caches/modules-2/files-2.1/org.jooq/jool/0.9.11/684765137add88083b778c58a8f3c25bb6675524/jool-0.9.11.jar:/home/dani/.gradle/caches/modules-2/files-2.1/com.github.rholder/guava-retrying/2.0.0/974bc0a04a11cc4806f7c20a34703bd23c34e7f4/guava-retrying-2.0.0.jar:/home/dani/.gradle/caches/modules-2/files-2.1/javax.mail/mail/1.5.0-b01/c128515e42609622ce3f7dc0b431026d80bdb688/mail-1.5.0-b01.jar:/home/dani/.m2/repository/com/fasterxml/jackson/core/jackson-annotations/2.9.0/jackson-annotations-2.9.0.jar:/home/dani/.gradle/caches/modules-2/files-2.1/com.fasterxml.jackson.dataformat/jackson-dataformat-cbor/2.9.5/e3ceeb7bbfcc3d36a1abcc5ed9544d5298e65f39/jackson-dataformat-cbor-2.9.5.jar:/home/dani/.m2/repository/com/fasterxml/jackson/core/jackson-core/2.9.5/jackson-core-2.9.5.jar:/home/dani/.m2/repository/joda-time/joda-time/2.9.9/joda-time-2.9.9.jar:/home/dani/.m2/repository/net/minidev/json-smart/2.3/json-smart-2.3.jar:/home/dani/.m2/repository/net/bytebuddy/byte-buddy/1.7.11/byte-buddy-1.7.11.jar:/home/dani/.m2/repository/net/bytebuddy/byte-buddy-agent/1.7.11/byte-buddy-agent-1.7.11.jar:/home/dani/.m2/repository/org/objenesis/objenesis/2.6/objenesis-2.6.jar:/home/dani/.m2/repository/com/vaadin/external/google/android-json/0.0.20131108.vaadin1/android-json-0.0.20131108.vaadin1.jar:/home/dani/.m2/repository/org/springframework/spring-jcl/5.0.6.RELEASE/spring-jcl-5.0.6.RELEASE.jar:/home/dani/.gradle/caches/modules-2/files-2.1/org.eclipse.jetty.websocket/websocket-api/9.4.10.v20180503/9ce644e8b05bb5fab96c7f3ac092ec9c24af0de9/websocket-api-9.4.10.v20180503.jar:/home/dani/.gradle/caches/modules-2/files-2.1/org.ow2.asm/asm-commons/6.1.1/70a7deee986e66c015cea1c9978f9654cc667020/asm-commons-6.1.1.jar:/home/dani/.m2/repository/net/minidev/accessors-smart/1.2/accessors-smart-1.2.jar:/home/dani/.gradle/caches/modules-2/files-2.1/org.ow2.asm/asm-analysis/6.1.1/376d85732456ec4d2c4bc020ee152061c61f00b5/asm-analysis-6.1.1.jar:/home/dani/.gradle/caches/modules-2/files-2.1/org.ow2.asm/asm-tree/6.1.1/19fdc358e7bd3986b9867de508ce6cefa693dda6/asm-tree-6.1.1.jar:/home/dani/.gradle/caches/modules-2/files-2.1/org.ow2.asm/asm/6.1.1/264754515362d92acd39e8d40395f6b8dee7bc08/asm-6.1.1.jar:/home/dani/.m2/repository/org/jetbrains/annotations/13.0/annotations-13.0.jar:/home/dani/.m2/repository/commons-io/commons-io/2.5/commons-io-2.5.jar:/home/dani/.gradle/caches/modules-2/files-2.1/org.fusesource.jansi/jansi/1.16/b1aaf0028852164ab6b4057192ccd0ba7dedd3a5/jansi-1.16.jar:/home/dani/.m2/repository/commons-logging/commons-logging/1.2/commons-logging-1.2.jar:/home/dani/.m2/repository/org/apache/httpcomponents/httpcore/4.4.9/httpcore-4.4.9.jar:/home/dani/.gradle/caches/modules-2/files-2.1/commons-codec/commons-codec/1.11/3acb4705652e16236558f0f4f2192cc33c3bd189/commons-codec-1.11.jar:/home/dani/.gradle/caches/modules-2/files-2.1/com.google.guava/guava/25.1-jre/6c57e4b22b44e89e548b5c9f70f0c45fe10fb0b4/guava-25.1-jre.jar:/home/dani/.gradle/caches/modules-2/files-2.1/com.google.code.findbugs/jsr305/3.0.2/25ea2e8b0c338a877313bd4672d3fe056ea78f0d/jsr305-3.0.2.jar:/home/dani/.m2/repository/javax/activation/activation/1.1/activation-1.1.jar:/home/dani/.m2/repository/ch/qos/logback/logback-core/1.2.3/logback-core-1.2.3.jar:/home/dani/.m2/repository/org/apache/logging/log4j/log4j-api/2.10.0/log4j-api-2.10.0.jar:/home/dani/.gradle/caches/modules-2/files-2.1/org.json/json/20160212/a742e3f85161835b95877478c5dd5b405cefaab9/json-20160212.jar:/home/dani/.gradle/caches/modules-2/files-2.1/io.netty/netty-handler/4.1.24.Final/bad56e7da211c5ebe031ae155cb648b1065c7bb6/netty-handler-4.1.24.Final.jar:/home/dani/.gradle/caches/modules-2/files-2.1/com.github.zafarkhaja/java-semver/0.9.0/59a83ca73c72a5e25b3f0b1bb305230a11000329/java-semver-0.9.0.jar:/home/dani/.gradle/caches/modules-2/files-2.1/com.google.code.gson/gson/2.8.4/d0de1ca9b69e69d1d497ee3c6009d015f64dad57/gson-2.8.4.jar:/home/dani/.m2/repository/org/apache/commons/commons-collections4/4.1/commons-collections4-4.1.jar:/home/dani/.gradle/caches/modules-2/files-2.1/com.github.mifmif/generex/1.0.1/d8b3573e6d59f0a61dfc37f85dd568ad3bf49e83/generex-1.0.1.jar:/home/dani/.gradle/caches/modules-2/files-2.1/io.gatling/jsonpath_2.12/0.6.9/a95b4587535e269fc5c95dea247c33e4c803d152/jsonpath_2.12-0.6.9.jar:/home/dani/.gradle/caches/modules-2/files-2.1/com.googlecode.java-diff-utils/diffutils/1.3.0/7e060dd5b19431e6d198e91ff670644372f60fbd/diffutils-1.3.0.jar:/home/dani/.m2/repository/com/google/code/findbugs/annotations/2.0.1/annotations-2.0.1.jar:/home/dani/.gradle/caches/modules-2/files-2.1/io.netty/netty-codec/4.1.24.Final/290857e5103956bbda11836e33245f2439226b77/netty-codec-4.1.24.Final.jar:/home/dani/.gradle/caches/modules-2/files-2.1/io.netty/netty-transport/4.1.24.Final/d37292c94d3a4cba48d9b6cfb6e8e55282035d0d/netty-transport-4.1.24.Final.jar:/home/dani/.gradle/caches/modules-2/files-2.1/io.netty/netty-buffer/4.1.24.Final/e354bed2e60b568307138e403f55ba241c1c16d2/netty-buffer-4.1.24.Final.jar:/home/dani/.m2/repository/dk/brics/automaton/automaton/1.11-8/automaton-1.11-8.jar:/home/dani/.gradle/caches/modules-2/files-2.1/org.scala-lang.modules/scala-parser-combinators_2.12/1.0.5/3c1c5475ece77c41e18dd971f8f818c091e4961c/scala-parser-combinators_2.12-1.0.5.jar:/home/dani/.gradle/caches/modules-2/files-2.1/io.netty/netty-resolver/4.1.24.Final/dbc1e5b50d31aed883ea3beeb6489e1977d0687f/netty-resolver-4.1.24.Final.jar:/home/dani/.gradle/caches/modules-2/files-2.1/io.netty/netty-common/4.1.24.Final/7eeecd7906543214c3c1c984d275d3c6de10b99d/netty-common-4.1.24.Final.jar:/home/dani/.gradle/caches/modules-2/files-2.1/org.checkerframework/checker-qual/2.0.0/518929596ee3249127502a8573b2e008e2d51ed3/checker-qual-2.0.0.jar:/home/dani/.gradle/caches/modules-2/files-2.1/com.google.errorprone/error_prone_annotations/2.1.3/39b109f2cd352b2d71b52a3b5a1a9850e1dc304b/error_prone_annotations-2.1.3.jar:/home/dani/.m2/repository/com/google/j2objc/j2objc-annotations/1.1/j2objc-annotations-1.1.jar:/home/dani/.m2/repository/org/codehaus/mojo/animal-sniffer-annotations/1.14/animal-sniffer-annotations-1.14.jar, user.name=dani, java.vm.specification.version=1.8, sun.java.command=worker.org.gradle.process.internal.worker.GradleWorkerMain 'Gradle Test Executor 5', java.home=/usr/lib/jvm/java-8-oracle/jre, sun.arch.data.model=64, user.language=es, java.specification.vendor=Oracle Corporation, awt.toolkit=sun.awt.X11.XToolkit, java.vm.info=mixed mode, java.version=1.8.0_151, java.ext.dirs=/usr/lib/jvm/java-8-oracle/jre/lib/ext:/usr/java/packages/lib/ext, sun.boot.class.path=/usr/lib/jvm/java-8-oracle/jre/lib/resources.jar:/usr/lib/jvm/java-8-oracle/jre/lib/rt.jar:/usr/lib/jvm/java-8-oracle/jre/lib/sunrsasign.jar:/usr/lib/jvm/java-8-oracle/jre/lib/jsse.jar:/usr/lib/jvm/java-8-oracle/jre/lib/jce.jar:/usr/lib/jvm/java-8-oracle/jre/lib/charsets.jar:/usr/lib/jvm/java-8-oracle/jre/lib/jfr.jar:/usr/lib/jvm/java-8-oracle/jre/classes, java.vendor=Oracle Corporation, org.gradle.test.worker=5, file.separator=/, java.vendor.url.bug=http://bugreport.sun.com/bugreport/, sun.io.unicode.encoding=UnicodeLittle, sun.cpu.endian=little, sun.desktop=gnome, sun.cpu.isalist=}}, SystemEnvironmentPropertySource@375153165 {name='systemEnvironment', properties={PATH=/home/dani/googlecloud/google-cloud-sdk/bin:/usr/local/heroku/bin:/home/dani/apache-maven-3.3.9/bin:/home/dani/activator-dist-1.3.12/bin:/home/dani/bin:/usr/local/ant/apache-ant-1.8.2/bin:/home/dani/bin:/usr/local/sbin:/usr/local/bin:/usr/sbin:/usr/bin:/sbin:/bin:/usr/games:/usr/local/games, XAUTHORITY=/home/dani/.Xauthority, XDG_DATA_DIRS=/usr/share/cinnamon:/usr/share/gnome:/usr/local/share/:/usr/share/:/usr/share/mdm/, GDMSESSION=cinnamon, MANDATORY_PATH=/usr/share/gconf/cinnamon.mandatory.path, TEXTDOMAINDIR=/usr/share/locale/, DBUS_SESSION_BUS_ADDRESS=unix:abstract=/tmp/dbus-UfxzjoCL0B,guid=5f424194bed68f07a394e8de5b1e134b, DEFAULTS_PATH=/usr/share/gconf/cinnamon.default.path, XDG_CURRENT_DESKTOP=X-Cinnamon, SSH_AGENT_PID=3811, CLUTTER_BACKEND=x11, COLORTERM=gnome-terminal, SESSION_MANAGER=local/dani-Latitude-E5550:@/tmp/.ICE-unix/3668,unix/dani-Latitude-E5550:/tmp/.ICE-unix/3668, USERNAME=dani, LOGNAME=dani, PWD=/home/dani/workspace/pact-code-examples-master/pact/pact-spring-provider, WINDOWID=73400327, GJS_DEBUG_TOPICS=JS ERROR;JS LOG, LESSOPEN=| /usr/bin/lesspipe %s, SHELL=/bin/bash, OLDPWD=/home/dani/workspace/pact-code-examples-master/pact/pact-spring-provider, GNOME_DESKTOP_SESSION_ID=this-is-deprecated, TEXTDOMAIN=im-config, XDG_SESSION_COOKIE=ac5ab0b0bad1d6c553249252561cc977-1528697674.642857-1173431536, MDMSESSION=cinnamon, LS_COLORS=rs=0:di=01;34:ln=01;36:mh=00:pi=40;33:so=01;35:do=01;35:bd=40;33;01:cd=40;33;01:or=40;31;01:su=37;41:sg=30;43:ca=30;41:tw=30;42:ow=34;42:st=37;44:ex=01;32:*.tar=01;31:*.tgz=01;31:*.arj=01;31:*.taz=01;31:*.lzh=01;31:*.lzma=01;31:*.tlz=01;31:*.txz=01;31:*.zip=01;31:*.z=01;31:*.Z=01;31:*.dz=01;31:*.gz=01;31:*.lz=01;31:*.xz=01;31:*.bz2=01;31:*.bz=01;31:*.tbz=01;31:*.tbz2=01;31:*.tz=01;31:*.deb=01;31:*.rpm=01;31:*.jar=01;31:*.war=01;31:*.ear=01;31:*.sar=01;31:*.rar=01;31:*.ace=01;31:*.zoo=01;31:*.cpio=01;31:*.7z=01;31:*.rz=01;31:*.jpg=01;35:*.jpeg=01;35:*.gif=01;35:*.bmp=01;35:*.pbm=01;35:*.pgm=01;35:*.ppm=01;35:*.tga=01;35:*.xbm=01;35:*.xpm=01;35:*.tif=01;35:*.tiff=01;35:*.png=01;35:*.svg=01;35:*.svgz=01;35:*.mng=01;35:*.pcx=01;35:*.mov=01;35:*.mpg=01;35:*.mpeg=01;35:*.m2v=01;35:*.mkv=01;35:*.webm=01;35:*.ogm=01;35:*.mp4=01;35:*.m4v=01;35:*.mp4v=01;35:*.vob=01;35:*.qt=01;35:*.nuv=01;35:*.wmv=01;35:*.asf=01;35:*.rm=01;35:*.rmvb=01;35:*.flc=01;35:*.avi=01;35:*.fli=01;35:*.flv=01;35:*.gl=01;35:*.dl=01;35:*.xcf=01;35:*.xwd=01;35:*.yuv=01;35:*.cgm=01;35:*.emf=01;35:*.axv=01;35:*.anx=01;35:*.ogv=01;35:*.ogx=01;35:*.aac=00;36:*.au=00;36:*.flac=00;36:*.mid=00;36:*.midi=00;36:*.mka=00;36:*.mp3=00;36:*.mpc=00;36:*.ogg=00;36:*.ra=00;36:*.wav=00;36:*.axa=00;36:*.oga=00;36:*.spx=00;36:*.xspf=00;36:, XDG_SESSION_DESKTOP=cinnamon, SHLVL=1, LESSCLOSE=/usr/bin/lesspipe %s %s, COMP_WORDBREAKS= 	
"'><;|&(:, TERM=xterm, XFILESEARCHPATH=/usr/dt/app-defaults/%L/Dt, XDG_CONFIG_DIRS=/etc/xdg/xdg-cinnamon:/etc/xdg, LANG=es_ES.UTF-8, GNOME_KEYRING_CONTROL=/run/user/1000/keyring-SzkwlR, XDG_SESSION_ID=c4, DISPLAY=:0, MDM_LANG=es_ES.UTF-8, CINNAMON_VERSION=2.6.13, _=./gradlew, GDM_XSERVER_LOCATION=local, GPG_AGENT_INFO=/run/user/1000/keyring-SzkwlR/gpg:0:1, DESKTOP_SESSION=cinnamon, USER=dani, VTE_VERSION=3409, WINDOWPATH=8, GJS_DEBUG_OUTPUT=stderr, MDM_XSERVER_LOCATION=local, SSH_AUTH_SOCK=/run/user/1000/keyring-SzkwlR/ssh, XDG_SEAT=seat0, NLSPATH=/usr/dt/lib/nls/msg/%L/%N.cat, XDG_VTNR=8, XDG_RUNTIME_DIR=/run/user/1000, HOME=/home/dani, GNOME_KEYRING_PID=3658}}]
09:34:59.936 [Test worker] DEBUG org.springframework.core.io.support.PathMatchingResourcePatternResolver - Resolved classpath location [io/reflectoring/] to resources [URL [file:/home/dani/workspace/pact-code-examples-master/pact/pact-spring-provider/build/classes/java/test/io/reflectoring/], URL [file:/home/dani/workspace/pact-code-examples-master/pact/pact-spring-provider/build/classes/java/main/io/reflectoring/]]
09:34:59.937 [Test worker] DEBUG org.springframework.core.io.support.PathMatchingResourcePatternResolver - Looking for matching resources in directory tree [/home/dani/workspace/pact-code-examples-master/pact/pact-spring-provider/build/classes/java/test/io/reflectoring]
09:34:59.937 [Test worker] DEBUG org.springframework.core.io.support.PathMatchingResourcePatternResolver - Searching directory [/home/dani/workspace/pact-code-examples-master/pact/pact-spring-provider/build/classes/java/test/io/reflectoring] for files matching pattern [/home/dani/workspace/pact-code-examples-master/pact/pact-spring-provider/build/classes/java/test/io/reflectoring/*.class]
09:34:59.940 [Test worker] DEBUG org.springframework.core.io.support.PathMatchingResourcePatternResolver - Looking for matching resources in directory tree [/home/dani/workspace/pact-code-examples-master/pact/pact-spring-provider/build/classes/java/main/io/reflectoring]
09:34:59.940 [Test worker] DEBUG org.springframework.core.io.support.PathMatchingResourcePatternResolver - Searching directory [/home/dani/workspace/pact-code-examples-master/pact/pact-spring-provider/build/classes/java/main/io/reflectoring] for files matching pattern [/home/dani/workspace/pact-code-examples-master/pact/pact-spring-provider/build/classes/java/main/io/reflectoring/*.class]
09:34:59.941 [Test worker] DEBUG org.springframework.core.io.support.PathMatchingResourcePatternResolver - Resolved location pattern [classpath*:io/reflectoring/*.class] to resources [file [/home/dani/workspace/pact-code-examples-master/pact/pact-spring-provider/build/classes/java/test/io/reflectoring/UserControllerProviderTest.class], file [/home/dani/workspace/pact-code-examples-master/pact/pact-spring-provider/build/classes/java/main/io/reflectoring/DemoApplication.class], file [/home/dani/workspace/pact-code-examples-master/pact/pact-spring-provider/build/classes/java/main/io/reflectoring/IdObject.class], file [/home/dani/workspace/pact-code-examples-master/pact/pact-spring-provider/build/classes/java/main/io/reflectoring/User.class], file [/home/dani/workspace/pact-code-examples-master/pact/pact-spring-provider/build/classes/java/main/io/reflectoring/UserController.class], file [/home/dani/workspace/pact-code-examples-master/pact/pact-spring-provider/build/classes/java/main/io/reflectoring/UserRepository.class]]
09:35:00.013 [Test worker] DEBUG org.springframework.context.annotation.ClassPathScanningCandidateComponentProvider - Identified candidate component class: file [/home/dani/workspace/pact-code-examples-master/pact/pact-spring-provider/build/classes/java/main/io/reflectoring/DemoApplication.class]
09:35:00.036 [Test worker] INFO org.springframework.boot.test.context.SpringBootTestContextBootstrapper - Found @SpringBootConfiguration io.reflectoring.DemoApplication for test class io.reflectoring.UserControllerProviderTest
09:35:00.109 [Finalizer] DEBUG org.apache.http.impl.conn.PoolingHttpClientConnectionManager - Connection manager is shutting down
09:35:00.109 [Finalizer] DEBUG org.apache.http.impl.conn.DefaultManagedHttpClientConnection - http-outgoing-1: Close connection
09:35:00.109 [Finalizer] DEBUG org.apache.http.impl.conn.PoolingHttpClientConnectionManager - Connection manager shut down
09:35:00.229 [Test worker] DEBUG org.springframework.boot.test.context.SpringBootTestContextBootstrapper - @TestExecutionListeners is not present for class [io.reflectoring.UserControllerProviderTest]: using defaults.
09:35:00.230 [Test worker] INFO org.springframework.boot.test.context.SpringBootTestContextBootstrapper - Loaded default TestExecutionListener class names from location [META-INF/spring.factories]: [org.springframework.boot.test.autoconfigure.restdocs.RestDocsTestExecutionListener, org.springframework.boot.test.autoconfigure.web.client.MockRestServiceServerResetTestExecutionListener, org.springframework.boot.test.autoconfigure.web.servlet.MockMvcPrintOnlyOnFailureTestExecutionListener, org.springframework.boot.test.autoconfigure.web.servlet.WebDriverTestExecutionListener, org.springframework.boot.test.mock.mockito.MockitoTestExecutionListener, org.springframework.boot.test.mock.mockito.ResetMocksTestExecutionListener, org.springframework.test.context.web.ServletTestExecutionListener, org.springframework.test.context.support.DirtiesContextBeforeModesTestExecutionListener, org.springframework.test.context.support.DependencyInjectionTestExecutionListener, org.springframework.test.context.support.DirtiesContextTestExecutionListener, org.springframework.test.context.transaction.TransactionalTestExecutionListener, org.springframework.test.context.jdbc.SqlScriptsTestExecutionListener]
09:35:00.256 [Test worker] INFO org.springframework.boot.test.context.SpringBootTestContextBootstrapper - Using TestExecutionListeners: [org.springframework.test.context.web.ServletTestExecutionListener@3113c19e, org.springframework.test.context.support.DirtiesContextBeforeModesTestExecutionListener@3d9c368f, org.springframework.boot.test.mock.mockito.MockitoTestExecutionListener@20dbb6a0, org.springframework.boot.test.autoconfigure.SpringBootDependencyInjectionTestExecutionListener@7342e468, org.springframework.test.context.support.DirtiesContextTestExecutionListener@5cf2c4af, org.springframework.test.context.transaction.TransactionalTestExecutionListener@86b9f0, org.springframework.test.context.jdbc.SqlScriptsTestExecutionListener@7d9571f6, org.springframework.boot.test.autoconfigure.restdocs.RestDocsTestExecutionListener@1990ab88, org.springframework.boot.test.autoconfigure.web.client.MockRestServiceServerResetTestExecutionListener@530dd3a9, org.springframework.boot.test.autoconfigure.web.servlet.MockMvcPrintOnlyOnFailureTestExecutionListener@66f1b901, org.springframework.boot.test.autoconfigure.web.servlet.WebDriverTestExecutionListener@30bd6ee8, org.springframework.boot.test.mock.mockito.ResetMocksTestExecutionListener@2c6d4f9c]
09:35:00.315 [Test worker] DEBUG org.springframework.test.context.support.AbstractDirtiesContextTestExecutionListener - Before test class: context [DefaultTestContext@777200ff testClass = UserControllerProviderTest, testInstance = [null], testMethod = [null], testException = [null], mergedContextConfiguration = [WebMergedContextConfiguration@1923c744 testClass = UserControllerProviderTest, locations = '{}', classes = '{class io.reflectoring.DemoApplication}', contextInitializerClasses = '[]', activeProfiles = '{}', propertySourceLocations = '{}', propertySourceProperties = '{server.port=8081, org.springframework.boot.test.context.SpringBootTestContextBootstrapper=true}', contextCustomizers = set[org.springframework.boot.test.autoconfigure.properties.PropertyMappingContextCustomizer@0, org.springframework.boot.test.autoconfigure.web.servlet.WebDriverContextCustomizerFactory$Customizer@7ee98ca2, org.springframework.boot.test.context.filter.ExcludeFilterContextCustomizer@1176d734, org.springframework.boot.test.json.DuplicateJsonObjectContextCustomizerFactory$DuplicateJsonObjectContextCustomizer@3e637d1e, org.springframework.boot.test.mock.mockito.MockitoContextCustomizer@ef81b266, org.springframework.boot.test.web.client.TestRestTemplateContextCustomizer@30a89aae], resourceBasePath = 'src/main/webapp', contextLoader = 'org.springframework.boot.test.context.SpringBootContextLoader', parent = [null]], attributes = map['org.springframework.test.context.web.ServletTestExecutionListener.activateListener' -> false]], class annotated with @DirtiesContext [false] with mode [null].
09:35:00.357 [Test worker] DEBUG org.springframework.core.env.StandardEnvironment - Adding PropertySource 'systemProperties' with lowest search precedence
09:35:00.357 [Test worker] DEBUG org.springframework.core.env.StandardEnvironment - Adding PropertySource 'systemEnvironment' with lowest search precedence
09:35:00.358 [Test worker] DEBUG org.springframework.core.env.StandardEnvironment - Initialized StandardEnvironment with PropertySources [MapPropertySource@989449278 {name='systemProperties', properties={java.runtime.name=Java(TM) SE Runtime Environment, sun.boot.library.path=/usr/lib/jvm/java-8-oracle/jre/lib/amd64, java.vm.version=25.151-b12, java.vm.vendor=Oracle Corporation, java.vendor.url=http://java.oracle.com/, path.separator=:, java.vm.name=Java HotSpot(TM) 64-Bit Server VM, file.encoding.pkg=sun.io, sun.java.launcher=SUN_STANDARD, user.country=ES, sun.os.patch.level=unknown, java.vm.specification.name=Java Virtual Machine Specification, user.dir=/home/dani/workspace/pact-code-examples-master/pact/pact-spring-provider, java.runtime.version=1.8.0_151-b12, java.awt.graphicsenv=sun.awt.X11GraphicsEnvironment, java.endorsed.dirs=/usr/lib/jvm/java-8-oracle/jre/lib/endorsed, os.arch=amd64, java.io.tmpdir=/tmp, line.separator=
, java.vm.specification.vendor=Oracle Corporation, user.variant=, os.name=Linux, pact.provider.version=0.0.1, pact.verification.reports=console, sun.jnu.encoding=UTF-8, java.library.path=/usr/java/packages/lib/amd64:/usr/lib64:/lib64:/lib:/usr/lib, java.specification.name=Java Platform API Specification, java.class.version=52.0, org.gradle.native=false, sun.management.compiler=HotSpot 64-Bit Tiered Compilers, os.version=3.16.0-38-generic, user.home=/home/dani, user.timezone=Europe/Madrid, java.awt.printerjob=sun.print.PSPrinterJob, file.encoding=UTF-8, java.specification.version=1.8, java.class.path=/home/dani/workspace/pact-code-examples-master/pact/pact-spring-provider/build/classes/java/test:/home/dani/workspace/pact-code-examples-master/pact/pact-spring-provider/build/resources/test:/home/dani/workspace/pact-code-examples-master/pact/pact-spring-provider/build/classes/java/main:/home/dani/workspace/pact-code-examples-master/pact/pact-spring-provider/build/resources/main:/home/dani/.gradle/caches/modules-2/files-2.1/au.com.dius/pact-jvm-provider-spring_2.12/3.5.11/521249d22121175f45f3d629be904a400dc92fee/pact-jvm-provider-spring_2.12-3.5.11.jar:/home/dani/.m2/repository/org/springframework/boot/spring-boot-starter-data-jpa/2.0.2.RELEASE/spring-boot-starter-data-jpa-2.0.2.RELEASE.jar:/home/dani/.m2/repository/org/springframework/data/spring-data-jpa/2.0.7.RELEASE/spring-data-jpa-2.0.7.RELEASE.jar:/home/dani/.gradle/caches/modules-2/files-2.1/au.com.dius/pact-jvm-provider-junit_2.12/3.5.11/f15c717d5d008e285e9c67c433e7c5c216ef3a2e/pact-jvm-provider-junit_2.12-3.5.11.jar:/home/dani/.gradle/caches/modules-2/files-2.1/au.com.dius/pact-jvm-provider_2.12/3.5.11/7dc1401fb038d3f82fc12fdb85d057cc0b59b3bd/pact-jvm-provider_2.12-3.5.11.jar:/home/dani/.gradle/caches/modules-2/files-2.1/au.com.dius/pact-jvm-matchers_2.12/3.5.11/be27448166d4660a7a1340909ef58c1fa53196c7/pact-jvm-matchers_2.12-3.5.11.jar:/home/dani/.gradle/caches/modules-2/files-2.1/au.com.dius/pact-jvm-model/3.5.11/2951d6e4cccecb154827a060f23a7898d51820fc/pact-jvm-model-3.5.11.jar:/home/dani/.gradle/caches/modules-2/files-2.1/au.com.dius/pact-jvm-pact-broker/3.5.11/facdf5d6c60959e8d158ef6b966c9d7fd08f16f9/pact-jvm-pact-broker-3.5.11.jar:/home/dani/.gradle/caches/modules-2/files-2.1/io.github.microutils/kotlin-logging/1.4.4/b99f59fa242e55dbf5b6984fd7b4db73ef0850ae/kotlin-logging-1.4.4.jar:/home/dani/.gradle/caches/modules-2/files-2.1/com.typesafe.scala-logging/scala-logging_2.12/3.7.2/a1dc97509765287faa4747f7cb411f0b85dc9a34/scala-logging_2.12-3.7.2.jar:/home/dani/.m2/repository/org/springframework/boot/spring-boot-starter-test/2.0.2.RELEASE/spring-boot-starter-test-2.0.2.RELEASE.jar:/home/dani/.m2/repository/com/jayway/jsonpath/json-path/2.4.0/json-path-2.4.0.jar:/home/dani/.m2/repository/org/springframework/boot/spring-boot-starter-jdbc/2.0.2.RELEASE/spring-boot-starter-jdbc-2.0.2.RELEASE.jar:/home/dani/.m2/repository/com/zaxxer/HikariCP/2.7.9/HikariCP-2.7.9.jar:/home/dani/.m2/repository/org/springframework/data/spring-data-commons/2.0.7.RELEASE/spring-data-commons-2.0.7.RELEASE.jar:/home/dani/.m2/repository/org/springframework/boot/spring-boot-starter-web/2.0.2.RELEASE/spring-boot-starter-web-2.0.2.RELEASE.jar:/home/dani/.m2/repository/org/springframework/boot/spring-boot-starter-json/2.0.2.RELEASE/spring-boot-starter-json-2.0.2.RELEASE.jar:/home/dani/.m2/repository/org/springframework/boot/spring-boot-starter-aop/2.0.2.RELEASE/spring-boot-starter-aop-2.0.2.RELEASE.jar:/home/dani/.m2/repository/org/springframework/boot/spring-boot-starter/2.0.2.RELEASE/spring-boot-starter-2.0.2.RELEASE.jar:/home/dani/.m2/repository/org/springframework/boot/spring-boot-starter-logging/2.0.2.RELEASE/spring-boot-starter-logging-2.0.2.RELEASE.jar:/home/dani/.m2/repository/ch/qos/logback/logback-classic/1.2.3/logback-classic-1.2.3.jar:/home/dani/.m2/repository/org/apache/logging/log4j/log4j-to-slf4j/2.10.0/log4j-to-slf4j-2.10.0.jar:/home/dani/.m2/repository/org/slf4j/jul-to-slf4j/1.7.25/jul-to-slf4j-1.7.25.jar:/home/dani/.m2/repository/org/slf4j/slf4j-api/1.7.22/slf4j-api-1.7.22.jar:/home/dani/.m2/repository/org/apache/commons/commons-lang3/3.7/commons-lang3-3.7.jar:/home/dani/.gradle/caches/modules-2/files-2.1/org.springframework.boot/spring-boot-starter-jetty/2.0.2.RELEASE/33aef7a1b3d8a57722d64aef20f54b142a97a9cb/spring-boot-starter-jetty-2.0.2.RELEASE.jar:/home/dani/.m2/repository/com/h2database/h2/1.4.196/h2-1.4.196.jar:/home/dani/.m2/repository/junit/junit/4.12/junit-4.12.jar:/home/dani/.m2/repository/org/hibernate/validator/hibernate-validator/6.0.9.Final/hibernate-validator-6.0.9.Final.jar:/home/dani/.m2/repository/org/springframework/spring-webmvc/5.0.6.RELEASE/spring-webmvc-5.0.6.RELEASE.jar:/home/dani/.m2/repository/org/springframework/spring-web/5.0.6.RELEASE/spring-web-5.0.6.RELEASE.jar:/home/dani/.gradle/caches/modules-2/files-2.1/org.eclipse.jetty/jetty-servlets/9.4.10.v20180503/17d50ade11f4e577bc7b652df959363676551622/jetty-servlets-9.4.10.v20180503.jar:/home/dani/.gradle/caches/modules-2/files-2.1/org.eclipse.jetty.websocket/javax-websocket-server-impl/9.4.10.v20180503/16363433df6d96bd36861be3fb71ce0ca5ec831b/javax-websocket-server-impl-9.4.10.v20180503.jar:/home/dani/.gradle/caches/modules-2/files-2.1/org.eclipse.jetty/jetty-annotations/9.4.10.v20180503/a716336e7fa881f39e1c1ac8f4d79efe811efb15/jetty-annotations-9.4.10.v20180503.jar:/home/dani/.gradle/caches/modules-2/files-2.1/org.eclipse.jetty/jetty-plus/9.4.10.v20180503/623b9e11c13c993e400ad6e3a6414c6944d0fc6f/jetty-plus-9.4.10.v20180503.jar:/home/dani/.gradle/caches/modules-2/files-2.1/org.eclipse.jetty/jetty-webapp/9.4.10.v20180503/75339e0d025dfe2ba6d03ad967c285dba78f0fff/jetty-webapp-9.4.10.v20180503.jar:/home/dani/.gradle/caches/modules-2/files-2.1/org.eclipse.jetty.websocket/websocket-server/9.4.10.v20180503/82d97fe79d28dd04ec1a0a6d3faf6ea97c9a18d6/websocket-server-9.4.10.v20180503.jar:/home/dani/.gradle/caches/modules-2/files-2.1/org.mortbay.jasper/apache-el/8.5.24.2/cd26aaf6c7ee59af58f0e8c12bfda318bf474c49/apache-el-8.5.24.2.jar:/home/dani/.m2/repository/org/hibernate/hibernate-core/5.2.17.Final/hibernate-core-5.2.17.Final.jar:/home/dani/.m2/repository/javax/transaction/javax.transaction-api/1.2/javax.transaction-api-1.2.jar:/home/dani/.m2/repository/org/springframework/spring-aspects/5.0.6.RELEASE/spring-aspects-5.0.6.RELEASE.jar:/home/dani/.m2/repository/org/hamcrest/hamcrest-library/1.3/hamcrest-library-1.3.jar:/home/dani/.m2/repository/org/hamcrest/hamcrest-core/1.3/hamcrest-core-1.3.jar:/home/dani/.gradle/caches/modules-2/files-2.1/org.jetbrains.kotlin/kotlin-stdlib-jre8/1.2.41/7b389de81710eb609752953f38ad6e7de2927292/kotlin-stdlib-jre8-1.2.41.jar:/home/dani/.gradle/caches/modules-2/files-2.1/org.jetbrains.kotlin/kotlin-reflect/1.2.41/e4d6728a4fa55dbfb510aeea25c072c7c51d94/kotlin-reflect-1.2.41.jar:/home/dani/.gradle/caches/modules-2/files-2.1/org.codehaus.groovy/groovy-all/2.4.15/5f71e0843ea6c949920f3219c6c961a3895e53c4/groovy-all-2.4.15-indy.jar:/home/dani/.gradle/caches/modules-2/files-2.1/org.scala-lang/scala-compiler/2.12.3/b6b9ca202fc8405260d30e703b9790e91c75cd85/scala-compiler-2.12.3.jar:/home/dani/.gradle/caches/modules-2/files-2.1/org.scala-lang/scala-reflect/2.12.3/a017f8f606e5f433df4f8d5efc20ce39c2fe8330/scala-reflect-2.12.3.jar:/home/dani/.gradle/caches/modules-2/files-2.1/org.scala-lang.modules/scala-xml_2.12/1.0.6/e22de3366a698a9f744106fb6dda4335838cf6a7/scala-xml_2.12-1.0.6.jar:/home/dani/.gradle/caches/modules-2/files-2.1/org.scala-lang.modules/scala-java8-compat_2.12/0.8.0/1e6f1e745bf6d3c34d1e2ab150653306069aaf34/scala-java8-compat_2.12-0.8.0.jar:/home/dani/.gradle/caches/modules-2/files-2.1/org.scala-lang/scala-library/2.12.3/f2e496f21af2d80b48e0a61773f84c3a76a0d06f/scala-library-2.12.3.jar:/home/dani/.gradle/caches/modules-2/files-2.1/org.eclipse.jetty.websocket/websocket-servlet/9.4.10.v20180503/505312220d114371226ad4f9cff4822cb27aee26/websocket-servlet-9.4.10.v20180503.jar:/home/dani/.gradle/caches/modules-2/files-2.1/org.eclipse.jetty/jetty-servlet/9.4.10.v20180503/27bbddebf894a080c2b281243ea33dde7b00731c/jetty-servlet-9.4.10.v20180503.jar:/home/dani/.gradle/caches/modules-2/files-2.1/org.eclipse.jetty/jetty-security/9.4.10.v20180503/a9893a12f1a4c47a50edc676cc822e72fc7abbab/jetty-security-9.4.10.v20180503.jar:/home/dani/.gradle/caches/modules-2/files-2.1/org.eclipse.jetty/jetty-server/9.4.10.v20180503/e4bd086cd871e5cfb22d38caaa087f32c657afd2/jetty-server-9.4.10.v20180503.jar:/home/dani/.m2/repository/javax/servlet/javax.servlet-api/3.1.0/javax.servlet-api-3.1.0.jar:/home/dani/.gradle/caches/modules-2/files-2.1/com.fasterxml.jackson.datatype/jackson-datatype-joda/2.9.5/1bd3d90b030cd65bef68e6aa8fb01639ff2a516d/jackson-datatype-joda-2.9.5.jar:/home/dani/.m2/repository/org/springframework/boot/spring-boot-test-autoconfigure/2.0.2.RELEASE/spring-boot-test-autoconfigure-2.0.2.RELEASE.jar:/home/dani/.m2/repository/org/springframework/boot/spring-boot-test/2.0.2.RELEASE/spring-boot-test-2.0.2.RELEASE.jar:/home/dani/.m2/repository/org/assertj/assertj-core/3.9.1/assertj-core-3.9.1.jar:/home/dani/.m2/repository/org/mockito/mockito-core/2.15.0/mockito-core-2.15.0.jar:/home/dani/.m2/repository/org/skyscreamer/jsonassert/1.5.0/jsonassert-1.5.0.jar:/home/dani/.m2/repository/org/springframework/spring-test/5.0.6.RELEASE/spring-test-5.0.6.RELEASE.jar:/home/dani/.m2/repository/org/springframework/boot/spring-boot-autoconfigure/2.0.2.RELEASE/spring-boot-autoconfigure-2.0.2.RELEASE.jar:/home/dani/.m2/repository/org/springframework/boot/spring-boot/2.0.2.RELEASE/spring-boot-2.0.2.RELEASE.jar:/home/dani/.m2/repository/org/springframework/spring-context/5.0.6.RELEASE/spring-context-5.0.6.RELEASE.jar:/home/dani/.m2/repository/org/springframework/spring-aop/5.0.6.RELEASE/spring-aop-5.0.6.RELEASE.jar:/home/dani/.m2/repository/org/springframework/spring-orm/5.0.6.RELEASE/spring-orm-5.0.6.RELEASE.jar:/home/dani/.m2/repository/org/springframework/spring-jdbc/5.0.6.RELEASE/spring-jdbc-5.0.6.RELEASE.jar:/home/dani/.m2/repository/org/springframework/spring-tx/5.0.6.RELEASE/spring-tx-5.0.6.RELEASE.jar:/home/dani/.m2/repository/org/springframework/spring-beans/5.0.6.RELEASE/spring-beans-5.0.6.RELEASE.jar:/home/dani/.m2/repository/org/springframework/spring-expression/5.0.6.RELEASE/spring-expression-5.0.6.RELEASE.jar:/home/dani/.m2/repository/org/springframework/spring-core/5.0.6.RELEASE/spring-core-5.0.6.RELEASE.jar:/home/dani/.m2/repository/org/xmlunit/xmlunit-core/2.5.1/xmlunit-core-2.5.1.jar:/home/dani/.m2/repository/javax/annotation/javax.annotation-api/1.3.2/javax.annotation-api-1.3.2.jar:/home/dani/.m2/repository/org/yaml/snakeyaml/1.19/snakeyaml-1.19.jar:/home/dani/.m2/repository/com/fasterxml/jackson/datatype/jackson-datatype-jdk8/2.9.5/jackson-datatype-jdk8-2.9.5.jar:/home/dani/.m2/repository/com/fasterxml/jackson/datatype/jackson-datatype-jsr310/2.9.5/jackson-datatype-jsr310-2.9.5.jar:/home/dani/.m2/repository/com/fasterxml/jackson/module/jackson-module-parameter-names/2.9.5/jackson-module-parameter-names-2.9.5.jar:/home/dani/.gradle/caches/modules-2/files-2.1/com.amazonaws/aws-java-sdk-s3/1.11.30/c2f992675ece9a9089e13ec18fd6abe6d13e5ca0/aws-java-sdk-s3-1.11.30.jar:/home/dani/.gradle/caches/modules-2/files-2.1/com.amazonaws/aws-java-sdk-kms/1.11.30/5457daec23ed7fd408408ea45b20ac310da3c585/aws-java-sdk-kms-1.11.30.jar:/home/dani/.gradle/caches/modules-2/files-2.1/com.amazonaws/aws-java-sdk-core/1.11.30/96e646e2fc2a50a3084f43216ecc6c5d1da9864e/aws-java-sdk-core-1.11.30.jar:/home/dani/.gradle/caches/modules-2/files-2.1/com.amazonaws/jmespath-java/1.0/a2d78b923230b22f002348640c5e38bade98afaa/jmespath-java-1.0.jar:/home/dani/.m2/repository/com/fasterxml/jackson/core/jackson-databind/2.9.5/jackson-databind-2.9.5.jar:/home/dani/.m2/repository/javax/validation/validation-api/2.0.1.Final/validation-api-2.0.1.Final.jar:/home/dani/.m2/repository/org/hibernate/common/hibernate-commons-annotations/5.0.1.Final/hibernate-commons-annotations-5.0.1.Final.jar:/home/dani/.m2/repository/org/jboss/logging/jboss-logging/3.3.2.Final/jboss-logging-3.3.2.Final.jar:/home/dani/.m2/repository/com/fasterxml/classmate/1.3.4/classmate-1.3.4.jar:/home/dani/.gradle/caches/modules-2/files-2.1/org.eclipse.jetty/jetty-continuation/9.4.10.v20180503/194775a009d10e7319614177fbd9e7f5943df76b/jetty-continuation-9.4.10.v20180503.jar:/home/dani/.gradle/caches/modules-2/files-2.1/org.eclipse.jetty.websocket/javax-websocket-client-impl/9.4.10.v20180503/d07a5a2e7bf45951252122bb49e54db8c4452290/javax-websocket-client-impl-9.4.10.v20180503.jar:/home/dani/.gradle/caches/modules-2/files-2.1/org.eclipse.jetty.websocket/websocket-client/9.4.10.v20180503/8d1d23ba8967b89068a103598164357d262d2df/websocket-client-9.4.10.v20180503.jar:/home/dani/.gradle/caches/modules-2/files-2.1/org.eclipse.jetty/jetty-client/9.4.10.v20180503/61e9f85674b1c9a02f57c8ebb6a67f7694f99c8d/jetty-client-9.4.10.v20180503.jar:/home/dani/.gradle/caches/modules-2/files-2.1/org.eclipse.jetty/jetty-http/9.4.10.v20180503/4f6126ef8e35b1dccff350b8615132e216514d96/jetty-http-9.4.10.v20180503.jar:/home/dani/.gradle/caches/modules-2/files-2.1/org.eclipse.jetty.websocket/websocket-common/9.4.10.v20180503/e1b98c787e5a54e7704a461b48456cb829c3bef/websocket-common-9.4.10.v20180503.jar:/home/dani/.gradle/caches/modules-2/files-2.1/org.eclipse.jetty/jetty-io/9.4.10.v20180503/b83679b5b91e8b8d739fa5449aa855277015b9e7/jetty-io-9.4.10.v20180503.jar:/home/dani/.gradle/caches/modules-2/files-2.1/org.eclipse.jetty/jetty-xml/9.4.10.v20180503/169aa1fa1c12c1a99fa2e595a19ed35942cdef40/jetty-xml-9.4.10.v20180503.jar:/home/dani/.gradle/caches/modules-2/files-2.1/org.eclipse.jetty/jetty-util/9.4.10.v20180503/fd39d85f0af362d1202cb323e3e10788beaf894/jetty-util-9.4.10.v20180503.jar:/home/dani/.m2/repository/javax/websocket/javax.websocket-api/1.0/javax.websocket-api-1.0.jar:/home/dani/.m2/repository/org/aspectj/aspectjweaver/1.8.13/aspectjweaver-1.8.13.jar:/home/dani/.m2/repository/org/hibernate/javax/persistence/hibernate-jpa-2.1-api/1.0.0.Final/hibernate-jpa-2.1-api-1.0.0.Final.jar:/home/dani/.m2/repository/org/reflections/reflections/0.9.10/reflections-0.9.10.jar:/home/dani/.m2/repository/org/javassist/javassist/3.22.0-GA/javassist-3.22.0-GA.jar:/home/dani/.m2/repository/antlr/antlr/2.7.7/antlr-2.7.7.jar:/home/dani/.m2/repository/org/jboss/jandex/2.0.3.Final/jandex-2.0.3.Final.jar:/home/dani/.m2/repository/dom4j/dom4j/1.6.1/dom4j-1.6.1.jar:/home/dani/.gradle/caches/modules-2/files-2.1/org.jetbrains.kotlin/kotlin-stdlib-jre7/1.2.41/9e7a6f582de73d9cdc6c56ef4e23604a0ee55768/kotlin-stdlib-jre7-1.2.41.jar:/home/dani/.gradle/caches/modules-2/files-2.1/com.github.salomonbrys.kotson/kotson/2.5.0/40daf22108aa4436d46257e14cc48447cca542c3/kotson-2.5.0.jar:/home/dani/.gradle/caches/modules-2/files-2.1/org.jetbrains.kotlin/kotlin-stdlib/1.2.41/7e34f009642702250bccd9e5255866f408962a05/kotlin-stdlib-1.2.41.jar:/home/dani/.gradle/caches/modules-2/files-2.1/org.apache.httpcomponents/fluent-hc/4.5.5/1af996e860dc8e246f4aca944f76f0513d41acc0/fluent-hc-4.5.5.jar:/home/dani/.m2/repository/org/apache/httpcomponents/httpmime/4.5.5/httpmime-4.5.5.jar:/home/dani/.m2/repository/org/apache/httpcomponents/httpclient/4.5.5/httpclient-4.5.5.jar:/home/dani/.gradle/caches/modules-2/files-2.1/org.jooq/jool/0.9.11/684765137add88083b778c58a8f3c25bb6675524/jool-0.9.11.jar:/home/dani/.gradle/caches/modules-2/files-2.1/com.github.rholder/guava-retrying/2.0.0/974bc0a04a11cc4806f7c20a34703bd23c34e7f4/guava-retrying-2.0.0.jar:/home/dani/.gradle/caches/modules-2/files-2.1/javax.mail/mail/1.5.0-b01/c128515e42609622ce3f7dc0b431026d80bdb688/mail-1.5.0-b01.jar:/home/dani/.m2/repository/com/fasterxml/jackson/core/jackson-annotations/2.9.0/jackson-annotations-2.9.0.jar:/home/dani/.gradle/caches/modules-2/files-2.1/com.fasterxml.jackson.dataformat/jackson-dataformat-cbor/2.9.5/e3ceeb7bbfcc3d36a1abcc5ed9544d5298e65f39/jackson-dataformat-cbor-2.9.5.jar:/home/dani/.m2/repository/com/fasterxml/jackson/core/jackson-core/2.9.5/jackson-core-2.9.5.jar:/home/dani/.m2/repository/joda-time/joda-time/2.9.9/joda-time-2.9.9.jar:/home/dani/.m2/repository/net/minidev/json-smart/2.3/json-smart-2.3.jar:/home/dani/.m2/repository/net/bytebuddy/byte-buddy/1.7.11/byte-buddy-1.7.11.jar:/home/dani/.m2/repository/net/bytebuddy/byte-buddy-agent/1.7.11/byte-buddy-agent-1.7.11.jar:/home/dani/.m2/repository/org/objenesis/objenesis/2.6/objenesis-2.6.jar:/home/dani/.m2/repository/com/vaadin/external/google/android-json/0.0.20131108.vaadin1/android-json-0.0.20131108.vaadin1.jar:/home/dani/.m2/repository/org/springframework/spring-jcl/5.0.6.RELEASE/spring-jcl-5.0.6.RELEASE.jar:/home/dani/.gradle/caches/modules-2/files-2.1/org.eclipse.jetty.websocket/websocket-api/9.4.10.v20180503/9ce644e8b05bb5fab96c7f3ac092ec9c24af0de9/websocket-api-9.4.10.v20180503.jar:/home/dani/.gradle/caches/modules-2/files-2.1/org.ow2.asm/asm-commons/6.1.1/70a7deee986e66c015cea1c9978f9654cc667020/asm-commons-6.1.1.jar:/home/dani/.m2/repository/net/minidev/accessors-smart/1.2/accessors-smart-1.2.jar:/home/dani/.gradle/caches/modules-2/files-2.1/org.ow2.asm/asm-analysis/6.1.1/376d85732456ec4d2c4bc020ee152061c61f00b5/asm-analysis-6.1.1.jar:/home/dani/.gradle/caches/modules-2/files-2.1/org.ow2.asm/asm-tree/6.1.1/19fdc358e7bd3986b9867de508ce6cefa693dda6/asm-tree-6.1.1.jar:/home/dani/.gradle/caches/modules-2/files-2.1/org.ow2.asm/asm/6.1.1/264754515362d92acd39e8d40395f6b8dee7bc08/asm-6.1.1.jar:/home/dani/.m2/repository/org/jetbrains/annotations/13.0/annotations-13.0.jar:/home/dani/.m2/repository/commons-io/commons-io/2.5/commons-io-2.5.jar:/home/dani/.gradle/caches/modules-2/files-2.1/org.fusesource.jansi/jansi/1.16/b1aaf0028852164ab6b4057192ccd0ba7dedd3a5/jansi-1.16.jar:/home/dani/.m2/repository/commons-logging/commons-logging/1.2/commons-logging-1.2.jar:/home/dani/.m2/repository/org/apache/httpcomponents/httpcore/4.4.9/httpcore-4.4.9.jar:/home/dani/.gradle/caches/modules-2/files-2.1/commons-codec/commons-codec/1.11/3acb4705652e16236558f0f4f2192cc33c3bd189/commons-codec-1.11.jar:/home/dani/.gradle/caches/modules-2/files-2.1/com.google.guava/guava/25.1-jre/6c57e4b22b44e89e548b5c9f70f0c45fe10fb0b4/guava-25.1-jre.jar:/home/dani/.gradle/caches/modules-2/files-2.1/com.google.code.findbugs/jsr305/3.0.2/25ea2e8b0c338a877313bd4672d3fe056ea78f0d/jsr305-3.0.2.jar:/home/dani/.m2/repository/javax/activation/activation/1.1/activation-1.1.jar:/home/dani/.m2/repository/ch/qos/logback/logback-core/1.2.3/logback-core-1.2.3.jar:/home/dani/.m2/repository/org/apache/logging/log4j/log4j-api/2.10.0/log4j-api-2.10.0.jar:/home/dani/.gradle/caches/modules-2/files-2.1/org.json/json/20160212/a742e3f85161835b95877478c5dd5b405cefaab9/json-20160212.jar:/home/dani/.gradle/caches/modules-2/files-2.1/io.netty/netty-handler/4.1.24.Final/bad56e7da211c5ebe031ae155cb648b1065c7bb6/netty-handler-4.1.24.Final.jar:/home/dani/.gradle/caches/modules-2/files-2.1/com.github.zafarkhaja/java-semver/0.9.0/59a83ca73c72a5e25b3f0b1bb305230a11000329/java-semver-0.9.0.jar:/home/dani/.gradle/caches/modules-2/files-2.1/com.google.code.gson/gson/2.8.4/d0de1ca9b69e69d1d497ee3c6009d015f64dad57/gson-2.8.4.jar:/home/dani/.m2/repository/org/apache/commons/commons-collections4/4.1/commons-collections4-4.1.jar:/home/dani/.gradle/caches/modules-2/files-2.1/com.github.mifmif/generex/1.0.1/d8b3573e6d59f0a61dfc37f85dd568ad3bf49e83/generex-1.0.1.jar:/home/dani/.gradle/caches/modules-2/files-2.1/io.gatling/jsonpath_2.12/0.6.9/a95b4587535e269fc5c95dea247c33e4c803d152/jsonpath_2.12-0.6.9.jar:/home/dani/.gradle/caches/modules-2/files-2.1/com.googlecode.java-diff-utils/diffutils/1.3.0/7e060dd5b19431e6d198e91ff670644372f60fbd/diffutils-1.3.0.jar:/home/dani/.m2/repository/com/google/code/findbugs/annotations/2.0.1/annotations-2.0.1.jar:/home/dani/.gradle/caches/modules-2/files-2.1/io.netty/netty-codec/4.1.24.Final/290857e5103956bbda11836e33245f2439226b77/netty-codec-4.1.24.Final.jar:/home/dani/.gradle/caches/modules-2/files-2.1/io.netty/netty-transport/4.1.24.Final/d37292c94d3a4cba48d9b6cfb6e8e55282035d0d/netty-transport-4.1.24.Final.jar:/home/dani/.gradle/caches/modules-2/files-2.1/io.netty/netty-buffer/4.1.24.Final/e354bed2e60b568307138e403f55ba241c1c16d2/netty-buffer-4.1.24.Final.jar:/home/dani/.m2/repository/dk/brics/automaton/automaton/1.11-8/automaton-1.11-8.jar:/home/dani/.gradle/caches/modules-2/files-2.1/org.scala-lang.modules/scala-parser-combinators_2.12/1.0.5/3c1c5475ece77c41e18dd971f8f818c091e4961c/scala-parser-combinators_2.12-1.0.5.jar:/home/dani/.gradle/caches/modules-2/files-2.1/io.netty/netty-resolver/4.1.24.Final/dbc1e5b50d31aed883ea3beeb6489e1977d0687f/netty-resolver-4.1.24.Final.jar:/home/dani/.gradle/caches/modules-2/files-2.1/io.netty/netty-common/4.1.24.Final/7eeecd7906543214c3c1c984d275d3c6de10b99d/netty-common-4.1.24.Final.jar:/home/dani/.gradle/caches/modules-2/files-2.1/org.checkerframework/checker-qual/2.0.0/518929596ee3249127502a8573b2e008e2d51ed3/checker-qual-2.0.0.jar:/home/dani/.gradle/caches/modules-2/files-2.1/com.google.errorprone/error_prone_annotations/2.1.3/39b109f2cd352b2d71b52a3b5a1a9850e1dc304b/error_prone_annotations-2.1.3.jar:/home/dani/.m2/repository/com/google/j2objc/j2objc-annotations/1.1/j2objc-annotations-1.1.jar:/home/dani/.m2/repository/org/codehaus/mojo/animal-sniffer-annotations/1.14/animal-sniffer-annotations-1.14.jar, user.name=dani, java.vm.specification.version=1.8, sun.java.command=worker.org.gradle.process.internal.worker.GradleWorkerMain 'Gradle Test Executor 5', java.home=/usr/lib/jvm/java-8-oracle/jre, sun.arch.data.model=64, user.language=es, java.specification.vendor=Oracle Corporation, awt.toolkit=sun.awt.X11.XToolkit, java.vm.info=mixed mode, java.version=1.8.0_151, java.ext.dirs=/usr/lib/jvm/java-8-oracle/jre/lib/ext:/usr/java/packages/lib/ext, sun.boot.class.path=/usr/lib/jvm/java-8-oracle/jre/lib/resources.jar:/usr/lib/jvm/java-8-oracle/jre/lib/rt.jar:/usr/lib/jvm/java-8-oracle/jre/lib/sunrsasign.jar:/usr/lib/jvm/java-8-oracle/jre/lib/jsse.jar:/usr/lib/jvm/java-8-oracle/jre/lib/jce.jar:/usr/lib/jvm/java-8-oracle/jre/lib/charsets.jar:/usr/lib/jvm/java-8-oracle/jre/lib/jfr.jar:/usr/lib/jvm/java-8-oracle/jre/classes, java.vendor=Oracle Corporation, org.gradle.test.worker=5, file.separator=/, java.vendor.url.bug=http://bugreport.sun.com/bugreport/, sun.io.unicode.encoding=UnicodeLittle, sun.cpu.endian=little, sun.desktop=gnome, sun.cpu.isalist=}}, SystemEnvironmentPropertySource@1649749645 {name='systemEnvironment', properties={PATH=/home/dani/googlecloud/google-cloud-sdk/bin:/usr/local/heroku/bin:/home/dani/apache-maven-3.3.9/bin:/home/dani/activator-dist-1.3.12/bin:/home/dani/bin:/usr/local/ant/apache-ant-1.8.2/bin:/home/dani/bin:/usr/local/sbin:/usr/local/bin:/usr/sbin:/usr/bin:/sbin:/bin:/usr/games:/usr/local/games, XAUTHORITY=/home/dani/.Xauthority, XDG_DATA_DIRS=/usr/share/cinnamon:/usr/share/gnome:/usr/local/share/:/usr/share/:/usr/share/mdm/, GDMSESSION=cinnamon, MANDATORY_PATH=/usr/share/gconf/cinnamon.mandatory.path, TEXTDOMAINDIR=/usr/share/locale/, DBUS_SESSION_BUS_ADDRESS=unix:abstract=/tmp/dbus-UfxzjoCL0B,guid=5f424194bed68f07a394e8de5b1e134b, DEFAULTS_PATH=/usr/share/gconf/cinnamon.default.path, XDG_CURRENT_DESKTOP=X-Cinnamon, SSH_AGENT_PID=3811, CLUTTER_BACKEND=x11, COLORTERM=gnome-terminal, SESSION_MANAGER=local/dani-Latitude-E5550:@/tmp/.ICE-unix/3668,unix/dani-Latitude-E5550:/tmp/.ICE-unix/3668, USERNAME=dani, LOGNAME=dani, PWD=/home/dani/workspace/pact-code-examples-master/pact/pact-spring-provider, WINDOWID=73400327, GJS_DEBUG_TOPICS=JS ERROR;JS LOG, LESSOPEN=| /usr/bin/lesspipe %s, SHELL=/bin/bash, OLDPWD=/home/dani/workspace/pact-code-examples-master/pact/pact-spring-provider, GNOME_DESKTOP_SESSION_ID=this-is-deprecated, TEXTDOMAIN=im-config, XDG_SESSION_COOKIE=ac5ab0b0bad1d6c553249252561cc977-1528697674.642857-1173431536, MDMSESSION=cinnamon, LS_COLORS=rs=0:di=01;34:ln=01;36:mh=00:pi=40;33:so=01;35:do=01;35:bd=40;33;01:cd=40;33;01:or=40;31;01:su=37;41:sg=30;43:ca=30;41:tw=30;42:ow=34;42:st=37;44:ex=01;32:*.tar=01;31:*.tgz=01;31:*.arj=01;31:*.taz=01;31:*.lzh=01;31:*.lzma=01;31:*.tlz=01;31:*.txz=01;31:*.zip=01;31:*.z=01;31:*.Z=01;31:*.dz=01;31:*.gz=01;31:*.lz=01;31:*.xz=01;31:*.bz2=01;31:*.bz=01;31:*.tbz=01;31:*.tbz2=01;31:*.tz=01;31:*.deb=01;31:*.rpm=01;31:*.jar=01;31:*.war=01;31:*.ear=01;31:*.sar=01;31:*.rar=01;31:*.ace=01;31:*.zoo=01;31:*.cpio=01;31:*.7z=01;31:*.rz=01;31:*.jpg=01;35:*.jpeg=01;35:*.gif=01;35:*.bmp=01;35:*.pbm=01;35:*.pgm=01;35:*.ppm=01;35:*.tga=01;35:*.xbm=01;35:*.xpm=01;35:*.tif=01;35:*.tiff=01;35:*.png=01;35:*.svg=01;35:*.svgz=01;35:*.mng=01;35:*.pcx=01;35:*.mov=01;35:*.mpg=01;35:*.mpeg=01;35:*.m2v=01;35:*.mkv=01;35:*.webm=01;35:*.ogm=01;35:*.mp4=01;35:*.m4v=01;35:*.mp4v=01;35:*.vob=01;35:*.qt=01;35:*.nuv=01;35:*.wmv=01;35:*.asf=01;35:*.rm=01;35:*.rmvb=01;35:*.flc=01;35:*.avi=01;35:*.fli=01;35:*.flv=01;35:*.gl=01;35:*.dl=01;35:*.xcf=01;35:*.xwd=01;35:*.yuv=01;35:*.cgm=01;35:*.emf=01;35:*.axv=01;35:*.anx=01;35:*.ogv=01;35:*.ogx=01;35:*.aac=00;36:*.au=00;36:*.flac=00;36:*.mid=00;36:*.midi=00;36:*.mka=00;36:*.mp3=00;36:*.mpc=00;36:*.ogg=00;36:*.ra=00;36:*.wav=00;36:*.axa=00;36:*.oga=00;36:*.spx=00;36:*.xspf=00;36:, XDG_SESSION_DESKTOP=cinnamon, SHLVL=1, LESSCLOSE=/usr/bin/lesspipe %s %s, COMP_WORDBREAKS= 	
"'><;|&(:, TERM=xterm, XFILESEARCHPATH=/usr/dt/app-defaults/%L/Dt, XDG_CONFIG_DIRS=/etc/xdg/xdg-cinnamon:/etc/xdg, LANG=es_ES.UTF-8, GNOME_KEYRING_CONTROL=/run/user/1000/keyring-SzkwlR, XDG_SESSION_ID=c4, DISPLAY=:0, MDM_LANG=es_ES.UTF-8, CINNAMON_VERSION=2.6.13, _=./gradlew, GDM_XSERVER_LOCATION=local, GPG_AGENT_INFO=/run/user/1000/keyring-SzkwlR/gpg:0:1, DESKTOP_SESSION=cinnamon, USER=dani, VTE_VERSION=3409, WINDOWPATH=8, GJS_DEBUG_OUTPUT=stderr, MDM_XSERVER_LOCATION=local, SSH_AUTH_SOCK=/run/user/1000/keyring-SzkwlR/ssh, XDG_SEAT=seat0, NLSPATH=/usr/dt/lib/nls/msg/%L/%N.cat, XDG_VTNR=8, XDG_RUNTIME_DIR=/run/user/1000, HOME=/home/dani, GNOME_KEYRING_PID=3658}}]
09:35:00.360 [Test worker] DEBUG org.springframework.test.context.support.TestPropertySourceUtils - Adding inlined properties to environment: {spring.jmx.enabled=false, server.port=8081, org.springframework.boot.test.context.SpringBootTestContextBootstrapper=true}
09:35:00.360 [Test worker] DEBUG org.springframework.core.env.StandardEnvironment - Adding PropertySource 'Inlined Test Properties' with highest search precedence

  .   ____          _            __ _ _
 /\\ / ___'_ __ _ _(_)_ __  __ _ \ \ \ \
( ( )\___ | '_ | '_| | '_ \/ _` | \ \ \ \
 \\/  ___)| |_)| | | | | || (_| |  ) ) ) )
  '  |____| .__|_| |_|_| |_\__, | / / / /
 =========|_|==============|___/=/_/_/_/
 :: Spring Boot ::        (v2.0.2.RELEASE)

2018-06-11 09:35:00.838  WARN 15284 --- [    Test worker] ory$DuplicateJsonObjectContextCustomizer : 

Found multiple occurrences of org.json.JSONObject on the class path:

	jar:file:/home/dani/.m2/repository/com/vaadin/external/google/android-json/0.0.20131108.vaadin1/android-json-0.0.20131108.vaadin1.jar!/org/json/JSONObject.class
	jar:file:/home/dani/.gradle/caches/modules-2/files-2.1/org.json/json/20160212/a742e3f85161835b95877478c5dd5b405cefaab9/json-20160212.jar!/org/json/JSONObject.class

You may wish to exclude one of them to ensure predictable runtime behavior

2018-06-11 09:35:00.866  INFO 15284 --- [    Test worker] i.r.UserControllerProviderTest           : Starting UserControllerProviderTest on dani-Latitude-E5550 with PID 15284 (started by dani in /home/dani/workspace/pact-code-examples-master/pact/pact-spring-provider)
2018-06-11 09:35:00.867  INFO 15284 --- [    Test worker] i.r.UserControllerProviderTest           : No active profile set, falling back to default profiles: default
2018-06-11 09:35:01.066  INFO 15284 --- [    Test worker] ConfigServletWebServerApplicationContext : Refreshing org.springframework.boot.web.servlet.context.AnnotationConfigServletWebServerApplicationContext@3c6eab: startup date [Mon Jun 11 09:35:01 CEST 2018]; root of context hierarchy
2018-06-11 09:35:01.510  WARN 15284 --- [kground-preinit] o.s.h.c.j.Jackson2ObjectMapperBuilder    : For Jackson Kotlin classes support please add "com.fasterxml.jackson.module:jackson-module-kotlin" to the classpath
2018-06-11 09:35:03.317  INFO 15284 --- [    Test worker] trationDelegate$BeanPostProcessorChecker : Bean 'org.springframework.transaction.annotation.ProxyTransactionManagementConfiguration' of type [org.springframework.transaction.annotation.ProxyTransactionManagementConfiguration$$EnhancerBySpringCGLIB$$6c0d4d89] is not eligible for getting processed by all BeanPostProcessors (for example: not eligible for auto-proxying)
2018-06-11 09:35:03.640  INFO 15284 --- [    Test worker] org.eclipse.jetty.util.log               : Logging initialized @7354ms to org.eclipse.jetty.util.log.Slf4jLog
2018-06-11 09:35:03.733  INFO 15284 --- [    Test worker] o.s.b.w.e.j.JettyServletWebServerFactory : Server initialized with port: 8081
2018-06-11 09:35:03.735  INFO 15284 --- [    Test worker] org.eclipse.jetty.server.Server          : jetty-9.4.10.v20180503; built: 2018-05-03T15:56:21.710Z; git: daa59876e6f384329b122929e70a80934569428c; jvm 1.8.0_151-b12
2018-06-11 09:35:03.862  INFO 15284 --- [    Test worker] org.eclipse.jetty.server.session         : DefaultSessionIdManager workerName=node0
2018-06-11 09:35:03.863  INFO 15284 --- [    Test worker] org.eclipse.jetty.server.session         : No SessionScavenger set, using defaults
2018-06-11 09:35:03.865  INFO 15284 --- [    Test worker] org.eclipse.jetty.server.session         : node0 Scavenging every 600000ms
2018-06-11 09:35:03.871  INFO 15284 --- [    Test worker] o.e.j.s.h.ContextHandler.application     : Initializing Spring embedded WebApplicationContext
2018-06-11 09:35:03.871  INFO 15284 --- [    Test worker] o.s.web.context.ContextLoader            : Root WebApplicationContext: initialization completed in 2809 ms
2018-06-11 09:35:04.020  INFO 15284 --- [    Test worker] o.s.b.w.servlet.ServletRegistrationBean  : Servlet dispatcherServlet mapped to [/]
2018-06-11 09:35:04.023  INFO 15284 --- [    Test worker] o.s.b.w.servlet.FilterRegistrationBean   : Mapping filter: 'characterEncodingFilter' to: [/*]
2018-06-11 09:35:04.029  INFO 15284 --- [    Test worker] o.e.jetty.server.handler.ContextHandler  : Started o.s.b.w.e.j.JettyEmbeddedWebAppContext@5f42a40{/,[file:///tmp/jetty-docbase.2531734566896893266.8081/],AVAILABLE}
2018-06-11 09:35:04.030  INFO 15284 --- [    Test worker] org.eclipse.jetty.server.Server          : Started @7744ms
2018-06-11 09:35:04.205  INFO 15284 --- [    Test worker] com.zaxxer.hikari.HikariDataSource       : HikariPool-1 - Starting...
2018-06-11 09:35:04.343  INFO 15284 --- [    Test worker] com.zaxxer.hikari.HikariDataSource       : HikariPool-1 - Start completed.
2018-06-11 09:35:04.430  INFO 15284 --- [    Test worker] j.LocalContainerEntityManagerFactoryBean : Building JPA container EntityManagerFactory for persistence unit 'default'
2018-06-11 09:35:04.463  INFO 15284 --- [    Test worker] o.hibernate.jpa.internal.util.LogHelper  : HHH000204: Processing PersistenceUnitInfo [
	name: default
	...]
2018-06-11 09:35:04.767  INFO 15284 --- [    Test worker] org.hibernate.Version                    : HHH000412: Hibernate Core {5.2.17.Final}
2018-06-11 09:35:04.769  INFO 15284 --- [    Test worker] org.hibernate.cfg.Environment            : HHH000206: hibernate.properties not found
2018-06-11 09:35:04.830  INFO 15284 --- [    Test worker] o.hibernate.annotations.common.Version   : HCANN000001: Hibernate Commons Annotations {5.0.1.Final}
2018-06-11 09:35:04.994  INFO 15284 --- [    Test worker] org.hibernate.dialect.Dialect            : HHH000400: Using dialect: org.hibernate.dialect.H2Dialect
2018-06-11 09:35:05.647  INFO 15284 --- [    Test worker] o.h.t.schema.internal.SchemaCreatorImpl  : HHH000476: Executing import script 'org.hibernate.tool.schema.internal.exec.ScriptSourceInputNonExistentImpl@3c74652e'
2018-06-11 09:35:05.652  INFO 15284 --- [    Test worker] j.LocalContainerEntityManagerFactoryBean : Initialized JPA EntityManagerFactory for persistence unit 'default'
2018-06-11 09:35:05.784  WARN 15284 --- [    Test worker] aWebConfiguration$JpaWebMvcConfiguration : spring.jpa.open-in-view is enabled by default. Therefore, database queries may be performed during view rendering. Explicitly configure spring.jpa.open-in-view to disable this warning
2018-06-11 09:35:05.901  INFO 15284 --- [    Test worker] s.w.s.m.m.a.RequestMappingHandlerMapping : Mapped "{[/user-service/users/{id}],methods=[GET]}" onto public org.springframework.http.ResponseEntity<io.reflectoring.User> io.reflectoring.UserController.getUser(java.lang.Long)
2018-06-11 09:35:05.902  INFO 15284 --- [    Test worker] s.w.s.m.m.a.RequestMappingHandlerMapping : Mapped "{[/user-service/users/{id}],methods=[PUT]}" onto public org.springframework.http.ResponseEntity<io.reflectoring.User> io.reflectoring.UserController.updateUser(io.reflectoring.User,long)
2018-06-11 09:35:05.903  INFO 15284 --- [    Test worker] s.w.s.m.m.a.RequestMappingHandlerMapping : Mapped "{[/user-service/users],methods=[POST]}" onto public org.springframework.http.ResponseEntity<io.reflectoring.IdObject> io.reflectoring.UserController.createUser(io.reflectoring.User)
2018-06-11 09:35:05.908  INFO 15284 --- [    Test worker] s.w.s.m.m.a.RequestMappingHandlerMapping : Mapped "{[/error],produces=[text/html]}" onto public org.springframework.web.servlet.ModelAndView org.springframework.boot.autoconfigure.web.servlet.error.BasicErrorController.errorHtml(javax.servlet.http.HttpServletRequest,javax.servlet.http.HttpServletResponse)
2018-06-11 09:35:05.908  INFO 15284 --- [    Test worker] s.w.s.m.m.a.RequestMappingHandlerMapping : Mapped "{[/error]}" onto public org.springframework.http.ResponseEntity<java.util.Map<java.lang.String, java.lang.Object>> org.springframework.boot.autoconfigure.web.servlet.error.BasicErrorController.error(javax.servlet.http.HttpServletRequest)
2018-06-11 09:35:06.219  INFO 15284 --- [    Test worker] s.w.s.m.m.a.RequestMappingHandlerAdapter : Looking for @ControllerAdvice: org.springframework.boot.web.servlet.context.AnnotationConfigServletWebServerApplicationContext@3c6eab: startup date [Mon Jun 11 09:35:01 CEST 2018]; root of context hierarchy
2018-06-11 09:35:07.178  INFO 15284 --- [    Test worker] o.e.j.s.h.ContextHandler.application     : Initializing Spring FrameworkServlet 'dispatcherServlet'
2018-06-11 09:35:07.178  INFO 15284 --- [    Test worker] o.s.web.servlet.DispatcherServlet        : FrameworkServlet 'dispatcherServlet': initialization started
2018-06-11 09:35:07.201  INFO 15284 --- [    Test worker] o.s.web.servlet.DispatcherServlet        : FrameworkServlet 'dispatcherServlet': initialization completed in 23 ms
2018-06-11 09:35:07.226  INFO 15284 --- [    Test worker] o.e.jetty.server.AbstractConnector       : Started ServerConnector@730cd70{HTTP/1.1,[http/1.1]}{0.0.0.0:8081}
2018-06-11 09:35:07.231  INFO 15284 --- [    Test worker] o.s.b.web.embedded.jetty.JettyWebServer  : Jetty started on port(s) 8081 (http/1.1) with context path '/'
2018-06-11 09:35:07.235  INFO 15284 --- [    Test worker] i.r.UserControllerProviderTest           : Started UserControllerProviderTest in 6.872 seconds (JVM running for 10.949)

Verifying a pact between userclient and userservice
  Given person 42 exists
  a request to PUT a person
    returns a response which
      has status code 200 (OK)
      includes headers
        "Content-Type" with value "application/json" (OK)
      has a matching body (OK)

Verifying a pact between userclient and userservice
  Given provider accepts a new person
  a request to POST a person
    returns a response which
      has status code 201 (OK)
      includes headers
        "Content-Type" with value "application/json" (OK)
      has a matching body (OK)
]]></system-out>
  <system-err><![CDATA[]]></system-err>
</testsuite>
