<?xml version="1.0" encoding="UTF-8"?>
<testsuite name="io.reflectoring.UserControllerProviderTest" tests="2" skipped="0" failures="0" errors="0" timestamp="2018-06-07T13:22:43" hostname="dani-Latitude-E5550" time="9.795">
  <properties/>
  <testcase name="userclient - a request to PUT a person" classname="io.reflectoring.UserControllerProviderTest" time="9.76"/>
  <testcase name="userclient - a request to POST a person" classname="io.reflectoring.UserControllerProviderTest" time="0.035"/>
  <system-out><![CDATA[15:22:40.778 [Test worker] DEBUG au.com.dius.pact.provider.junit.loader.PactBrokerLoader - Loading pacts from pact broker for provider userservice and tag latest
15:22:41.218 [Test worker] DEBUG au.com.dius.pact.pactbroker.HalClientBase - Fetching: /
15:22:41.689 [Test worker] DEBUG org.apache.http.client.protocol.RequestAddCookies - CookieSpec selected: default
15:22:41.704 [Test worker] DEBUG org.apache.http.client.protocol.RequestAuthCache - Auth cache not set in the context
15:22:41.706 [Test worker] DEBUG org.apache.http.impl.conn.PoolingHttpClientConnectionManager - Connection request: [route: {}->http://localhost:80][total kept alive: 0; route allocated: 0 of 5; total allocated: 0 of 10]
15:22:41.725 [Test worker] DEBUG org.apache.http.impl.conn.PoolingHttpClientConnectionManager - Connection leased: [id: 0][route: {}->http://localhost:80][total kept alive: 0; route allocated: 1 of 5; total allocated: 1 of 10]
15:22:41.727 [Test worker] DEBUG org.apache.http.impl.execchain.MainClientExec - Opening connection {}->http://localhost:80
15:22:41.734 [Test worker] DEBUG org.apache.http.impl.conn.DefaultHttpClientConnectionOperator - Connecting to localhost/127.0.0.1:80
15:22:41.736 [Test worker] DEBUG org.apache.http.impl.conn.DefaultHttpClientConnectionOperator - Connection established 127.0.0.1:60245<->127.0.0.1:80
15:22:41.736 [Test worker] DEBUG org.apache.http.impl.execchain.MainClientExec - Executing request GET / HTTP/1.1
15:22:41.736 [Test worker] DEBUG org.apache.http.impl.execchain.MainClientExec - Target auth state: UNCHALLENGED
15:22:41.737 [Test worker] DEBUG org.apache.http.impl.execchain.MainClientExec - Proxy auth state: UNCHALLENGED
15:22:41.740 [Test worker] DEBUG org.apache.http.headers - http-outgoing-0 >> GET / HTTP/1.1
15:22:41.740 [Test worker] DEBUG org.apache.http.headers - http-outgoing-0 >> Content-Type: application/json
15:22:41.740 [Test worker] DEBUG org.apache.http.headers - http-outgoing-0 >> Accept: application/hal+json, application/json
15:22:41.740 [Test worker] DEBUG org.apache.http.headers - http-outgoing-0 >> Host: localhost:80
15:22:41.740 [Test worker] DEBUG org.apache.http.headers - http-outgoing-0 >> Connection: Keep-Alive
15:22:41.740 [Test worker] DEBUG org.apache.http.headers - http-outgoing-0 >> User-Agent: Apache-HttpClient/4.5.3 (Java/1.8.0_151)
15:22:41.740 [Test worker] DEBUG org.apache.http.headers - http-outgoing-0 >> Accept-Encoding: gzip,deflate
15:22:41.741 [Test worker] DEBUG org.apache.http.wire - http-outgoing-0 >> "GET / HTTP/1.1[\r][\n]"
15:22:41.741 [Test worker] DEBUG org.apache.http.wire - http-outgoing-0 >> "Content-Type: application/json[\r][\n]"
15:22:41.741 [Test worker] DEBUG org.apache.http.wire - http-outgoing-0 >> "Accept: application/hal+json, application/json[\r][\n]"
15:22:41.741 [Test worker] DEBUG org.apache.http.wire - http-outgoing-0 >> "Host: localhost:80[\r][\n]"
15:22:41.741 [Test worker] DEBUG org.apache.http.wire - http-outgoing-0 >> "Connection: Keep-Alive[\r][\n]"
15:22:41.741 [Test worker] DEBUG org.apache.http.wire - http-outgoing-0 >> "User-Agent: Apache-HttpClient/4.5.3 (Java/1.8.0_151)[\r][\n]"
15:22:41.741 [Test worker] DEBUG org.apache.http.wire - http-outgoing-0 >> "Accept-Encoding: gzip,deflate[\r][\n]"
15:22:41.741 [Test worker] DEBUG org.apache.http.wire - http-outgoing-0 >> "[\r][\n]"
15:22:41.744 [Test worker] DEBUG org.apache.http.wire - http-outgoing-0 << "HTTP/1.1 200 OK[\r][\n]"
15:22:41.744 [Test worker] DEBUG org.apache.http.wire - http-outgoing-0 << "Content-Type: application/hal+json;charset=utf-8[\r][\n]"
15:22:41.744 [Test worker] DEBUG org.apache.http.wire - http-outgoing-0 << "Content-Length: 1618[\r][\n]"
15:22:41.745 [Test worker] DEBUG org.apache.http.wire - http-outgoing-0 << "Connection: keep-alive[\r][\n]"
15:22:41.745 [Test worker] DEBUG org.apache.http.wire - http-outgoing-0 << "Status: 200 OK[\r][\n]"
15:22:41.745 [Test worker] DEBUG org.apache.http.wire - http-outgoing-0 << "Date: Thu, 07 Jun 2018 13:22:41 GMT[\r][\n]"
15:22:41.745 [Test worker] DEBUG org.apache.http.wire - http-outgoing-0 << "X-Content-Type-Options: nosniff[\r][\n]"
15:22:41.747 [Test worker] DEBUG org.apache.http.wire - http-outgoing-0 << "Server: Webmachine-Ruby/1.5.0 Rack/1.3[\r][\n]"
15:22:41.747 [Test worker] DEBUG org.apache.http.wire - http-outgoing-0 << "X-Pact-Broker-Version: 2.19.2[\r][\n]"
15:22:41.747 [Test worker] DEBUG org.apache.http.wire - http-outgoing-0 << "X-Powered-By: Phusion Passenger 5.1.11[\r][\n]"
15:22:41.748 [Test worker] DEBUG org.apache.http.wire - http-outgoing-0 << "[\r][\n]"
15:22:41.749 [Test worker] DEBUG org.apache.http.wire - http-outgoing-0 << "{"_links":{"self":{"href":"http://localhost","title":"Index","templated":false},"pb:publish-pact":{"href":"http://localhost/pacts/provider/{provider}/consumer/{consumer}/version/{consumerApplicationVersion}","title":"Publish a pact","templated":true},"pb:latest-pact-versions":{"href":"http://localhost/pacts/latest","title":"Latest pact versions","templated":false},"pb:pacticipants":{"href":"http://localhost/pacticipants","title":"Pacticipants","templated":false},"pb:latest-provider-pacts":{"href":"http://localhost/pacts/provider/{provider}/latest","title":"Latest pacts by provider","templated":true},"pb:latest-provider-pacts-with-tag":{"href":"http://localhost/pacts/provider/{provider}/latest/{tag}","title":"Latest pacts for provider with the specified tag","templated":true},"pb:provider-pacts-with-tag":{"href":"http://localhost/pacts/provider/{provider}/tag/{tag}","title":"All pact versions for the provider with the specified consumer version tag","templated":true},"pb:provider-pacts":{"href":"http://localhost/pacts/provider/{provider}","title":"All pact versions for the specified provider","templated":true},"pb:latest-version":{"href":"http://localhost/pacticipants/{pacticipant}/latest-version","title":"Latest pacticipant version","templated":true},"pb:latest-tagged-version":{"href":"http://localhost/pacticipants/{pacticipant}/latest-version/{tag}","title":"Latest pacticipant version with the specified tag","templated":true},"pb:webhooks":{"href":"http://localhost/webhooks","title":"Webhooks","templated":false},"curies":[{"name":"pb","href":"http://localhost/doc/{rel}","templated":true}]}}"
15:22:41.754 [Test worker] DEBUG org.apache.http.headers - http-outgoing-0 << HTTP/1.1 200 OK
15:22:41.754 [Test worker] DEBUG org.apache.http.headers - http-outgoing-0 << Content-Type: application/hal+json;charset=utf-8
15:22:41.754 [Test worker] DEBUG org.apache.http.headers - http-outgoing-0 << Content-Length: 1618
15:22:41.755 [Test worker] DEBUG org.apache.http.headers - http-outgoing-0 << Connection: keep-alive
15:22:41.755 [Test worker] DEBUG org.apache.http.headers - http-outgoing-0 << Status: 200 OK
15:22:41.755 [Test worker] DEBUG org.apache.http.headers - http-outgoing-0 << Date: Thu, 07 Jun 2018 13:22:41 GMT
15:22:41.755 [Test worker] DEBUG org.apache.http.headers - http-outgoing-0 << X-Content-Type-Options: nosniff
15:22:41.755 [Test worker] DEBUG org.apache.http.headers - http-outgoing-0 << Server: Webmachine-Ruby/1.5.0 Rack/1.3
15:22:41.756 [Test worker] DEBUG org.apache.http.headers - http-outgoing-0 << X-Pact-Broker-Version: 2.19.2
15:22:41.756 [Test worker] DEBUG org.apache.http.headers - http-outgoing-0 << X-Powered-By: Phusion Passenger 5.1.11
15:22:41.761 [Test worker] DEBUG org.apache.http.impl.execchain.MainClientExec - Connection can be kept alive indefinitely
15:22:41.767 [Test worker] DEBUG org.apache.http.impl.conn.PoolingHttpClientConnectionManager - Connection [id: 0][route: {}->http://localhost:80] can be kept alive indefinitely
15:22:41.768 [Test worker] DEBUG org.apache.http.impl.conn.PoolingHttpClientConnectionManager - Connection released: [id: 0][route: {}->http://localhost:80][total kept alive: 1; route allocated: 1 of 5; total allocated: 1 of 10]
15:22:41.806 [Test worker] DEBUG au.com.dius.pact.pactbroker.HalClientBase - Fetching: http://localhost/pacts/provider/userservice/latest
15:22:41.807 [Test worker] DEBUG org.apache.http.client.protocol.RequestAddCookies - CookieSpec selected: default
15:22:41.807 [Test worker] DEBUG org.apache.http.client.protocol.RequestAuthCache - Auth cache not set in the context
15:22:41.807 [Test worker] DEBUG org.apache.http.impl.conn.PoolingHttpClientConnectionManager - Connection request: [route: {}->http://localhost:80][total kept alive: 1; route allocated: 1 of 5; total allocated: 1 of 10]
15:22:41.807 [Test worker] DEBUG org.apache.http.impl.conn.PoolingHttpClientConnectionManager - Connection leased: [id: 0][route: {}->http://localhost:80][total kept alive: 0; route allocated: 1 of 5; total allocated: 1 of 10]
15:22:41.807 [Test worker] DEBUG org.apache.http.impl.execchain.MainClientExec - Executing request GET /pacts/provider/userservice/latest HTTP/1.1
15:22:41.808 [Test worker] DEBUG org.apache.http.impl.execchain.MainClientExec - Target auth state: UNCHALLENGED
15:22:41.808 [Test worker] DEBUG org.apache.http.impl.execchain.MainClientExec - Proxy auth state: UNCHALLENGED
15:22:41.808 [Test worker] DEBUG org.apache.http.headers - http-outgoing-0 >> GET /pacts/provider/userservice/latest HTTP/1.1
15:22:41.808 [Test worker] DEBUG org.apache.http.headers - http-outgoing-0 >> Content-Type: application/json
15:22:41.808 [Test worker] DEBUG org.apache.http.headers - http-outgoing-0 >> Accept: application/hal+json, application/json
15:22:41.808 [Test worker] DEBUG org.apache.http.headers - http-outgoing-0 >> Host: localhost
15:22:41.808 [Test worker] DEBUG org.apache.http.headers - http-outgoing-0 >> Connection: Keep-Alive
15:22:41.808 [Test worker] DEBUG org.apache.http.headers - http-outgoing-0 >> User-Agent: Apache-HttpClient/4.5.3 (Java/1.8.0_151)
15:22:41.808 [Test worker] DEBUG org.apache.http.headers - http-outgoing-0 >> Accept-Encoding: gzip,deflate
15:22:41.808 [Test worker] DEBUG org.apache.http.wire - http-outgoing-0 >> "GET /pacts/provider/userservice/latest HTTP/1.1[\r][\n]"
15:22:41.808 [Test worker] DEBUG org.apache.http.wire - http-outgoing-0 >> "Content-Type: application/json[\r][\n]"
15:22:41.809 [Test worker] DEBUG org.apache.http.wire - http-outgoing-0 >> "Accept: application/hal+json, application/json[\r][\n]"
15:22:41.809 [Test worker] DEBUG org.apache.http.wire - http-outgoing-0 >> "Host: localhost[\r][\n]"
15:22:41.809 [Test worker] DEBUG org.apache.http.wire - http-outgoing-0 >> "Connection: Keep-Alive[\r][\n]"
15:22:41.809 [Test worker] DEBUG org.apache.http.wire - http-outgoing-0 >> "User-Agent: Apache-HttpClient/4.5.3 (Java/1.8.0_151)[\r][\n]"
15:22:41.809 [Test worker] DEBUG org.apache.http.wire - http-outgoing-0 >> "Accept-Encoding: gzip,deflate[\r][\n]"
15:22:41.809 [Test worker] DEBUG org.apache.http.wire - http-outgoing-0 >> "[\r][\n]"
15:22:41.826 [Test worker] DEBUG org.apache.http.wire - http-outgoing-0 << "HTTP/1.1 200 OK[\r][\n]"
15:22:41.826 [Test worker] DEBUG org.apache.http.wire - http-outgoing-0 << "Content-Type: application/hal+json;charset=utf-8[\r][\n]"
15:22:41.827 [Test worker] DEBUG org.apache.http.wire - http-outgoing-0 << "Content-Length: 633[\r][\n]"
15:22:41.827 [Test worker] DEBUG org.apache.http.wire - http-outgoing-0 << "Connection: keep-alive[\r][\n]"
15:22:41.827 [Test worker] DEBUG org.apache.http.wire - http-outgoing-0 << "Status: 200 OK[\r][\n]"
15:22:41.827 [Test worker] DEBUG org.apache.http.wire - http-outgoing-0 << "Date: Thu, 07 Jun 2018 13:22:41 GMT[\r][\n]"
15:22:41.827 [Test worker] DEBUG org.apache.http.wire - http-outgoing-0 << "X-Content-Type-Options: nosniff[\r][\n]"
15:22:41.827 [Test worker] DEBUG org.apache.http.wire - http-outgoing-0 << "Server: Webmachine-Ruby/1.5.0 Rack/1.3[\r][\n]"
15:22:41.827 [Test worker] DEBUG org.apache.http.wire - http-outgoing-0 << "X-Pact-Broker-Version: 2.19.2[\r][\n]"
15:22:41.827 [Test worker] DEBUG org.apache.http.wire - http-outgoing-0 << "X-Powered-By: Phusion Passenger 5.1.11[\r][\n]"
15:22:41.827 [Test worker] DEBUG org.apache.http.wire - http-outgoing-0 << "[\r][\n]"
15:22:41.828 [Test worker] DEBUG org.apache.http.wire - http-outgoing-0 << "{"_links":{"self":{"href":"http://localhost/pacts/provider/userservice/latest","title":"Latest pact versions for the provider userservice"},"provider":{"href":"http://localhost/pacticipants/userservice","title":"userservice"},"pb:pacts":[{"href":"http://localhost/pacts/provider/userservice/consumer/userclient/version/3.5.0","title":"Pact between userclient (v3.5.0) and userservice","name":"userclient"}],"pacts":[{"href":"http://localhost/pacts/provider/userservice/consumer/userclient/version/3.5.0","title":"DEPRECATED - please use the pb:pacts relation. Pact between userclient (v3.5.0) and userservice","name":"userclient"}]}}"
15:22:41.828 [Test worker] DEBUG org.apache.http.headers - http-outgoing-0 << HTTP/1.1 200 OK
15:22:41.828 [Test worker] DEBUG org.apache.http.headers - http-outgoing-0 << Content-Type: application/hal+json;charset=utf-8
15:22:41.828 [Test worker] DEBUG org.apache.http.headers - http-outgoing-0 << Content-Length: 633
15:22:41.828 [Test worker] DEBUG org.apache.http.headers - http-outgoing-0 << Connection: keep-alive
15:22:41.828 [Test worker] DEBUG org.apache.http.headers - http-outgoing-0 << Status: 200 OK
15:22:41.828 [Test worker] DEBUG org.apache.http.headers - http-outgoing-0 << Date: Thu, 07 Jun 2018 13:22:41 GMT
15:22:41.828 [Test worker] DEBUG org.apache.http.headers - http-outgoing-0 << X-Content-Type-Options: nosniff
15:22:41.828 [Test worker] DEBUG org.apache.http.headers - http-outgoing-0 << Server: Webmachine-Ruby/1.5.0 Rack/1.3
15:22:41.828 [Test worker] DEBUG org.apache.http.headers - http-outgoing-0 << X-Pact-Broker-Version: 2.19.2
15:22:41.828 [Test worker] DEBUG org.apache.http.headers - http-outgoing-0 << X-Powered-By: Phusion Passenger 5.1.11
15:22:41.829 [Test worker] DEBUG org.apache.http.impl.execchain.MainClientExec - Connection can be kept alive indefinitely
15:22:41.829 [Test worker] DEBUG org.apache.http.impl.conn.PoolingHttpClientConnectionManager - Connection [id: 0][route: {}->http://localhost:80] can be kept alive indefinitely
15:22:41.829 [Test worker] DEBUG org.apache.http.impl.conn.PoolingHttpClientConnectionManager - Connection released: [id: 0][route: {}->http://localhost:80][total kept alive: 1; route allocated: 1 of 5; total allocated: 1 of 10]
15:22:42.169 [Test worker] DEBUG au.com.dius.pact.pactbroker.HalClientBase - Fetching: http://localhost/pacts/provider/userservice/consumer/userclient/version/3.5.0
15:22:42.171 [Test worker] DEBUG org.apache.http.client.protocol.RequestAddCookies - CookieSpec selected: default
15:22:42.172 [Test worker] DEBUG org.apache.http.client.protocol.RequestAuthCache - Auth cache not set in the context
15:22:42.172 [Test worker] DEBUG org.apache.http.impl.conn.PoolingHttpClientConnectionManager - Connection request: [route: {}->http://localhost:80][total kept alive: 0; route allocated: 0 of 5; total allocated: 0 of 10]
15:22:42.182 [Test worker] DEBUG org.apache.http.impl.conn.PoolingHttpClientConnectionManager - Connection leased: [id: 1][route: {}->http://localhost:80][total kept alive: 0; route allocated: 1 of 5; total allocated: 1 of 10]
15:22:42.182 [Test worker] DEBUG org.apache.http.impl.execchain.MainClientExec - Opening connection {}->http://localhost:80
15:22:42.183 [Test worker] DEBUG org.apache.http.impl.conn.DefaultHttpClientConnectionOperator - Connecting to localhost/127.0.0.1:80
15:22:42.183 [Test worker] DEBUG org.apache.http.impl.conn.DefaultHttpClientConnectionOperator - Connection established 127.0.0.1:60255<->127.0.0.1:80
15:22:42.184 [Test worker] DEBUG org.apache.http.impl.execchain.MainClientExec - Executing request GET /pacts/provider/userservice/consumer/userclient/version/3.5.0 HTTP/1.1
15:22:42.184 [Test worker] DEBUG org.apache.http.impl.execchain.MainClientExec - Target auth state: UNCHALLENGED
15:22:42.185 [Test worker] DEBUG org.apache.http.impl.execchain.MainClientExec - Proxy auth state: UNCHALLENGED
15:22:42.185 [Test worker] DEBUG org.apache.http.headers - http-outgoing-1 >> GET /pacts/provider/userservice/consumer/userclient/version/3.5.0 HTTP/1.1
15:22:42.186 [Test worker] DEBUG org.apache.http.headers - http-outgoing-1 >> Content-Type: application/json
15:22:42.186 [Test worker] DEBUG org.apache.http.headers - http-outgoing-1 >> Accept: application/hal+json, application/json
15:22:42.186 [Test worker] DEBUG org.apache.http.headers - http-outgoing-1 >> Host: localhost
15:22:42.186 [Test worker] DEBUG org.apache.http.headers - http-outgoing-1 >> Connection: Keep-Alive
15:22:42.187 [Test worker] DEBUG org.apache.http.headers - http-outgoing-1 >> User-Agent: Apache-HttpClient/4.5.3 (Java/1.8.0_151)
15:22:42.187 [Test worker] DEBUG org.apache.http.headers - http-outgoing-1 >> Accept-Encoding: gzip,deflate
15:22:42.187 [Test worker] DEBUG org.apache.http.wire - http-outgoing-1 >> "GET /pacts/provider/userservice/consumer/userclient/version/3.5.0 HTTP/1.1[\r][\n]"
15:22:42.187 [Test worker] DEBUG org.apache.http.wire - http-outgoing-1 >> "Content-Type: application/json[\r][\n]"
15:22:42.188 [Test worker] DEBUG org.apache.http.wire - http-outgoing-1 >> "Accept: application/hal+json, application/json[\r][\n]"
15:22:42.188 [Test worker] DEBUG org.apache.http.wire - http-outgoing-1 >> "Host: localhost[\r][\n]"
15:22:42.188 [Test worker] DEBUG org.apache.http.wire - http-outgoing-1 >> "Connection: Keep-Alive[\r][\n]"
15:22:42.189 [Test worker] DEBUG org.apache.http.wire - http-outgoing-1 >> "User-Agent: Apache-HttpClient/4.5.3 (Java/1.8.0_151)[\r][\n]"
15:22:42.189 [Test worker] DEBUG org.apache.http.wire - http-outgoing-1 >> "Accept-Encoding: gzip,deflate[\r][\n]"
15:22:42.190 [Test worker] DEBUG org.apache.http.wire - http-outgoing-1 >> "[\r][\n]"
15:22:42.204 [Test worker] DEBUG org.apache.http.wire - http-outgoing-1 << "HTTP/1.1 200 OK[\r][\n]"
15:22:42.205 [Test worker] DEBUG org.apache.http.wire - http-outgoing-1 << "Content-Type: application/hal+json;charset=utf-8[\r][\n]"
15:22:42.205 [Test worker] DEBUG org.apache.http.wire - http-outgoing-1 << "Content-Length: 3276[\r][\n]"
15:22:42.206 [Test worker] DEBUG org.apache.http.wire - http-outgoing-1 << "Connection: keep-alive[\r][\n]"
15:22:42.206 [Test worker] DEBUG org.apache.http.wire - http-outgoing-1 << "Status: 200 OK[\r][\n]"
15:22:42.207 [Test worker] DEBUG org.apache.http.wire - http-outgoing-1 << "Date: Thu, 07 Jun 2018 13:22:42 GMT[\r][\n]"
15:22:42.209 [Test worker] DEBUG org.apache.http.wire - http-outgoing-1 << "Vary: Accept[\r][\n]"
15:22:42.210 [Test worker] DEBUG org.apache.http.wire - http-outgoing-1 << "X-Content-Type-Options: nosniff[\r][\n]"
15:22:42.211 [Test worker] DEBUG org.apache.http.wire - http-outgoing-1 << "Server: Webmachine-Ruby/1.5.0 Rack/1.3[\r][\n]"
15:22:42.211 [Test worker] DEBUG org.apache.http.wire - http-outgoing-1 << "X-Pact-Broker-Version: 2.19.2[\r][\n]"
15:22:42.212 [Test worker] DEBUG org.apache.http.wire - http-outgoing-1 << "X-Powered-By: Phusion Passenger 5.1.11[\r][\n]"
15:22:42.213 [Test worker] DEBUG org.apache.http.wire - http-outgoing-1 << "[\r][\n]"
15:22:42.214 [Test worker] DEBUG org.apache.http.wire - http-outgoing-1 << "{"provider":{"name":"userservice"},"consumer":{"name":"userclient"},"interactions":[{"description":"a request to PUT a person","request":{"method":"PUT","path":"/user-service/users/42","headers":{"Content-Type":"application/json"},"body":{"firstName":"Zaphod","lastName":"Beeblebrox"}},"response":{"status":200,"headers":{"Content-Type":"application/json"},"body":{"firstName":"Zaphod","lastName":"Beeblebrox"}},"providerStates":[{"name":"person 42 exists"}]},{"description":"a request to POST a person","request":{"method":"POST","path":"/user-service/users","headers":{"Content-Type":"application/json"},"body":{"firstName":"Daniel","lastName":"de la Torre"}},"response":{"status":201,"headers":{"Content-Type":"application/json"},"body":{"id":42}},"providerStates":[{"name":"provider accepts a new person"}]}],"metadata":{"pact-specification":{"version":"3.0.0"},"pact-jvm":{"version":"3.5.2"}},"createdAt":"2018-06-07T09:36:48+00:00","_links":{"self":{"title":"Pact","name":"Pact between userclient (v3.5.0) and userservice","href":"http://localhost/pacts/provider/userservice/consumer/userclient/version/3.5.0"},"pb:consumer":{"title":"Consumer","name":"userclient","href":"http://localhost/pacticipants/userclient"},"pb:consumer-version":{"title":"Consumer version","name":"3.5.0","href":"http://localhost/pacticipants/userclient/versions/3.5.0"},"pb:provider":{"title":"Provider","name":"userservice","href":"http://localhost/pacticipants/userservice"},"pb:latest-pact-version":{"title":"Latest version of this pact","href":"http://localhost/pacts/provider/userservice/consumer/userclient/latest"},"pb:all-pact-versions":{"title":"All versions of this pact","href":"http://localhost/pacts/provider/userservice/consumer/userclient/versions"},"pb:latest-untagged-pact-version":{"title":"Latest untagged version of this pact","href":"http://localhost/pacts/provider/userservice/consumer/userclient/latest-untagged"},"pb:latest-tagged-pact-version":{"title":"Latest tagged version of this pact","href":"http://localhost/pacts/provider/userservice/consumer/userclient/latest/{tag}","templated":true},"pb:previous-distinct":{"title":"Previous distinct version of this pact","href":"http://localhost/pacts/provider/userservice/consumer/userclient/version/3.5.0/previous-distinct"},"pb:diff-previous-distinct":{"title":"Diff with previous distinct version of this pact","href":"http://localhost/pacts/provider/userservice/consumer/userclient/version/3.5.0/diff/previous-distinct"},"pb:pact-webhooks":{"title":"Webhooks for the pact between userclient and userservice","href":"http://localhost/webhooks/provider/userservice/consumer/userclient"},"pb:tag-prod-version":{"title":"PUT to this resource to tag this consumer version as 'production'","href":"http://localhost/pacticipants/userclient/versions/3.5.0/tags/prod"},"pb:tag-version":{"title":"PUT to this resource to tag this consumer version","href":"http://localhost/pacticipants/userclient/versions/3.5.0/tags/{tag}"},"pb:publish-verification-results":{"title":"Publish verification results","href":"http://localhost/pacts/provider/userservice/consumer/userclient/pact-version/95b27c5bafda47de9187520b3969c7a019f2244b/verification-results"},"curies":[{"name":"pb","href":"http://localhost/doc/{rel}","templated":true}]}}"
15:22:42.218 [Test worker] DEBUG org.apache.http.headers - http-outgoing-1 << HTTP/1.1 200 OK
15:22:42.219 [Test worker] DEBUG org.apache.http.headers - http-outgoing-1 << Content-Type: application/hal+json;charset=utf-8
15:22:42.220 [Test worker] DEBUG org.apache.http.headers - http-outgoing-1 << Content-Length: 3276
15:22:42.221 [Test worker] DEBUG org.apache.http.headers - http-outgoing-1 << Connection: keep-alive
15:22:42.222 [Test worker] DEBUG org.apache.http.headers - http-outgoing-1 << Status: 200 OK
15:22:42.222 [Test worker] DEBUG org.apache.http.headers - http-outgoing-1 << Date: Thu, 07 Jun 2018 13:22:42 GMT
15:22:42.222 [Test worker] DEBUG org.apache.http.headers - http-outgoing-1 << Vary: Accept
15:22:42.223 [Test worker] DEBUG org.apache.http.headers - http-outgoing-1 << X-Content-Type-Options: nosniff
15:22:42.223 [Test worker] DEBUG org.apache.http.headers - http-outgoing-1 << Server: Webmachine-Ruby/1.5.0 Rack/1.3
15:22:42.223 [Test worker] DEBUG org.apache.http.headers - http-outgoing-1 << X-Pact-Broker-Version: 2.19.2
15:22:42.223 [Test worker] DEBUG org.apache.http.headers - http-outgoing-1 << X-Powered-By: Phusion Passenger 5.1.11
15:22:42.224 [Test worker] DEBUG org.apache.http.impl.execchain.MainClientExec - Connection can be kept alive indefinitely
15:22:42.225 [Test worker] DEBUG org.apache.http.impl.conn.PoolingHttpClientConnectionManager - Connection [id: 1][route: {}->http://localhost:80] can be kept alive indefinitely
15:22:42.225 [Test worker] DEBUG org.apache.http.impl.conn.PoolingHttpClientConnectionManager - Connection released: [id: 1][route: {}->http://localhost:80][total kept alive: 1; route allocated: 1 of 5; total allocated: 1 of 10]
15:22:42.617 [Test worker] DEBUG org.springframework.test.context.BootstrapUtils - Instantiating CacheAwareContextLoaderDelegate from class [org.springframework.test.context.cache.DefaultCacheAwareContextLoaderDelegate]
15:22:42.642 [Test worker] DEBUG org.springframework.test.context.BootstrapUtils - Instantiating BootstrapContext using constructor [public org.springframework.test.context.support.DefaultBootstrapContext(java.lang.Class,org.springframework.test.context.CacheAwareContextLoaderDelegate)]
15:22:42.668 [Test worker] DEBUG org.springframework.test.context.BootstrapUtils - Instantiating TestContextBootstrapper for test class [io.reflectoring.UserControllerProviderTest] from class [org.springframework.boot.test.context.SpringBootTestContextBootstrapper]
15:22:42.701 [Test worker] INFO org.springframework.boot.test.context.SpringBootTestContextBootstrapper - Neither @ContextConfiguration nor @ContextHierarchy found for test class [io.reflectoring.UserControllerProviderTest], using SpringBootContextLoader
15:22:42.708 [Test worker] DEBUG org.springframework.test.context.support.AbstractContextLoader - Did not detect default resource location for test class [io.reflectoring.UserControllerProviderTest]: class path resource [io/reflectoring/UserControllerProviderTest-context.xml] does not exist
15:22:42.709 [Test worker] DEBUG org.springframework.test.context.support.AbstractContextLoader - Did not detect default resource location for test class [io.reflectoring.UserControllerProviderTest]: class path resource [io/reflectoring/UserControllerProviderTestContext.groovy] does not exist
15:22:42.709 [Test worker] INFO org.springframework.test.context.support.AbstractContextLoader - Could not detect default resource locations for test class [io.reflectoring.UserControllerProviderTest]: no resource found for suffixes {-context.xml, Context.groovy}.
15:22:42.711 [Test worker] INFO org.springframework.test.context.support.AnnotationConfigContextLoaderUtils - Could not detect default configuration classes for test class [io.reflectoring.UserControllerProviderTest]: UserControllerProviderTest does not declare any static, non-private, non-final, nested classes annotated with @Configuration.
15:22:42.791 [Test worker] DEBUG org.springframework.test.context.support.ActiveProfilesUtils - Could not find an 'annotation declaring class' for annotation type [org.springframework.test.context.ActiveProfiles] and class [io.reflectoring.UserControllerProviderTest]
15:22:42.809 [Test worker] DEBUG org.springframework.core.env.StandardEnvironment - Adding [systemProperties] PropertySource with lowest search precedence
15:22:42.809 [Test worker] DEBUG org.springframework.core.env.StandardEnvironment - Adding [systemEnvironment] PropertySource with lowest search precedence
15:22:42.810 [Test worker] DEBUG org.springframework.core.env.StandardEnvironment - Initialized StandardEnvironment with PropertySources [systemProperties,systemEnvironment]
15:22:42.827 [Test worker] DEBUG org.springframework.core.io.support.PathMatchingResourcePatternResolver - Resolved classpath location [io/reflectoring/] to resources [URL [file:/home/dani/workspace/pact-code-examples-master/pact/pact-spring-provider/build/classes/java/test/io/reflectoring/], URL [file:/home/dani/workspace/pact-code-examples-master/pact/pact-spring-provider/build/classes/java/main/io/reflectoring/]]
15:22:42.828 [Test worker] DEBUG org.springframework.core.io.support.PathMatchingResourcePatternResolver - Looking for matching resources in directory tree [/home/dani/workspace/pact-code-examples-master/pact/pact-spring-provider/build/classes/java/test/io/reflectoring]
15:22:42.828 [Test worker] DEBUG org.springframework.core.io.support.PathMatchingResourcePatternResolver - Searching directory [/home/dani/workspace/pact-code-examples-master/pact/pact-spring-provider/build/classes/java/test/io/reflectoring] for files matching pattern [/home/dani/workspace/pact-code-examples-master/pact/pact-spring-provider/build/classes/java/test/io/reflectoring/*.class]
15:22:42.831 [Test worker] DEBUG org.springframework.core.io.support.PathMatchingResourcePatternResolver - Looking for matching resources in directory tree [/home/dani/workspace/pact-code-examples-master/pact/pact-spring-provider/build/classes/java/main/io/reflectoring]
15:22:42.832 [Test worker] DEBUG org.springframework.core.io.support.PathMatchingResourcePatternResolver - Searching directory [/home/dani/workspace/pact-code-examples-master/pact/pact-spring-provider/build/classes/java/main/io/reflectoring] for files matching pattern [/home/dani/workspace/pact-code-examples-master/pact/pact-spring-provider/build/classes/java/main/io/reflectoring/*.class]
15:22:42.833 [Test worker] DEBUG org.springframework.core.io.support.PathMatchingResourcePatternResolver - Resolved location pattern [classpath*:io/reflectoring/*.class] to resources [file [/home/dani/workspace/pact-code-examples-master/pact/pact-spring-provider/build/classes/java/test/io/reflectoring/UserControllerProviderTest.class], file [/home/dani/workspace/pact-code-examples-master/pact/pact-spring-provider/build/classes/java/main/io/reflectoring/DemoApplication.class], file [/home/dani/workspace/pact-code-examples-master/pact/pact-spring-provider/build/classes/java/main/io/reflectoring/IdObject.class], file [/home/dani/workspace/pact-code-examples-master/pact/pact-spring-provider/build/classes/java/main/io/reflectoring/User.class], file [/home/dani/workspace/pact-code-examples-master/pact/pact-spring-provider/build/classes/java/main/io/reflectoring/UserController.class], file [/home/dani/workspace/pact-code-examples-master/pact/pact-spring-provider/build/classes/java/main/io/reflectoring/UserRepository.class]]
15:22:42.906 [Test worker] DEBUG org.springframework.context.annotation.ClassPathScanningCandidateComponentProvider - Identified candidate component class: file [/home/dani/workspace/pact-code-examples-master/pact/pact-spring-provider/build/classes/java/main/io/reflectoring/DemoApplication.class]
15:22:42.929 [Test worker] INFO org.springframework.boot.test.context.SpringBootTestContextBootstrapper - Found @SpringBootConfiguration io.reflectoring.DemoApplication for test class io.reflectoring.UserControllerProviderTest
15:22:42.933 [Test worker] DEBUG org.springframework.boot.test.context.SpringBootTestContextBootstrapper - @TestExecutionListeners is not present for class [io.reflectoring.UserControllerProviderTest]: using defaults.
15:22:42.938 [Test worker] INFO org.springframework.boot.test.context.SpringBootTestContextBootstrapper - Loaded default TestExecutionListener class names from location [META-INF/spring.factories]: [org.springframework.boot.test.autoconfigure.restdocs.RestDocsTestExecutionListener, org.springframework.boot.test.autoconfigure.web.client.MockRestServiceServerResetTestExecutionListener, org.springframework.boot.test.autoconfigure.web.servlet.MockMvcPrintOnlyOnFailureTestExecutionListener, org.springframework.boot.test.autoconfigure.web.servlet.WebDriverTestExecutionListener, org.springframework.boot.test.mock.mockito.MockitoTestExecutionListener, org.springframework.boot.test.mock.mockito.ResetMocksTestExecutionListener, org.springframework.test.context.web.ServletTestExecutionListener, org.springframework.test.context.support.DirtiesContextBeforeModesTestExecutionListener, org.springframework.test.context.support.DependencyInjectionTestExecutionListener, org.springframework.test.context.support.DirtiesContextTestExecutionListener, org.springframework.test.context.transaction.TransactionalTestExecutionListener, org.springframework.test.context.jdbc.SqlScriptsTestExecutionListener]
15:22:42.981 [Test worker] INFO org.springframework.boot.test.context.SpringBootTestContextBootstrapper - Using TestExecutionListeners: [org.springframework.test.context.web.ServletTestExecutionListener@237e8742, org.springframework.test.context.support.DirtiesContextBeforeModesTestExecutionListener@73312639, org.springframework.boot.test.autoconfigure.SpringBootDependencyInjectionTestExecutionListener@57ab0cf1, org.springframework.test.context.support.DirtiesContextTestExecutionListener@1138abf7, org.springframework.test.context.transaction.TransactionalTestExecutionListener@462b7a05, org.springframework.test.context.jdbc.SqlScriptsTestExecutionListener@3cd19c17, org.springframework.boot.test.autoconfigure.web.client.MockRestServiceServerResetTestExecutionListener@3312c3f8, org.springframework.boot.test.autoconfigure.web.servlet.MockMvcPrintOnlyOnFailureTestExecutionListener@67a1a17e, org.springframework.boot.test.autoconfigure.web.servlet.WebDriverTestExecutionListener@7a4704dd, org.springframework.boot.test.autoconfigure.restdocs.RestDocsTestExecutionListener@4a461ea6, org.springframework.boot.test.mock.mockito.MockitoTestExecutionListener@6f6e1915, org.springframework.boot.test.mock.mockito.ResetMocksTestExecutionListener@5aeefd7]
15:22:43.074 [Test worker] DEBUG org.springframework.test.context.support.AbstractDirtiesContextTestExecutionListener - Before test class: context [DefaultTestContext@6cffe62e testClass = UserControllerProviderTest, testInstance = [null], testMethod = [null], testException = [null], mergedContextConfiguration = [WebMergedContextConfiguration@22bf8828 testClass = UserControllerProviderTest, locations = '{}', classes = '{class io.reflectoring.DemoApplication}', contextInitializerClasses = '[]', activeProfiles = '{}', propertySourceLocations = '{}', propertySourceProperties = '{server.port=8080, org.springframework.boot.test.context.SpringBootTestContextBootstrapper=true}', contextCustomizers = set[org.springframework.boot.test.autoconfigure.properties.PropertyMappingContextCustomizer@0, org.springframework.boot.test.autoconfigure.web.servlet.WebDriverContextCustomizerFactory$Customizer@298a4bde, org.springframework.boot.test.context.SpringBootTestContextCustomizer@279c07f, org.springframework.boot.test.context.filter.ExcludeFilterContextCustomizer@55bf24e6, org.springframework.boot.test.json.DuplicateJsonObjectContextCustomizerFactory$DuplicateJsonObjectContextCustomizer@602145d1, org.springframework.boot.test.mock.mockito.MockitoContextCustomizer@5f85e8f6], resourceBasePath = 'src/main/webapp', contextLoader = 'org.springframework.boot.test.context.SpringBootContextLoader', parent = [null]]], class annotated with @DirtiesContext [false] with mode [null].
15:22:43.083 [Test worker] DEBUG org.springframework.test.context.support.DependencyInjectionTestExecutionListener - Performing dependency injection for test context [[DefaultTestContext@6cffe62e testClass = UserControllerProviderTest, testInstance = io.reflectoring.UserControllerProviderTest@11438711, testMethod = [null], testException = [null], mergedContextConfiguration = [WebMergedContextConfiguration@22bf8828 testClass = UserControllerProviderTest, locations = '{}', classes = '{class io.reflectoring.DemoApplication}', contextInitializerClasses = '[]', activeProfiles = '{}', propertySourceLocations = '{}', propertySourceProperties = '{server.port=8080, org.springframework.boot.test.context.SpringBootTestContextBootstrapper=true}', contextCustomizers = set[org.springframework.boot.test.autoconfigure.properties.PropertyMappingContextCustomizer@0, org.springframework.boot.test.autoconfigure.web.servlet.WebDriverContextCustomizerFactory$Customizer@298a4bde, org.springframework.boot.test.context.SpringBootTestContextCustomizer@279c07f, org.springframework.boot.test.context.filter.ExcludeFilterContextCustomizer@55bf24e6, org.springframework.boot.test.json.DuplicateJsonObjectContextCustomizerFactory$DuplicateJsonObjectContextCustomizer@602145d1, org.springframework.boot.test.mock.mockito.MockitoContextCustomizer@5f85e8f6], resourceBasePath = 'src/main/webapp', contextLoader = 'org.springframework.boot.test.context.SpringBootContextLoader', parent = [null]]]].
15:22:43.171 [Test worker] DEBUG org.springframework.core.env.StandardEnvironment - Adding [systemProperties] PropertySource with lowest search precedence
15:22:43.171 [Test worker] DEBUG org.springframework.core.env.StandardEnvironment - Adding [systemEnvironment] PropertySource with lowest search precedence
15:22:43.172 [Test worker] DEBUG org.springframework.core.env.StandardEnvironment - Initialized StandardEnvironment with PropertySources [systemProperties,systemEnvironment]
15:22:43.173 [Test worker] DEBUG org.springframework.test.context.support.TestPropertySourceUtils - Adding inlined properties to environment: {spring.jmx.enabled=false, server.port=8080, org.springframework.boot.test.context.SpringBootTestContextBootstrapper=true}
15:22:43.174 [Test worker] DEBUG org.springframework.core.env.StandardEnvironment - Adding [Inlined Test Properties] PropertySource with highest search precedence

  .   ____          _            __ _ _
 /\\ / ___'_ __ _ _(_)_ __  __ _ \ \ \ \
( ( )\___ | '_ | '_| | '_ \/ _` | \ \ \ \
 \\/  ___)| |_)| | | | | || (_| |  ) ) ) )
  '  |____| .__|_| |_|_| |_\__, | / / / /
 =========|_|==============|___/=/_/_/_/
 :: Spring Boot ::        (v1.5.4.RELEASE)

2018-06-07 15:22:43.634  WARN 32205 --- [    Test worker] ory$DuplicateJsonObjectContextCustomizer : 

Found multiple occurrences of org.json.JSONObject on the class path:

	jar:file:/home/dani/.gradle/caches/modules-2/files-2.1/com.vaadin.external.google/android-json/0.0.20131108.vaadin1/fa26d351fe62a6a17f5cda1287c1c6110dec413f/android-json-0.0.20131108.vaadin1.jar!/org/json/JSONObject.class
	jar:file:/home/dani/.gradle/caches/modules-2/files-2.1/org.json/json/20140107/d1ffca6e2482b002702c6a576166fd685e3370e3/json-20140107.jar!/org/json/JSONObject.class

You may wish to exclude one of them to ensure predictable runtime behaviour

2018-06-07 15:22:43.668  INFO 32205 --- [    Test worker] i.r.UserControllerProviderTest           : Starting UserControllerProviderTest on dani-Latitude-E5550 with PID 32205 (started by dani in /home/dani/workspace/pact-code-examples-master/pact/pact-spring-provider)
2018-06-07 15:22:43.668  INFO 32205 --- [    Test worker] i.r.UserControllerProviderTest           : No active profile set, falling back to default profiles: default
2018-06-07 15:22:43.747  INFO 32205 --- [    Test worker] ationConfigEmbeddedWebApplicationContext : Refreshing org.springframework.boot.context.embedded.AnnotationConfigEmbeddedWebApplicationContext@fd325ab: startup date [Thu Jun 07 15:22:43 CEST 2018]; root of context hierarchy
2018-06-07 15:22:46.992  INFO 32205 --- [    Test worker] s.b.c.e.t.TomcatEmbeddedServletContainer : Tomcat initialized with port(s): 8080 (http)
2018-06-07 15:22:47.021  INFO 32205 --- [    Test worker] o.apache.catalina.core.StandardService   : Starting service [Tomcat]
2018-06-07 15:22:47.023  INFO 32205 --- [    Test worker] org.apache.catalina.core.StandardEngine  : Starting Servlet Engine: Apache Tomcat/8.5.15
2018-06-07 15:22:47.251  INFO 32205 --- [ost-startStop-1] o.a.c.c.C.[Tomcat].[localhost].[/]       : Initializing Spring embedded WebApplicationContext
2018-06-07 15:22:47.251  INFO 32205 --- [ost-startStop-1] o.s.web.context.ContextLoader            : Root WebApplicationContext: initialization completed in 3510 ms
2018-06-07 15:22:47.389  INFO 32205 --- [ost-startStop-1] o.s.b.w.servlet.ServletRegistrationBean  : Mapping servlet: 'dispatcherServlet' to [/]
2018-06-07 15:22:47.394  INFO 32205 --- [ost-startStop-1] o.s.b.w.servlet.FilterRegistrationBean   : Mapping filter: 'characterEncodingFilter' to: [/*]
2018-06-07 15:22:48.025  INFO 32205 --- [    Test worker] j.LocalContainerEntityManagerFactoryBean : Building JPA container EntityManagerFactory for persistence unit 'default'
2018-06-07 15:22:48.053  INFO 32205 --- [    Test worker] o.hibernate.jpa.internal.util.LogHelper  : HHH000204: Processing PersistenceUnitInfo [
	name: default
	...]
2018-06-07 15:22:48.180  INFO 32205 --- [    Test worker] org.hibernate.Version                    : HHH000412: Hibernate Core {5.0.12.Final}
2018-06-07 15:22:48.184  INFO 32205 --- [    Test worker] org.hibernate.cfg.Environment            : HHH000206: hibernate.properties not found
2018-06-07 15:22:48.186  INFO 32205 --- [    Test worker] org.hibernate.cfg.Environment            : HHH000021: Bytecode provider name : javassist
2018-06-07 15:22:48.324  INFO 32205 --- [    Test worker] o.hibernate.annotations.common.Version   : HCANN000001: Hibernate Commons Annotations {5.0.1.Final}
2018-06-07 15:22:48.556  INFO 32205 --- [    Test worker] org.hibernate.dialect.Dialect            : HHH000400: Using dialect: org.hibernate.dialect.H2Dialect
2018-06-07 15:22:49.596  INFO 32205 --- [    Test worker] org.hibernate.tool.hbm2ddl.SchemaExport  : HHH000227: Running hbm2ddl schema export
2018-06-07 15:22:49.612  INFO 32205 --- [    Test worker] org.hibernate.tool.hbm2ddl.SchemaExport  : HHH000230: Schema export complete
2018-06-07 15:22:49.646  INFO 32205 --- [    Test worker] j.LocalContainerEntityManagerFactoryBean : Initialized JPA EntityManagerFactory for persistence unit 'default'
2018-06-07 15:22:50.119  INFO 32205 --- [    Test worker] s.w.s.m.m.a.RequestMappingHandlerMapping : Mapped "{[/user-service/users/{id}],methods=[GET]}" onto public org.springframework.http.ResponseEntity<io.reflectoring.User> io.reflectoring.UserController.getUser(java.lang.Long)
2018-06-07 15:22:50.121  INFO 32205 --- [    Test worker] s.w.s.m.m.a.RequestMappingHandlerMapping : Mapped "{[/user-service/users],methods=[POST]}" onto public org.springframework.http.ResponseEntity<io.reflectoring.IdObject> io.reflectoring.UserController.createUser(io.reflectoring.User)
2018-06-07 15:22:50.121  INFO 32205 --- [    Test worker] s.w.s.m.m.a.RequestMappingHandlerMapping : Mapped "{[/user-service/users/{id}],methods=[PUT]}" onto public org.springframework.http.ResponseEntity<io.reflectoring.User> io.reflectoring.UserController.updateUser(io.reflectoring.User,long)
2018-06-07 15:22:50.125  INFO 32205 --- [    Test worker] s.w.s.m.m.a.RequestMappingHandlerMapping : Mapped "{[/error],produces=[text/html]}" onto public org.springframework.web.servlet.ModelAndView org.springframework.boot.autoconfigure.web.BasicErrorController.errorHtml(javax.servlet.http.HttpServletRequest,javax.servlet.http.HttpServletResponse)
2018-06-07 15:22:50.126  INFO 32205 --- [    Test worker] s.w.s.m.m.a.RequestMappingHandlerMapping : Mapped "{[/error]}" onto public org.springframework.http.ResponseEntity<java.util.Map<java.lang.String, java.lang.Object>> org.springframework.boot.autoconfigure.web.BasicErrorController.error(javax.servlet.http.HttpServletRequest)
2018-06-07 15:22:50.354  INFO 32205 --- [    Test worker] s.w.s.m.m.a.RequestMappingHandlerAdapter : Looking for @ControllerAdvice: org.springframework.boot.context.embedded.AnnotationConfigEmbeddedWebApplicationContext@fd325ab: startup date [Thu Jun 07 15:22:43 CEST 2018]; root of context hierarchy
2018-06-07 15:22:51.205  INFO 32205 --- [    Test worker] s.b.c.e.t.TomcatEmbeddedServletContainer : Tomcat started on port(s): 8080 (http)
2018-06-07 15:22:51.213  INFO 32205 --- [    Test worker] i.r.UserControllerProviderTest           : Started UserControllerProviderTest in 8.034 seconds (JVM running for 11.893)

Verifying a pact between userclient and userservice
  Given person 42 exists
  a request to PUT a person
2018-06-07 15:22:51.556  INFO 32205 --- [nio-8080-exec-1] o.a.c.c.C.[Tomcat].[localhost].[/]       : Initializing Spring FrameworkServlet 'dispatcherServlet'
2018-06-07 15:22:51.557  INFO 32205 --- [nio-8080-exec-1] o.s.web.servlet.DispatcherServlet        : FrameworkServlet 'dispatcherServlet': initialization started
2018-06-07 15:22:51.580  INFO 32205 --- [nio-8080-exec-1] o.s.web.servlet.DispatcherServlet        : FrameworkServlet 'dispatcherServlet': initialization completed in 22 ms
    returns a response which
      has status code 200 (OK)
      includes headers
        "Content-Type" with value "application/json" (OK)
      has a matching body (OK)

Verifying a pact between userclient and userservice
  Given provider accepts a new person
  a request to POST a person
    returns a response which
      has status code 201 (OK)
      includes headers
        "Content-Type" with value "application/json" (OK)
      has a matching body (OK)
2018-06-07 15:22:52.878  WARN 32205 --- [    Test worker] a.c.d.p.p.junit.InteractionRunner        : Set the provider version using the pact.provider.version property
]]></system-out>
  <system-err><![CDATA[]]></system-err>
</testsuite>
