<?xml version="1.0" encoding="UTF-8"?>
<testsuite name="io.reflectoring.UserServiceConsumerTest" tests="2" skipped="0" failures="0" errors="0" timestamp="2018-06-04T14:23:55" hostname="dani-Latitude-E5550" time="3.166">
  <properties/>
  <testcase name="verifyUpdatePersonPact" classname="io.reflectoring.UserServiceConsumerTest" time="2.847"/>
  <testcase name="verifyCreatePersonPact" classname="io.reflectoring.UserServiceConsumerTest" time="0.313"/>
  <system-out><![CDATA[16:23:46.736 [Test worker] DEBUG org.springframework.test.context.junit4.SpringJUnit4ClassRunner - SpringJUnit4ClassRunner constructor called with [class io.reflectoring.UserServiceConsumerTest]
16:23:46.742 [Test worker] DEBUG org.springframework.test.context.BootstrapUtils - Instantiating CacheAwareContextLoaderDelegate from class [org.springframework.test.context.cache.DefaultCacheAwareContextLoaderDelegate]
16:23:46.751 [Test worker] DEBUG org.springframework.test.context.BootstrapUtils - Instantiating BootstrapContext using constructor [public org.springframework.test.context.support.DefaultBootstrapContext(java.lang.Class,org.springframework.test.context.CacheAwareContextLoaderDelegate)]
16:23:46.770 [Test worker] DEBUG org.springframework.test.context.BootstrapUtils - Instantiating TestContextBootstrapper for test class [io.reflectoring.UserServiceConsumerTest] from class [org.springframework.boot.test.context.SpringBootTestContextBootstrapper]
16:23:46.789 [Test worker] INFO org.springframework.boot.test.context.SpringBootTestContextBootstrapper - Neither @ContextConfiguration nor @ContextHierarchy found for test class [io.reflectoring.UserServiceConsumerTest], using SpringBootContextLoader
16:23:46.794 [Test worker] DEBUG org.springframework.test.context.support.AbstractContextLoader - Did not detect default resource location for test class [io.reflectoring.UserServiceConsumerTest]: class path resource [io/reflectoring/UserServiceConsumerTest-context.xml] does not exist
16:23:46.795 [Test worker] DEBUG org.springframework.test.context.support.AbstractContextLoader - Did not detect default resource location for test class [io.reflectoring.UserServiceConsumerTest]: class path resource [io/reflectoring/UserServiceConsumerTestContext.groovy] does not exist
16:23:46.795 [Test worker] INFO org.springframework.test.context.support.AbstractContextLoader - Could not detect default resource locations for test class [io.reflectoring.UserServiceConsumerTest]: no resource found for suffixes {-context.xml, Context.groovy}.
16:23:46.796 [Test worker] INFO org.springframework.test.context.support.AnnotationConfigContextLoaderUtils - Could not detect default configuration classes for test class [io.reflectoring.UserServiceConsumerTest]: UserServiceConsumerTest does not declare any static, non-private, non-final, nested classes annotated with @Configuration.
16:23:46.857 [Test worker] DEBUG org.springframework.test.context.support.ActiveProfilesUtils - Could not find an 'annotation declaring class' for annotation type [org.springframework.test.context.ActiveProfiles] and class [io.reflectoring.UserServiceConsumerTest]
16:23:46.869 [Test worker] DEBUG org.springframework.core.env.StandardEnvironment - Adding PropertySource 'systemProperties' with lowest search precedence
16:23:46.870 [Test worker] DEBUG org.springframework.core.env.StandardEnvironment - Adding PropertySource 'systemEnvironment' with lowest search precedence
16:23:46.881 [Test worker] DEBUG org.springframework.core.env.StandardEnvironment - Initialized StandardEnvironment with PropertySources [MapPropertySource@1887468995 {name='systemProperties', properties={java.runtime.name=Java(TM) SE Runtime Environment, sun.boot.library.path=/usr/lib/jvm/java-8-oracle/jre/lib/amd64, java.vm.version=25.151-b12, java.vm.vendor=Oracle Corporation, java.vendor.url=http://java.oracle.com/, path.separator=:, java.vm.name=Java HotSpot(TM) 64-Bit Server VM, file.encoding.pkg=sun.io, sun.java.launcher=SUN_STANDARD, user.country=ES, sun.os.patch.level=unknown, java.vm.specification.name=Java Virtual Machine Specification, user.dir=/home/dani/workspace/pact-code-examples-master/pact/pact-feign-consumer, java.runtime.version=1.8.0_151-b12, java.awt.graphicsenv=sun.awt.X11GraphicsEnvironment, java.endorsed.dirs=/usr/lib/jvm/java-8-oracle/jre/lib/endorsed, os.arch=amd64, java.io.tmpdir=/tmp, line.separator=
, java.vm.specification.vendor=Oracle Corporation, user.variant=, os.name=Linux, sun.jnu.encoding=UTF-8, java.library.path=/usr/java/packages/lib/amd64:/usr/lib64:/lib64:/lib:/usr/lib, java.specification.name=Java Platform API Specification, java.class.version=52.0, org.gradle.native=false, sun.management.compiler=HotSpot 64-Bit Tiered Compilers, os.version=3.16.0-38-generic, user.home=/root, user.timezone=Europe/Madrid, java.awt.printerjob=sun.print.PSPrinterJob, file.encoding=UTF-8, java.specification.version=1.8, java.class.path=/home/dani/workspace/pact-code-examples-master/pact/pact-feign-consumer/build/classes/java/test:/home/dani/workspace/pact-code-examples-master/pact/pact-feign-consumer/build/resources/test:/home/dani/workspace/pact-code-examples-master/pact/pact-feign-consumer/build/classes/java/main:/home/dani/workspace/pact-code-examples-master/pact/pact-feign-consumer/build/resources/main:/root/.gradle/caches/modules-2/files-2.1/org.springframework.boot/spring-boot-starter-data-jpa/1.5.9.RELEASE/8628320876aa12cc406216523effe954fbd354c0/spring-boot-starter-data-jpa-1.5.9.RELEASE.jar:/root/.gradle/caches/modules-2/files-2.1/org.springframework.boot/spring-boot-starter-web/1.5.9.RELEASE/bda9733d5e6ba6d1a97deead1738713dc0631b3e/spring-boot-starter-web-1.5.9.RELEASE.jar:/root/.gradle/caches/modules-2/files-2.1/org.springframework.cloud/spring-cloud-starter-feign/1.4.1.RELEASE/67aafdf10fd84d390ceecb00b0bbfa1a3c76d78d/spring-cloud-starter-feign-1.4.1.RELEASE.jar:/root/.gradle/caches/modules-2/files-2.1/com.h2database/h2/1.4.196/dd0034398d593aa3588c6773faac429bbd9aea0e/h2-1.4.196.jar:/root/.gradle/caches/modules-2/files-2.1/au.com.dius/pact-jvm-consumer-junit_2.11/3.5.2/253441248ad5406f26fad54df5d91e06f6492f43/pact-jvm-consumer-junit_2.11-3.5.2.jar:/root/.gradle/caches/modules-2/files-2.1/au.com.dius/pact-jvm-consumer_2.11/3.5.2/c829627b4f8495699aa216b5ea6f99f0567b5b85/pact-jvm-consumer_2.11-3.5.2.jar:/root/.gradle/caches/modules-2/files-2.1/au.com.dius/pact-jvm-matchers_2.11/3.5.2/ab32480cc6b75a149332fa0ae44ba8a91ac2070b/pact-jvm-matchers_2.11-3.5.2.jar:/root/.gradle/caches/modules-2/files-2.1/au.com.dius/pact-jvm-model/3.5.2/ac795ab7baf8692494c851c80ab7c4a9ca6909f8/pact-jvm-model-3.5.2.jar:/root/.gradle/caches/modules-2/files-2.1/org.codehaus.groovy/groovy-all/2.4.6/478feadca929a946b2f1fb962bb2179264759821/groovy-all-2.4.6.jar:/root/.gradle/caches/modules-2/files-2.1/org.codehaus.groovy/groovy-all/2.4.6/36a422446818a73342ff6c49d857e51a34b7b214/groovy-all-2.4.6-indy.jar:/root/.gradle/caches/modules-2/files-2.1/org.springframework.boot/spring-boot-starter-test/1.5.9.RELEASE/b5adf6fbf53be00b7ae52f657d564122edbe5156/spring-boot-starter-test-1.5.9.RELEASE.jar:/root/.gradle/caches/modules-2/files-2.1/org.springframework.boot/spring-boot-starter-aop/1.5.9.RELEASE/fab419df8d7a13968a51ebfcbcad7ef320d66184/spring-boot-starter-aop-1.5.9.RELEASE.jar:/root/.gradle/caches/modules-2/files-2.1/org.springframework.boot/spring-boot-starter-jdbc/1.5.9.RELEASE/6769ecea55e952afb64f17975638c5afd1e59ef3/spring-boot-starter-jdbc-1.5.9.RELEASE.jar:/root/.gradle/caches/modules-2/files-2.1/org.springframework.cloud/spring-cloud-starter-openfeign/1.4.1.RELEASE/e1499b9811150a495fdaf6afc3425233fb3355a0/spring-cloud-starter-openfeign-1.4.1.RELEASE.jar:/root/.gradle/caches/modules-2/files-2.1/org.springframework.cloud/spring-cloud-starter-netflix-ribbon/1.4.1.RELEASE/fb06d16c51af07257a6f80eac45287e7d6e1c522/spring-cloud-starter-netflix-ribbon-1.4.1.RELEASE.jar:/root/.gradle/caches/modules-2/files-2.1/org.springframework.cloud/spring-cloud-starter-netflix-archaius/1.4.1.RELEASE/1fb7cc8acb592b5659cfc318fbfddd523bab080a/spring-cloud-starter-netflix-archaius-1.4.1.RELEASE.jar:/root/.gradle/caches/modules-2/files-2.1/org.springframework.cloud/spring-cloud-starter/1.3.1.RELEASE/2146b9fa55526e069c513afc6f386ffd46e2b446/spring-cloud-starter-1.3.1.RELEASE.jar:/root/.gradle/caches/modules-2/files-2.1/org.springframework.boot/spring-boot-starter/1.5.9.RELEASE/6bfb34db2715ee86c6e2337fa145650588b4b1b3/spring-boot-starter-1.5.9.RELEASE.jar:/root/.gradle/caches/modules-2/files-2.1/org.hibernate/hibernate-entitymanager/5.0.12.Final/302a526f5058290e9cbd719a5caf9f248d344719/hibernate-entitymanager-5.0.12.Final.jar:/root/.gradle/caches/modules-2/files-2.1/org.hibernate/hibernate-core/5.0.12.Final/e58bf1c660e6706d8e2cbb53bae110f574366102/hibernate-core-5.0.12.Final.jar:/root/.gradle/caches/modules-2/files-2.1/javax.transaction/javax.transaction-api/1.2/d81aff979d603edd90dcd8db2abc1f4ce6479e3e/javax.transaction-api-1.2.jar:/root/.gradle/caches/modules-2/files-2.1/org.springframework.data/spring-data-jpa/1.11.9.RELEASE/64c80f12361d5b74cf98a3433b59a5c961d78d38/spring-data-jpa-1.11.9.RELEASE.jar:/root/.gradle/caches/modules-2/files-2.1/org.springframework/spring-aspects/4.3.13.RELEASE/c91788e6b7c431379d0f7fe5f85f427d7e3f01ae/spring-aspects-4.3.13.RELEASE.jar:/root/.gradle/caches/modules-2/files-2.1/org.springframework.boot/spring-boot-starter-tomcat/1.5.9.RELEASE/4615056f8a2bcad03ba8cdf410419ee3d101c5bb/spring-boot-starter-tomcat-1.5.9.RELEASE.jar:/root/.gradle/caches/modules-2/files-2.1/org.hibernate/hibernate-validator/5.3.6.Final/4c730be8bf55a8e9a61e79a2f2c079abf48b718/hibernate-validator-5.3.6.Final.jar:/root/.gradle/caches/modules-2/files-2.1/com.amazonaws/aws-java-sdk-s3/1.11.30/c2f992675ece9a9089e13ec18fd6abe6d13e5ca0/aws-java-sdk-s3-1.11.30.jar:/root/.gradle/caches/modules-2/files-2.1/com.amazonaws/aws-java-sdk-kms/1.11.30/5457daec23ed7fd408408ea45b20ac310da3c585/aws-java-sdk-kms-1.11.30.jar:/root/.gradle/caches/modules-2/files-2.1/com.amazonaws/aws-java-sdk-core/1.11.30/96e646e2fc2a50a3084f43216ecc6c5d1da9864e/aws-java-sdk-core-1.11.30.jar:/root/.gradle/caches/modules-2/files-2.1/com.amazonaws/jmespath-java/1.0/4fbe000aebd883504b635219fd7b13385a0607c7/jmespath-java-1.0.jar:/root/.gradle/caches/modules-2/files-2.1/io.github.openfeign/feign-hystrix/9.5.0/1a715fb47635793c5302fcdd3f880ed6ec2816fd/feign-hystrix-9.5.0.jar:/root/.gradle/caches/modules-2/files-2.1/com.netflix.ribbon/ribbon/2.2.4/6cd5aaa08e53e8871df633c94dc814f1c365ba5d/ribbon-2.2.4.jar:/root/.gradle/caches/modules-2/files-2.1/com.netflix.ribbon/ribbon-httpclient/2.2.4/7abf937cdc019e6137aecf5499e95ea213802255/ribbon-httpclient-2.2.4.jar:/root/.gradle/caches/modules-2/files-2.1/com.netflix.ribbon/ribbon-transport/2.2.4/84c8b4801225ba52a929fdca41ccc0f2177f3db4/ribbon-transport-2.2.4.jar:/root/.gradle/caches/modules-2/files-2.1/com.netflix.ribbon/ribbon-loadbalancer/2.2.4/2927d9956875fe0cbe8cd7d8e845b1943d08548c/ribbon-loadbalancer-2.2.4.jar:/root/.gradle/caches/modules-2/files-2.1/com.netflix.ribbon/ribbon-core/2.2.4/f86e87244899fb0e5afda719aa76b5ce6b87453b/ribbon-core-2.2.4.jar:/root/.gradle/caches/modules-2/files-2.1/com.netflix.hystrix/hystrix-core/1.4.26/32335aa0c9efb38d7d0017d0f1f359dedda9fd85/hystrix-core-1.4.26.jar:/root/.gradle/caches/modules-2/files-2.1/com.netflix.archaius/archaius-core/0.7.4/d6b5e5c541452248fd8565ccd0732623c81a30b5/archaius-core-0.7.4.jar:/root/.gradle/caches/modules-2/files-2.1/com.fasterxml.jackson.core/jackson-databind/2.8.10/f7b83cb2bc4b88d53961e749e1ad32f49ef017b7/jackson-databind-2.8.10.jar:/root/.gradle/caches/modules-2/files-2.1/org.springframework/spring-webmvc/4.3.13.RELEASE/87a095c7a1d13fe433ae6712787238c1dbaa6919/spring-webmvc-4.3.13.RELEASE.jar:/root/.gradle/caches/modules-2/files-2.1/org.springframework/spring-web/4.3.13.RELEASE/7cd084992d546165ede3e99bc31ee49c937f0ce7/spring-web-4.3.13.RELEASE.jar:/root/.gradle/caches/modules-2/files-2.1/org.jetbrains.kotlin/kotlin-stdlib-jre8/1.1.2-5/270420dbf234b53aa3f044011825b6876385e7a0/kotlin-stdlib-jre8-1.1.2-5.jar:/root/.gradle/caches/modules-2/files-2.1/org.jetbrains.kotlin/kotlin-reflect/1.1.2-5/2a34ff04d248615a587e8c0f67c1eb88f8ace5d7/kotlin-reflect-1.1.2-5.jar:/root/.gradle/caches/modules-2/files-2.1/io.github.microutils/kotlin-logging/1.4.4/b99f59fa242e55dbf5b6984fd7b4db73ef0850ae/kotlin-logging-1.4.4.jar:/root/.gradle/caches/modules-2/files-2.1/com.typesafe.scala-logging/scala-logging_2.11/3.4.0/c40ca4477a177f8498a8aadbc72e67372a5e4a3a/scala-logging_2.11-3.4.0.jar:/root/.m2/repository/com/jayway/jsonpath/json-path/2.2.0/json-path-2.2.0.jar:/root/.gradle/caches/modules-2/files-2.1/org.springframework.data/spring-data-commons/1.13.9.RELEASE/3910a598235d2e9c1ca56f34c5e62bb5ce23778/spring-data-commons-1.13.9.RELEASE.jar:/root/.gradle/caches/modules-2/files-2.1/org.springframework.boot/spring-boot-starter-logging/1.5.9.RELEASE/30fd62a1ce9639759d90d49608501082314c1628/spring-boot-starter-logging-1.5.9.RELEASE.jar:/root/.m2/repository/org/slf4j/jcl-over-slf4j/1.7.25/jcl-over-slf4j-1.7.25.jar:/root/.gradle/caches/modules-2/files-2.1/io.github.openfeign/feign-slf4j/9.5.0/bd87fd711ac41e952c63e25a1d68df5b4cc1e0a3/feign-slf4j-9.5.0.jar:/root/.m2/repository/ch/qos/logback/logback-classic/1.1.11/logback-classic-1.1.11.jar:/root/.m2/repository/org/slf4j/jul-to-slf4j/1.7.25/jul-to-slf4j-1.7.25.jar:/root/.m2/repository/org/slf4j/log4j-over-slf4j/1.7.25/log4j-over-slf4j-1.7.25.jar:/root/.gradle/caches/modules-2/files-2.1/net.databinder.dispatch/dispatch-core_2.11/0.11.3/f03187b23a4197d9ccb539f95c13db51adda010/dispatch-core_2.11-0.11.3.jar:/root/.gradle/caches/modules-2/files-2.1/com.ning/async-http-client/1.9.11/489495ebd61cc7887116c44d96e3e89fdfb6d04f/async-http-client-1.9.11.jar:/root/.gradle/caches/modules-2/files-2.1/io.reactivex/rxnetty-contexts/0.4.9/6efe17a25602a5424c18ab975aa9c28b6d6b7f56/rxnetty-contexts-0.4.9.jar:/root/.gradle/caches/modules-2/files-2.1/io.reactivex/rxnetty-servo/0.4.9/b7d6d6e132686c280f16710eaa3e90719f6808f8/rxnetty-servo-0.4.9.jar:/root/.gradle/caches/modules-2/files-2.1/io.reactivex/rxnetty/0.4.9/5aff3c9d6bb9d9066c378bb3d2a4413ed1773bcf/rxnetty-0.4.9.jar:/root/.gradle/caches/modules-2/files-2.1/com.netflix.netflix-commons/netflix-commons-util/0.1.1/39e67061780476f207b31465baaed84a91ff659f/netflix-commons-util-0.1.1.jar:/root/.gradle/caches/modules-2/files-2.1/com.netflix.netflix-commons/netflix-statistics/0.1.1/12f6e48253f9cafa0e24d7d232ff504c52143212/netflix-statistics-0.1.1.jar:/root/.gradle/caches/modules-2/files-2.1/com.netflix.servo/servo-core/0.10.1/7461ed61647f9996c88ad822546ffc7851a45e0e/servo-core-0.10.1.jar:/root/.gradle/caches/modules-2/files-2.1/com.netflix.servo/servo-internal/0.10.1/bb6f9cd7b309189bad01b93a806ba9d6cb5d915a/servo-internal-0.10.1.jar:/root/.m2/repository/org/slf4j/slf4j-api/1.7.25/slf4j-api-1.7.25.jar:/root/.gradle/caches/modules-2/files-2.1/org.scala-lang/scala-compiler/2.11.8/fe1285c9f7b58954c5ef6d80b59063569c065e9a/scala-compiler-2.11.8.jar:/root/.gradle/caches/modules-2/files-2.1/org.scala-lang/scala-reflect/2.11.8/b74530deeba742ab4f3134de0c2da0edc49ca361/scala-reflect-2.11.8.jar:/root/.gradle/caches/modules-2/files-2.1/io.gatling/jsonpath_2.11/0.6.4/cbbb9b25346aa04d2bcc4f6ba56f12bc31faf2a5/jsonpath_2.11-0.6.4.jar:/root/.gradle/caches/modules-2/files-2.1/net.databinder/unfiltered-netty-server_2.11/0.8.4/d98cf8bfe31423cc4ae9d73e3aab0432b6199e80/unfiltered-netty-server_2.11-0.8.4.jar:/root/.gradle/caches/modules-2/files-2.1/net.databinder/unfiltered-netty_2.11/0.8.4/cdab5d1b8fc370daadd04f838937965c7cfb45dd/unfiltered-netty_2.11-0.8.4.jar:/root/.gradle/caches/modules-2/files-2.1/net.databinder/unfiltered_2.11/0.8.4/d85a6b4c4499eb75727adb047f8e36bd364145d5/unfiltered_2.11-0.8.4.jar:/root/.gradle/caches/modules-2/files-2.1/net.databinder/unfiltered-util_2.11/0.8.4/5417620f35959b7e26708729fa7be625bdfe62da/unfiltered-util_2.11-0.8.4.jar:/root/.gradle/caches/modules-2/files-2.1/org.scala-lang.modules/scala-xml_2.11/1.0.4/b67c76af885ba3323ce51bbed4c9232f4bd5d8fd/scala-xml_2.11-1.0.4.jar:/root/.gradle/caches/modules-2/files-2.1/org.scala-lang.modules/scala-parser-combinators_2.11/1.0.4/7369d653bcfa95d321994660477a4d7e81d7f490/scala-parser-combinators_2.11-1.0.4.jar:/root/.gradle/caches/modules-2/files-2.1/org.scala-lang/scala-library/2.11.8/ddd5a8bced249bedd86fb4578a39b9fb71480573/scala-library-2.11.8.jar:/root/.m2/repository/junit/junit/4.12/junit-4.12.jar:/root/.gradle/caches/modules-2/files-2.1/org.json/json/20140107/d1ffca6e2482b002702c6a576166fd685e3370e3/json-20140107.jar:/root/.m2/repository/org/apache/commons/commons-lang3/3.4/commons-lang3-3.4.jar:/root/.gradle/caches/modules-2/files-2.1/com.google.guava/guava/22.0/3564ef3803de51fb0530a8377ec6100b33b0d073/guava-22.0.jar:/root/.gradle/caches/modules-2/files-2.1/org.springframework.boot/spring-boot-test-autoconfigure/1.5.9.RELEASE/b428495e25b0531b2a977f51c5d29011c817b8ee/spring-boot-test-autoconfigure-1.5.9.RELEASE.jar:/root/.gradle/caches/modules-2/files-2.1/org.springframework.boot/spring-boot-test/1.5.9.RELEASE/7e604d56325f04a8b89a280e647746fc69e5a21f/spring-boot-test-1.5.9.RELEASE.jar:/root/.m2/repository/org/assertj/assertj-core/2.6.0/assertj-core-2.6.0.jar:/root/.m2/repository/org/mockito/mockito-core/1.10.19/mockito-core-1.10.19.jar:/root/.m2/repository/org/hamcrest/hamcrest-library/1.3/hamcrest-library-1.3.jar:/root/.m2/repository/org/hamcrest/hamcrest-core/1.3/hamcrest-core-1.3.jar:/root/.m2/repository/org/skyscreamer/jsonassert/1.4.0/jsonassert-1.4.0.jar:/root/.gradle/caches/modules-2/files-2.1/org.springframework/spring-test/4.3.13.RELEASE/f4ff71b0d628d37f334d4f1f197c1b8cea364d01/spring-test-4.3.13.RELEASE.jar:/root/.gradle/caches/modules-2/files-2.1/org.springframework.cloud/spring-cloud-netflix-core/1.4.1.RELEASE/41a82fc4cf1363dcdb6a7d8826e2b33e4f2d7ca4/spring-cloud-netflix-core-1.4.1.RELEASE.jar:/root/.gradle/caches/modules-2/files-2.1/org.springframework.boot/spring-boot-autoconfigure/1.5.9.RELEASE/88dd18bdaf317ae40971573a051fd47265f2ed39/spring-boot-autoconfigure-1.5.9.RELEASE.jar:/root/.gradle/caches/modules-2/files-2.1/org.springframework.boot/spring-boot/1.5.9.RELEASE/f472cdf948288796fb31e0bb03f6e7b022b763a0/spring-boot-1.5.9.RELEASE.jar:/root/.gradle/caches/modules-2/files-2.1/org.springframework/spring-orm/4.3.13.RELEASE/382d3ce044204947f8f2b3fa67a665d4e2bd346f/spring-orm-4.3.13.RELEASE.jar:/root/.gradle/caches/modules-2/files-2.1/org.springframework/spring-jdbc/4.3.13.RELEASE/68e95c2a065641559c7dab7b605bc5847ab026ad/spring-jdbc-4.3.13.RELEASE.jar:/root/.gradle/caches/modules-2/files-2.1/org.springframework/spring-context/4.3.13.RELEASE/6ab1c189a13182fa3256f6bbc68fafdaf8f5a19e/spring-context-4.3.13.RELEASE.jar:/root/.gradle/caches/modules-2/files-2.1/org.springframework/spring-tx/4.3.13.RELEASE/6ebf7b3f2099fa884038d9d7bd44817ebd9c5b4a/spring-tx-4.3.13.RELEASE.jar:/root/.gradle/caches/modules-2/files-2.1/org.springframework/spring-aop/4.3.13.RELEASE/61f427b55951f59b50f3c2bd0de3c48960e2a342/spring-aop-4.3.13.RELEASE.jar:/root/.gradle/caches/modules-2/files-2.1/org.springframework/spring-beans/4.3.13.RELEASE/8613a7077722f1d97f8cb3fea4b0b40bfadf4496/spring-beans-4.3.13.RELEASE.jar:/root/.gradle/caches/modules-2/files-2.1/org.springframework/spring-expression/4.3.13.RELEASE/da22bf7df1262e429b49653be6cd5b89b6affe5e/spring-expression-4.3.13.RELEASE.jar:/root/.gradle/caches/modules-2/files-2.1/org.springframework/spring-core/4.3.13.RELEASE/eea18d7f4d01f1baa1b6728b678b5a6fe23c61f6/spring-core-4.3.13.RELEASE.jar:/root/.m2/repository/org/yaml/snakeyaml/1.17/snakeyaml-1.17.jar:/root/.gradle/caches/modules-2/files-2.1/org.aspectj/aspectjweaver/1.8.13/ad94df2a28d658a40dc27bbaff6a1ce5fbf04e9b/aspectjweaver-1.8.13.jar:/root/.gradle/caches/modules-2/files-2.1/org.apache.tomcat/tomcat-jdbc/8.5.23/6036400a8f2d90dd3ae3a4d09e5136c56002887b/tomcat-jdbc-8.5.23.jar:/root/.gradle/caches/modules-2/files-2.1/org.hibernate.common/hibernate-commons-annotations/5.0.1.Final/71e1cff3fcb20d3b3af4f3363c3ddb24d33c6879/hibernate-commons-annotations-5.0.1.Final.jar:/root/.m2/repository/org/jboss/logging/jboss-logging/3.3.1.Final/jboss-logging-3.3.1.Final.jar:/root/.gradle/caches/modules-2/files-2.1/org.hibernate.javax.persistence/hibernate-jpa-2.1-api/1.0.0.Final/5e731d961297e5a07290bfaf3db1fbc8bbbf405a/hibernate-jpa-2.1-api-1.0.0.Final.jar:/root/.gradle/caches/modules-2/files-2.1/org.javassist/javassist/3.21.0-GA/598244f595db5c5fb713731eddbb1c91a58d959b/javassist-3.21.0-GA.jar:/root/.gradle/caches/modules-2/files-2.1/antlr/antlr/2.7.7/83cd2cd674a217ade95a4bb83a8a14f351f48bd0/antlr-2.7.7.jar:/root/.gradle/caches/modules-2/files-2.1/org.jboss/jandex/2.0.0.Final/3e899258936f94649c777193e1be846387ed54b3/jandex-2.0.0.Final.jar:/root/.gradle/caches/modules-2/files-2.1/dom4j/dom4j/1.6.1/5d3ccc056b6f056dbf0dddfdf43894b9065a8f94/dom4j-1.6.1.jar:/root/.gradle/caches/modules-2/files-2.1/org.apache.tomcat.embed/tomcat-embed-websocket/8.5.23/52f07abcae10dc7e1764304b0877def175c2c833/tomcat-embed-websocket-8.5.23.jar:/root/.gradle/caches/modules-2/files-2.1/org.apache.tomcat.embed/tomcat-embed-core/8.5.23/79261793a47f507890ee08f749b9d81774e4f7f0/tomcat-embed-core-8.5.23.jar:/root/.gradle/caches/modules-2/files-2.1/org.apache.tomcat.embed/tomcat-embed-el/8.5.23/98d979cde444dffa6d434c8377d0123b2dfa614c/tomcat-embed-el-8.5.23.jar:/root/.gradle/caches/modules-2/files-2.1/javax.validation/validation-api/1.1.0.Final/8613ae82954779d518631e05daa73a6a954817d5/validation-api-1.1.0.Final.jar:/root/.m2/repository/com/fasterxml/classmate/1.3.4/classmate-1.3.4.jar:/root/.m2/repository/com/fasterxml/jackson/core/jackson-annotations/2.8.0/jackson-annotations-2.8.0.jar:/root/.gradle/caches/modules-2/files-2.1/com.fasterxml.jackson.dataformat/jackson-dataformat-cbor/2.8.10/1c58cc9313ddf19f0900cd61ed044874278ce320/jackson-dataformat-cbor-2.8.10.jar:/root/.gradle/caches/modules-2/files-2.1/com.fasterxml.jackson.core/jackson-core/2.8.10/eb21a035c66ad307e66ec8fce37f5d50fd62d039/jackson-core-2.8.10.jar:/root/.gradle/caches/modules-2/files-2.1/org.springframework.cloud/spring-cloud-commons/1.3.1.RELEASE/36bf49ae5e26d5401eb3ffcd9f1f962001bcbbfb/spring-cloud-commons-1.3.1.RELEASE.jar:/root/.gradle/caches/modules-2/files-2.1/io.github.openfeign/feign-core/9.5.0/7b89da81b21d8cdd4f5b4c79b730dbc11427bb14/feign-core-9.5.0.jar:/root/.gradle/caches/modules-2/files-2.1/org.jetbrains.kotlin/kotlin-stdlib-jre7/1.1.2-5/6617f5ad8c76e5141fff9da5b8975081cad24ccf/kotlin-stdlib-jre7-1.1.2-5.jar:/root/.gradle/caches/modules-2/files-2.1/org.jetbrains.kotlin/kotlin-stdlib/1.1.2-5/508b8b59843653756aeed058a3a421afa0657bcb/kotlin-stdlib-1.1.2-5.jar:/root/.gradle/caches/modules-2/files-2.1/com.googlecode.java-diff-utils/diffutils/1.3.0/7e060dd5b19431e6d198e91ff670644372f60fbd/diffutils-1.3.0.jar:/root/.gradle/caches/modules-2/files-2.1/com.github.mifmif/generex/1.0.1/d8b3573e6d59f0a61dfc37f85dd568ad3bf49e83/generex-1.0.1.jar:/root/.gradle/caches/modules-2/files-2.1/dk.brics.automaton/automaton/1.11-8/6ebfa65eb431ff4b715a23be7a750cbc4cc96d0f/automaton-1.11-8.jar:/root/.gradle/caches/modules-2/files-2.1/org.apache.httpcomponents/fluent-hc/4.5.2/7bfdfa49de6d720ad3c8cedb6a5238eec564dfed/fluent-hc-4.5.2.jar:/root/.gradle/caches/modules-2/files-2.1/org.codehaus.groovy.modules.http-builder/http-builder/0.7.1/a21771ae3da5ce9f5c4d7a60c1e716666aa2acf9/http-builder-0.7.1.jar:/root/.gradle/caches/modules-2/files-2.1/com.sun.jersey.contribs/jersey-apache-client4/1.19.1/e1c45701a003097ace96bed4bc8fb937e9867498/jersey-apache-client4-1.19.1.jar:/root/.gradle/caches/modules-2/files-2.1/org.apache.httpcomponents/httpclient/4.5.3/d1577ae15f01ef5438c5afc62162457c00a34713/httpclient-4.5.3.jar:/root/.m2/repository/net/minidev/json-smart/2.2.1/json-smart-2.2.1.jar:/root/.m2/repository/org/objenesis/objenesis/2.1/objenesis-2.1.jar:/root/.m2/repository/com/vaadin/external/google/android-json/0.0.20131108.vaadin1/android-json-0.0.20131108.vaadin1.jar:/root/.gradle/caches/modules-2/files-2.1/org.apache.tomcat/tomcat-juli/8.5.23/98e7f0610b7b2fb8303f11be0210e3f5a56a7d55/tomcat-juli-8.5.23.jar:/root/.gradle/caches/modules-2/files-2.1/org.apache.tomcat/tomcat-annotations-api/8.5.23/aaf17df9fe0240e9e9d5375d24d5f177174b73d9/tomcat-annotations-api-8.5.23.jar:/root/.gradle/caches/modules-2/files-2.1/org.springframework.cloud/spring-cloud-context/1.3.1.RELEASE/d917a126751620aa62131858069374287d72d47/spring-cloud-context-1.3.1.RELEASE.jar:/root/.gradle/caches/modules-2/files-2.1/org.springframework.security/spring-security-rsa/1.0.3.RELEASE/b0b1ee770597b5de1b51e9a889dfd2dc35d251b0/spring-security-rsa-1.0.3.RELEASE.jar:/root/.gradle/caches/modules-2/files-2.1/org.springframework.security/spring-security-crypto/4.2.3.RELEASE/a5c850acc91bff1970fe751d7407df81c4bce3cc/spring-security-crypto-4.2.3.RELEASE.jar:/root/.gradle/caches/modules-2/files-2.1/org.jvnet/animal-sniffer-annotation/1.0/67da8e0d8a8ef79c461a489f9f7bb3e86e23ccae/animal-sniffer-annotation-1.0.jar:/root/.gradle/caches/modules-2/files-2.1/io.reactivex/rxjava/1.2.0/42bfaf64c94f3848ebf5cf1c2ea4ec9d1b3ac6c8/rxjava-1.2.0.jar:/root/.gradle/caches/modules-2/files-2.1/commons-configuration/commons-configuration/1.8/6cce40435bcd8018018f16898de01976b319941a/commons-configuration-1.8.jar:/root/.gradle/caches/modules-2/files-2.1/io.netty/netty-codec-http/4.0.27.Final/59b04b31b58942615c0035c61db1167d118ee218/netty-codec-http-4.0.27.Final.jar:/root/.gradle/caches/modules-2/files-2.1/io.netty/netty-handler/4.0.40.Final/1d283fea961c27190a520fc841148715f5569a8a/netty-handler-4.0.40.Final.jar:/root/.gradle/caches/modules-2/files-2.1/com.github.zafarkhaja/java-semver/0.9.0/59a83ca73c72a5e25b3f0b1bb305230a11000329/java-semver-0.9.0.jar:/root/.gradle/caches/modules-2/files-2.1/com.google.code.gson/gson/2.8.2/3edcfe49d2c6053a70a2a47e4e1c2f94998a49cf/gson-2.8.2.jar:/root/.m2/repository/org/apache/commons/commons-collections4/4.1/commons-collections4-4.1.jar:/root/.gradle/caches/modules-2/files-2.1/org.apache.httpcomponents/httpcore/4.4.8/70539e2a07865bab38b4153da1ce599cf081790a/httpcore-4.4.8.jar:/root/.gradle/caches/modules-2/files-2.1/net.sf.json-lib/json-lib/2.3/f35340c0a0380141f62c72b76c8fb4bfa638d8c1/json-lib-2.3-jdk15.jar:/root/.gradle/caches/modules-2/files-2.1/commons-beanutils/commons-beanutils/1.9.3/c845703de334ddc6b4b3cd26835458cb1cba1f3d/commons-beanutils-1.9.3.jar:/root/.m2/repository/commons-logging/commons-logging/1.2/commons-logging-1.2.jar:/root/.gradle/caches/modules-2/files-2.1/commons-codec/commons-codec/1.10/4b95f4897fa13f2cd904aee711aeafc0c5295cd8/commons-codec-1.10.jar:/root/.m2/repository/net/minidev/accessors-smart/1.1/accessors-smart-1.1.jar:/root/.m2/repository/ch/qos/logback/logback-core/1.1.11/logback-core-1.1.11.jar:/root/.gradle/caches/modules-2/files-2.1/org.bouncycastle/bcpkix-jdk15on/1.55/6392d8cba22b722c6570d660ca0b3921ff1bae4f/bcpkix-jdk15on-1.55.jar:/root/.m2/repository/javax/inject/javax.inject/1/javax.inject-1.jar:/root/.gradle/caches/modules-2/files-2.1/net.sf.ezmorph/ezmorph/1.0.6/1e55d2a0253ea37745d33062852fd2c90027432/ezmorph-1.0.6.jar:/root/.m2/repository/commons-lang/commons-lang/2.6/commons-lang-2.6.jar:/root/.gradle/caches/modules-2/files-2.1/commons-collections/commons-collections/3.2.2/8ad72fe39fa8c91eaaf12aadb21e0c3661fe26d5/commons-collections-3.2.2.jar:/root/.gradle/caches/modules-2/files-2.1/com.sun.jersey/jersey-client/1.19.1/2df97ebd4e5c01599584c45caa3aeb563d268eef/jersey-client-1.19.1.jar:/root/.gradle/caches/modules-2/files-2.1/io.netty/netty-transport-native-epoll/4.0.27.Final/3da4eda5697a09c9f8e217bc6a0f265b5b5102c5/netty-transport-native-epoll-4.0.27.Final.jar:/root/.gradle/caches/modules-2/files-2.1/io.netty/netty-codec/4.0.40.Final/f6ad91e4884b47c3e7e5faa3732b06e317ab82e1/netty-codec-4.0.40.Final.jar:/root/.gradle/caches/modules-2/files-2.1/io.netty/netty-transport/4.0.40.Final/ad6890b272eea75185252c85c2927752e221764d/netty-transport-4.0.40.Final.jar:/root/.gradle/caches/modules-2/files-2.1/io.netty/netty-buffer/4.0.40.Final/9ccf9a1130dbb4a4142febd5d6f68c735a7a059b/netty-buffer-4.0.40.Final.jar:/root/.gradle/caches/modules-2/files-2.1/net.sourceforge.nekohtml/nekohtml/1.9.22/4f54af68ecb345f2453fb6884672ad08414154e3/nekohtml-1.9.22.jar:/root/.gradle/caches/modules-2/files-2.1/xml-resolver/xml-resolver/1.2/3d0f97750b3a03e0971831566067754ba4bfd68c/xml-resolver-1.2.jar:/root/.gradle/caches/modules-2/files-2.1/io.netty/netty/3.10.0.Final/ad61cd1bba067e6634ddd3e160edf0727391ac30/netty-3.10.0.Final.jar:/root/.m2/repository/org/ow2/asm/asm/5.0.3/asm-5.0.3.jar:/root/.gradle/caches/modules-2/files-2.1/org.bouncycastle/bcprov-jdk15on/1.55/935f2e57a00ec2c489cbd2ad830d4a399708f979/bcprov-jdk15on-1.55.jar:/root/.gradle/caches/modules-2/files-2.1/com.sun.jersey/jersey-core/1.19.1/4282d106f2acd5051bd9bc2935ed9a2920c9385/jersey-core-1.19.1.jar:/root/.gradle/caches/modules-2/files-2.1/io.netty/netty-common/4.0.40.Final/ef08d9d6fa46f6a937e7a9934030df16f38978ae/netty-common-4.0.40.Final.jar:/root/.gradle/caches/modules-2/files-2.1/xerces/xercesImpl/2.11.0/9bb329db1cfc4e22462c9d6b43a8432f5850e92c/xercesImpl-2.11.0.jar:/root/.gradle/caches/modules-2/files-2.1/joda-time/joda-time/2.9.9/f7b520c458572890807d143670c9b24f4de90897/joda-time-2.9.9.jar:/root/.gradle/caches/modules-2/files-2.1/javax.ws.rs/jsr311-api/1.1.1/59033da2a1afd56af1ac576750a8d0b1830d59e6/jsr311-api-1.1.1.jar:/root/.gradle/caches/modules-2/files-2.1/xml-apis/xml-apis/1.4.01/3789d9fada2d3d458c4ba2de349d48780f381ee3/xml-apis-1.4.01.jar:/root/.gradle/caches/modules-2/files-2.1/org.jetbrains/annotations/13.0/919f0dfe192fb4e063e7dacadee7f8bb9a2672a9/annotations-13.0.jar:/root/.gradle/caches/modules-2/files-2.1/com.google.code.findbugs/jsr305/3.0.1/f7be08ec23c21485b9b5a1cf1654c2ec8c58168d/jsr305-3.0.1.jar:/root/.gradle/caches/modules-2/files-2.1/com.google.errorprone/error_prone_annotations/2.0.18/5f65affce1684999e2f4024983835efc3504012e/error_prone_annotations-2.0.18.jar:/root/.gradle/caches/modules-2/files-2.1/com.google.j2objc/j2objc-annotations/1.1/976d8d30bebc251db406f2bdb3eb01962b5685b3/j2objc-annotations-1.1.jar:/root/.gradle/caches/modules-2/files-2.1/org.codehaus.mojo/animal-sniffer-annotations/1.14/775b7e22fb10026eed3f86e8dc556dfafe35f2d5/animal-sniffer-annotations-1.14.jar, user.name=root, java.vm.specification.version=1.8, sun.java.command=worker.org.gradle.process.internal.worker.GradleWorkerMain 'Gradle Test Executor 2', java.home=/usr/lib/jvm/java-8-oracle/jre, sun.arch.data.model=64, user.language=es, java.specification.vendor=Oracle Corporation, awt.toolkit=sun.awt.X11.XToolkit, java.vm.info=mixed mode, java.version=1.8.0_151, java.ext.dirs=/usr/lib/jvm/java-8-oracle/jre/lib/ext:/usr/java/packages/lib/ext, sun.boot.class.path=/usr/lib/jvm/java-8-oracle/jre/lib/resources.jar:/usr/lib/jvm/java-8-oracle/jre/lib/rt.jar:/usr/lib/jvm/java-8-oracle/jre/lib/sunrsasign.jar:/usr/lib/jvm/java-8-oracle/jre/lib/jsse.jar:/usr/lib/jvm/java-8-oracle/jre/lib/jce.jar:/usr/lib/jvm/java-8-oracle/jre/lib/charsets.jar:/usr/lib/jvm/java-8-oracle/jre/lib/jfr.jar:/usr/lib/jvm/java-8-oracle/jre/classes, java.vendor=Oracle Corporation, org.gradle.test.worker=2, file.separator=/, java.vendor.url.bug=http://bugreport.sun.com/bugreport/, sun.io.unicode.encoding=UnicodeLittle, sun.cpu.endian=little, sun.cpu.isalist=}}, SystemEnvironmentPropertySource@1764331507 {name='systemEnvironment', properties={PATH=/usr/local/sbin:/usr/local/bin:/usr/sbin:/usr/bin:/sbin:/bin:/snap/bin, XAUTHORITY=/home/dani/.Xauthority, SHELL=/bin/bash, TERM=xterm, OLDPWD=/home/dani/workspace/pact-code-examples-master/pact/pact-feign-consumer, XFILESEARCHPATH=/usr/dt/app-defaults/%L/Dt, USER=root, LANG=es_ES.UTF-8, SUDO_USER=dani, SUDO_COMMAND=./gradlew build, DISPLAY=:0, SUDO_GID=1000, MAIL=/var/mail/root, COLORTERM=gnome-terminal, NLSPATH=/usr/dt/lib/nls/msg/%L/%N.cat, USERNAME=root, LOGNAME=root, PWD=/home/dani/workspace/pact-code-examples-master/pact/pact-feign-consumer, LS_COLORS=rs=0:di=01;34:ln=01;36:mh=00:pi=40;33:so=01;35:do=01;35:bd=40;33;01:cd=40;33;01:or=40;31;01:su=37;41:sg=30;43:ca=30;41:tw=30;42:ow=34;42:st=37;44:ex=01;32:*.tar=01;31:*.tgz=01;31:*.arj=01;31:*.taz=01;31:*.lzh=01;31:*.lzma=01;31:*.tlz=01;31:*.txz=01;31:*.zip=01;31:*.z=01;31:*.Z=01;31:*.dz=01;31:*.gz=01;31:*.lz=01;31:*.xz=01;31:*.bz2=01;31:*.bz=01;31:*.tbz=01;31:*.tbz2=01;31:*.tz=01;31:*.deb=01;31:*.rpm=01;31:*.jar=01;31:*.war=01;31:*.ear=01;31:*.sar=01;31:*.rar=01;31:*.ace=01;31:*.zoo=01;31:*.cpio=01;31:*.7z=01;31:*.rz=01;31:*.jpg=01;35:*.jpeg=01;35:*.gif=01;35:*.bmp=01;35:*.pbm=01;35:*.pgm=01;35:*.ppm=01;35:*.tga=01;35:*.xbm=01;35:*.xpm=01;35:*.tif=01;35:*.tiff=01;35:*.png=01;35:*.svg=01;35:*.svgz=01;35:*.mng=01;35:*.pcx=01;35:*.mov=01;35:*.mpg=01;35:*.mpeg=01;35:*.m2v=01;35:*.mkv=01;35:*.webm=01;35:*.ogm=01;35:*.mp4=01;35:*.m4v=01;35:*.mp4v=01;35:*.vob=01;35:*.qt=01;35:*.nuv=01;35:*.wmv=01;35:*.asf=01;35:*.rm=01;35:*.rmvb=01;35:*.flc=01;35:*.avi=01;35:*.fli=01;35:*.flv=01;35:*.gl=01;35:*.dl=01;35:*.xcf=01;35:*.xwd=01;35:*.yuv=01;35:*.cgm=01;35:*.emf=01;35:*.axv=01;35:*.anx=01;35:*.ogv=01;35:*.ogx=01;35:*.aac=00;36:*.au=00;36:*.flac=00;36:*.mid=00;36:*.midi=00;36:*.mka=00;36:*.mp3=00;36:*.mpc=00;36:*.ogg=00;36:*.ra=00;36:*.wav=00;36:*.axa=00;36:*.oga=00;36:*.spx=00;36:*.xspf=00;36:, SUDO_UID=1000, HOME=/home/dani}}]
16:23:46.902 [Test worker] DEBUG org.springframework.core.io.support.PathMatchingResourcePatternResolver - Resolved classpath location [io/reflectoring/] to resources [URL [file:/home/dani/workspace/pact-code-examples-master/pact/pact-feign-consumer/build/classes/java/test/io/reflectoring/], URL [file:/home/dani/workspace/pact-code-examples-master/pact/pact-feign-consumer/build/classes/java/main/io/reflectoring/]]
16:23:46.903 [Test worker] DEBUG org.springframework.core.io.support.PathMatchingResourcePatternResolver - Looking for matching resources in directory tree [/home/dani/workspace/pact-code-examples-master/pact/pact-feign-consumer/build/classes/java/test/io/reflectoring]
16:23:46.903 [Test worker] DEBUG org.springframework.core.io.support.PathMatchingResourcePatternResolver - Searching directory [/home/dani/workspace/pact-code-examples-master/pact/pact-feign-consumer/build/classes/java/test/io/reflectoring] for files matching pattern [/home/dani/workspace/pact-code-examples-master/pact/pact-feign-consumer/build/classes/java/test/io/reflectoring/*.class]
16:23:46.907 [Test worker] DEBUG org.springframework.core.io.support.PathMatchingResourcePatternResolver - Looking for matching resources in directory tree [/home/dani/workspace/pact-code-examples-master/pact/pact-feign-consumer/build/classes/java/main/io/reflectoring]
16:23:46.907 [Test worker] DEBUG org.springframework.core.io.support.PathMatchingResourcePatternResolver - Searching directory [/home/dani/workspace/pact-code-examples-master/pact/pact-feign-consumer/build/classes/java/main/io/reflectoring] for files matching pattern [/home/dani/workspace/pact-code-examples-master/pact/pact-feign-consumer/build/classes/java/main/io/reflectoring/*.class]
16:23:46.909 [Test worker] DEBUG org.springframework.core.io.support.PathMatchingResourcePatternResolver - Resolved location pattern [classpath*:io/reflectoring/*.class] to resources [file [/home/dani/workspace/pact-code-examples-master/pact/pact-feign-consumer/build/classes/java/test/io/reflectoring/UserServiceConsumerTest.class], file [/home/dani/workspace/pact-code-examples-master/pact/pact-feign-consumer/build/classes/java/main/io/reflectoring/ConsumerApplication.class], file [/home/dani/workspace/pact-code-examples-master/pact/pact-feign-consumer/build/classes/java/main/io/reflectoring/FeignConfiguration.class], file [/home/dani/workspace/pact-code-examples-master/pact/pact-feign-consumer/build/classes/java/main/io/reflectoring/IdObject.class], file [/home/dani/workspace/pact-code-examples-master/pact/pact-feign-consumer/build/classes/java/main/io/reflectoring/User.class], file [/home/dani/workspace/pact-code-examples-master/pact/pact-feign-consumer/build/classes/java/main/io/reflectoring/UserClient.class]]
16:23:46.969 [Test worker] DEBUG org.springframework.context.annotation.ClassPathScanningCandidateComponentProvider - Identified candidate component class: file [/home/dani/workspace/pact-code-examples-master/pact/pact-feign-consumer/build/classes/java/main/io/reflectoring/ConsumerApplication.class]
16:23:46.983 [Test worker] INFO org.springframework.boot.test.context.SpringBootTestContextBootstrapper - Found @SpringBootConfiguration io.reflectoring.ConsumerApplication for test class io.reflectoring.UserServiceConsumerTest
16:23:46.989 [Test worker] DEBUG org.springframework.boot.test.context.SpringBootTestContextBootstrapper - @TestExecutionListeners is not present for class [io.reflectoring.UserServiceConsumerTest]: using defaults.
16:23:46.996 [Test worker] INFO org.springframework.boot.test.context.SpringBootTestContextBootstrapper - Loaded default TestExecutionListener class names from location [META-INF/spring.factories]: [org.springframework.boot.test.autoconfigure.restdocs.RestDocsTestExecutionListener, org.springframework.boot.test.autoconfigure.web.client.MockRestServiceServerResetTestExecutionListener, org.springframework.boot.test.autoconfigure.web.servlet.MockMvcPrintOnlyOnFailureTestExecutionListener, org.springframework.boot.test.autoconfigure.web.servlet.WebDriverTestExecutionListener, org.springframework.boot.test.mock.mockito.MockitoTestExecutionListener, org.springframework.boot.test.mock.mockito.ResetMocksTestExecutionListener, org.springframework.test.context.web.ServletTestExecutionListener, org.springframework.test.context.support.DirtiesContextBeforeModesTestExecutionListener, org.springframework.test.context.support.DependencyInjectionTestExecutionListener, org.springframework.test.context.support.DirtiesContextTestExecutionListener, org.springframework.test.context.transaction.TransactionalTestExecutionListener, org.springframework.test.context.jdbc.SqlScriptsTestExecutionListener]
16:23:47.026 [Test worker] INFO org.springframework.boot.test.context.SpringBootTestContextBootstrapper - Using TestExecutionListeners: [org.springframework.test.context.web.ServletTestExecutionListener@245ebb24, org.springframework.test.context.support.DirtiesContextBeforeModesTestExecutionListener@420b0686, org.springframework.boot.test.autoconfigure.SpringBootDependencyInjectionTestExecutionListener@5aa1c2ad, org.springframework.test.context.support.DirtiesContextTestExecutionListener@779e6f1e, org.springframework.test.context.transaction.TransactionalTestExecutionListener@26c86d52, org.springframework.test.context.jdbc.SqlScriptsTestExecutionListener@3ced603b, org.springframework.boot.test.autoconfigure.restdocs.RestDocsTestExecutionListener@680d79a1, org.springframework.boot.test.autoconfigure.web.servlet.MockMvcPrintOnlyOnFailureTestExecutionListener@6cef0d21, org.springframework.boot.test.autoconfigure.web.servlet.WebDriverTestExecutionListener@9285f13, org.springframework.boot.test.mock.mockito.MockitoTestExecutionListener@5e930ab5, org.springframework.boot.test.autoconfigure.web.client.MockRestServiceServerResetTestExecutionListener@5d50b0b7, org.springframework.boot.test.mock.mockito.ResetMocksTestExecutionListener@49c23839]
16:23:47.031 [Test worker] DEBUG org.springframework.test.annotation.ProfileValueUtils - Retrieved @ProfileValueSourceConfiguration [null] for test class [io.reflectoring.UserServiceConsumerTest]
16:23:47.032 [Test worker] DEBUG org.springframework.test.annotation.ProfileValueUtils - Retrieved ProfileValueSource type [class org.springframework.test.annotation.SystemProfileValueSource] for class [io.reflectoring.UserServiceConsumerTest]
16:23:47.033 [Test worker] DEBUG org.springframework.test.annotation.ProfileValueUtils - Retrieved @ProfileValueSourceConfiguration [null] for test class [io.reflectoring.UserServiceConsumerTest]
16:23:47.033 [Test worker] DEBUG org.springframework.test.annotation.ProfileValueUtils - Retrieved ProfileValueSource type [class org.springframework.test.annotation.SystemProfileValueSource] for class [io.reflectoring.UserServiceConsumerTest]
16:23:47.039 [Test worker] DEBUG org.springframework.test.context.support.AbstractDirtiesContextTestExecutionListener - Before test class: context [DefaultTestContext@7c4b71b7 testClass = UserServiceConsumerTest, testInstance = [null], testMethod = [null], testException = [null], mergedContextConfiguration = [WebMergedContextConfiguration@18ad4e3a testClass = UserServiceConsumerTest, locations = '{}', classes = '{class io.reflectoring.ConsumerApplication}', contextInitializerClasses = '[]', activeProfiles = '{}', propertySourceLocations = '{}', propertySourceProperties = '{userservice.ribbon.listOfServers: localhost:8888, org.springframework.boot.test.context.SpringBootTestContextBootstrapper=true}', contextCustomizers = set[org.springframework.boot.test.autoconfigure.properties.PropertyMappingContextCustomizer@0, org.springframework.boot.test.autoconfigure.web.servlet.WebDriverContextCustomizerFactory$Customizer@4b42bd57, org.springframework.boot.test.context.SpringBootTestContextCustomizer@14dca738, org.springframework.boot.test.context.filter.ExcludeFilterContextCustomizer@4eca43f1, org.springframework.boot.test.json.DuplicateJsonObjectContextCustomizerFactory$DuplicateJsonObjectContextCustomizer@7385e4a0, org.springframework.boot.test.mock.mockito.MockitoContextCustomizer@0], resourceBasePath = 'src/main/webapp', contextLoader = 'org.springframework.boot.test.context.SpringBootContextLoader', parent = [null]]], class annotated with @DirtiesContext [false] with mode [null].
16:23:47.040 [Test worker] DEBUG org.springframework.test.annotation.ProfileValueUtils - Retrieved @ProfileValueSourceConfiguration [null] for test class [io.reflectoring.UserServiceConsumerTest]
16:23:47.040 [Test worker] DEBUG org.springframework.test.annotation.ProfileValueUtils - Retrieved ProfileValueSource type [class org.springframework.test.annotation.SystemProfileValueSource] for class [io.reflectoring.UserServiceConsumerTest]
16:23:47.440 [Test worker] DEBUG org.springframework.core.env.StandardEnvironment - Adding PropertySource 'systemProperties' with lowest search precedence
16:23:47.440 [Test worker] DEBUG org.springframework.core.env.StandardEnvironment - Adding PropertySource 'systemEnvironment' with lowest search precedence
16:23:47.441 [Test worker] DEBUG org.springframework.core.env.StandardEnvironment - Initialized StandardEnvironment with PropertySources [MapPropertySource@401804434 {name='systemProperties', properties={java.runtime.name=Java(TM) SE Runtime Environment, sun.boot.library.path=/usr/lib/jvm/java-8-oracle/jre/lib/amd64, java.vm.version=25.151-b12, java.vm.vendor=Oracle Corporation, java.vendor.url=http://java.oracle.com/, path.separator=:, java.vm.name=Java HotSpot(TM) 64-Bit Server VM, file.encoding.pkg=sun.io, sun.java.launcher=SUN_STANDARD, user.country=ES, sun.os.patch.level=unknown, java.vm.specification.name=Java Virtual Machine Specification, user.dir=/home/dani/workspace/pact-code-examples-master/pact/pact-feign-consumer, java.runtime.version=1.8.0_151-b12, java.awt.graphicsenv=sun.awt.X11GraphicsEnvironment, java.endorsed.dirs=/usr/lib/jvm/java-8-oracle/jre/lib/endorsed, os.arch=amd64, java.io.tmpdir=/tmp, line.separator=
, java.vm.specification.vendor=Oracle Corporation, user.variant=, os.name=Linux, sun.jnu.encoding=UTF-8, java.library.path=/usr/java/packages/lib/amd64:/usr/lib64:/lib64:/lib:/usr/lib, java.specification.name=Java Platform API Specification, java.class.version=52.0, org.gradle.native=false, sun.management.compiler=HotSpot 64-Bit Tiered Compilers, os.version=3.16.0-38-generic, user.home=/root, user.timezone=Europe/Madrid, java.awt.printerjob=sun.print.PSPrinterJob, file.encoding=UTF-8, java.specification.version=1.8, java.class.path=/home/dani/workspace/pact-code-examples-master/pact/pact-feign-consumer/build/classes/java/test:/home/dani/workspace/pact-code-examples-master/pact/pact-feign-consumer/build/resources/test:/home/dani/workspace/pact-code-examples-master/pact/pact-feign-consumer/build/classes/java/main:/home/dani/workspace/pact-code-examples-master/pact/pact-feign-consumer/build/resources/main:/root/.gradle/caches/modules-2/files-2.1/org.springframework.boot/spring-boot-starter-data-jpa/1.5.9.RELEASE/8628320876aa12cc406216523effe954fbd354c0/spring-boot-starter-data-jpa-1.5.9.RELEASE.jar:/root/.gradle/caches/modules-2/files-2.1/org.springframework.boot/spring-boot-starter-web/1.5.9.RELEASE/bda9733d5e6ba6d1a97deead1738713dc0631b3e/spring-boot-starter-web-1.5.9.RELEASE.jar:/root/.gradle/caches/modules-2/files-2.1/org.springframework.cloud/spring-cloud-starter-feign/1.4.1.RELEASE/67aafdf10fd84d390ceecb00b0bbfa1a3c76d78d/spring-cloud-starter-feign-1.4.1.RELEASE.jar:/root/.gradle/caches/modules-2/files-2.1/com.h2database/h2/1.4.196/dd0034398d593aa3588c6773faac429bbd9aea0e/h2-1.4.196.jar:/root/.gradle/caches/modules-2/files-2.1/au.com.dius/pact-jvm-consumer-junit_2.11/3.5.2/253441248ad5406f26fad54df5d91e06f6492f43/pact-jvm-consumer-junit_2.11-3.5.2.jar:/root/.gradle/caches/modules-2/files-2.1/au.com.dius/pact-jvm-consumer_2.11/3.5.2/c829627b4f8495699aa216b5ea6f99f0567b5b85/pact-jvm-consumer_2.11-3.5.2.jar:/root/.gradle/caches/modules-2/files-2.1/au.com.dius/pact-jvm-matchers_2.11/3.5.2/ab32480cc6b75a149332fa0ae44ba8a91ac2070b/pact-jvm-matchers_2.11-3.5.2.jar:/root/.gradle/caches/modules-2/files-2.1/au.com.dius/pact-jvm-model/3.5.2/ac795ab7baf8692494c851c80ab7c4a9ca6909f8/pact-jvm-model-3.5.2.jar:/root/.gradle/caches/modules-2/files-2.1/org.codehaus.groovy/groovy-all/2.4.6/478feadca929a946b2f1fb962bb2179264759821/groovy-all-2.4.6.jar:/root/.gradle/caches/modules-2/files-2.1/org.codehaus.groovy/groovy-all/2.4.6/36a422446818a73342ff6c49d857e51a34b7b214/groovy-all-2.4.6-indy.jar:/root/.gradle/caches/modules-2/files-2.1/org.springframework.boot/spring-boot-starter-test/1.5.9.RELEASE/b5adf6fbf53be00b7ae52f657d564122edbe5156/spring-boot-starter-test-1.5.9.RELEASE.jar:/root/.gradle/caches/modules-2/files-2.1/org.springframework.boot/spring-boot-starter-aop/1.5.9.RELEASE/fab419df8d7a13968a51ebfcbcad7ef320d66184/spring-boot-starter-aop-1.5.9.RELEASE.jar:/root/.gradle/caches/modules-2/files-2.1/org.springframework.boot/spring-boot-starter-jdbc/1.5.9.RELEASE/6769ecea55e952afb64f17975638c5afd1e59ef3/spring-boot-starter-jdbc-1.5.9.RELEASE.jar:/root/.gradle/caches/modules-2/files-2.1/org.springframework.cloud/spring-cloud-starter-openfeign/1.4.1.RELEASE/e1499b9811150a495fdaf6afc3425233fb3355a0/spring-cloud-starter-openfeign-1.4.1.RELEASE.jar:/root/.gradle/caches/modules-2/files-2.1/org.springframework.cloud/spring-cloud-starter-netflix-ribbon/1.4.1.RELEASE/fb06d16c51af07257a6f80eac45287e7d6e1c522/spring-cloud-starter-netflix-ribbon-1.4.1.RELEASE.jar:/root/.gradle/caches/modules-2/files-2.1/org.springframework.cloud/spring-cloud-starter-netflix-archaius/1.4.1.RELEASE/1fb7cc8acb592b5659cfc318fbfddd523bab080a/spring-cloud-starter-netflix-archaius-1.4.1.RELEASE.jar:/root/.gradle/caches/modules-2/files-2.1/org.springframework.cloud/spring-cloud-starter/1.3.1.RELEASE/2146b9fa55526e069c513afc6f386ffd46e2b446/spring-cloud-starter-1.3.1.RELEASE.jar:/root/.gradle/caches/modules-2/files-2.1/org.springframework.boot/spring-boot-starter/1.5.9.RELEASE/6bfb34db2715ee86c6e2337fa145650588b4b1b3/spring-boot-starter-1.5.9.RELEASE.jar:/root/.gradle/caches/modules-2/files-2.1/org.hibernate/hibernate-entitymanager/5.0.12.Final/302a526f5058290e9cbd719a5caf9f248d344719/hibernate-entitymanager-5.0.12.Final.jar:/root/.gradle/caches/modules-2/files-2.1/org.hibernate/hibernate-core/5.0.12.Final/e58bf1c660e6706d8e2cbb53bae110f574366102/hibernate-core-5.0.12.Final.jar:/root/.gradle/caches/modules-2/files-2.1/javax.transaction/javax.transaction-api/1.2/d81aff979d603edd90dcd8db2abc1f4ce6479e3e/javax.transaction-api-1.2.jar:/root/.gradle/caches/modules-2/files-2.1/org.springframework.data/spring-data-jpa/1.11.9.RELEASE/64c80f12361d5b74cf98a3433b59a5c961d78d38/spring-data-jpa-1.11.9.RELEASE.jar:/root/.gradle/caches/modules-2/files-2.1/org.springframework/spring-aspects/4.3.13.RELEASE/c91788e6b7c431379d0f7fe5f85f427d7e3f01ae/spring-aspects-4.3.13.RELEASE.jar:/root/.gradle/caches/modules-2/files-2.1/org.springframework.boot/spring-boot-starter-tomcat/1.5.9.RELEASE/4615056f8a2bcad03ba8cdf410419ee3d101c5bb/spring-boot-starter-tomcat-1.5.9.RELEASE.jar:/root/.gradle/caches/modules-2/files-2.1/org.hibernate/hibernate-validator/5.3.6.Final/4c730be8bf55a8e9a61e79a2f2c079abf48b718/hibernate-validator-5.3.6.Final.jar:/root/.gradle/caches/modules-2/files-2.1/com.amazonaws/aws-java-sdk-s3/1.11.30/c2f992675ece9a9089e13ec18fd6abe6d13e5ca0/aws-java-sdk-s3-1.11.30.jar:/root/.gradle/caches/modules-2/files-2.1/com.amazonaws/aws-java-sdk-kms/1.11.30/5457daec23ed7fd408408ea45b20ac310da3c585/aws-java-sdk-kms-1.11.30.jar:/root/.gradle/caches/modules-2/files-2.1/com.amazonaws/aws-java-sdk-core/1.11.30/96e646e2fc2a50a3084f43216ecc6c5d1da9864e/aws-java-sdk-core-1.11.30.jar:/root/.gradle/caches/modules-2/files-2.1/com.amazonaws/jmespath-java/1.0/4fbe000aebd883504b635219fd7b13385a0607c7/jmespath-java-1.0.jar:/root/.gradle/caches/modules-2/files-2.1/io.github.openfeign/feign-hystrix/9.5.0/1a715fb47635793c5302fcdd3f880ed6ec2816fd/feign-hystrix-9.5.0.jar:/root/.gradle/caches/modules-2/files-2.1/com.netflix.ribbon/ribbon/2.2.4/6cd5aaa08e53e8871df633c94dc814f1c365ba5d/ribbon-2.2.4.jar:/root/.gradle/caches/modules-2/files-2.1/com.netflix.ribbon/ribbon-httpclient/2.2.4/7abf937cdc019e6137aecf5499e95ea213802255/ribbon-httpclient-2.2.4.jar:/root/.gradle/caches/modules-2/files-2.1/com.netflix.ribbon/ribbon-transport/2.2.4/84c8b4801225ba52a929fdca41ccc0f2177f3db4/ribbon-transport-2.2.4.jar:/root/.gradle/caches/modules-2/files-2.1/com.netflix.ribbon/ribbon-loadbalancer/2.2.4/2927d9956875fe0cbe8cd7d8e845b1943d08548c/ribbon-loadbalancer-2.2.4.jar:/root/.gradle/caches/modules-2/files-2.1/com.netflix.ribbon/ribbon-core/2.2.4/f86e87244899fb0e5afda719aa76b5ce6b87453b/ribbon-core-2.2.4.jar:/root/.gradle/caches/modules-2/files-2.1/com.netflix.hystrix/hystrix-core/1.4.26/32335aa0c9efb38d7d0017d0f1f359dedda9fd85/hystrix-core-1.4.26.jar:/root/.gradle/caches/modules-2/files-2.1/com.netflix.archaius/archaius-core/0.7.4/d6b5e5c541452248fd8565ccd0732623c81a30b5/archaius-core-0.7.4.jar:/root/.gradle/caches/modules-2/files-2.1/com.fasterxml.jackson.core/jackson-databind/2.8.10/f7b83cb2bc4b88d53961e749e1ad32f49ef017b7/jackson-databind-2.8.10.jar:/root/.gradle/caches/modules-2/files-2.1/org.springframework/spring-webmvc/4.3.13.RELEASE/87a095c7a1d13fe433ae6712787238c1dbaa6919/spring-webmvc-4.3.13.RELEASE.jar:/root/.gradle/caches/modules-2/files-2.1/org.springframework/spring-web/4.3.13.RELEASE/7cd084992d546165ede3e99bc31ee49c937f0ce7/spring-web-4.3.13.RELEASE.jar:/root/.gradle/caches/modules-2/files-2.1/org.jetbrains.kotlin/kotlin-stdlib-jre8/1.1.2-5/270420dbf234b53aa3f044011825b6876385e7a0/kotlin-stdlib-jre8-1.1.2-5.jar:/root/.gradle/caches/modules-2/files-2.1/org.jetbrains.kotlin/kotlin-reflect/1.1.2-5/2a34ff04d248615a587e8c0f67c1eb88f8ace5d7/kotlin-reflect-1.1.2-5.jar:/root/.gradle/caches/modules-2/files-2.1/io.github.microutils/kotlin-logging/1.4.4/b99f59fa242e55dbf5b6984fd7b4db73ef0850ae/kotlin-logging-1.4.4.jar:/root/.gradle/caches/modules-2/files-2.1/com.typesafe.scala-logging/scala-logging_2.11/3.4.0/c40ca4477a177f8498a8aadbc72e67372a5e4a3a/scala-logging_2.11-3.4.0.jar:/root/.m2/repository/com/jayway/jsonpath/json-path/2.2.0/json-path-2.2.0.jar:/root/.gradle/caches/modules-2/files-2.1/org.springframework.data/spring-data-commons/1.13.9.RELEASE/3910a598235d2e9c1ca56f34c5e62bb5ce23778/spring-data-commons-1.13.9.RELEASE.jar:/root/.gradle/caches/modules-2/files-2.1/org.springframework.boot/spring-boot-starter-logging/1.5.9.RELEASE/30fd62a1ce9639759d90d49608501082314c1628/spring-boot-starter-logging-1.5.9.RELEASE.jar:/root/.m2/repository/org/slf4j/jcl-over-slf4j/1.7.25/jcl-over-slf4j-1.7.25.jar:/root/.gradle/caches/modules-2/files-2.1/io.github.openfeign/feign-slf4j/9.5.0/bd87fd711ac41e952c63e25a1d68df5b4cc1e0a3/feign-slf4j-9.5.0.jar:/root/.m2/repository/ch/qos/logback/logback-classic/1.1.11/logback-classic-1.1.11.jar:/root/.m2/repository/org/slf4j/jul-to-slf4j/1.7.25/jul-to-slf4j-1.7.25.jar:/root/.m2/repository/org/slf4j/log4j-over-slf4j/1.7.25/log4j-over-slf4j-1.7.25.jar:/root/.gradle/caches/modules-2/files-2.1/net.databinder.dispatch/dispatch-core_2.11/0.11.3/f03187b23a4197d9ccb539f95c13db51adda010/dispatch-core_2.11-0.11.3.jar:/root/.gradle/caches/modules-2/files-2.1/com.ning/async-http-client/1.9.11/489495ebd61cc7887116c44d96e3e89fdfb6d04f/async-http-client-1.9.11.jar:/root/.gradle/caches/modules-2/files-2.1/io.reactivex/rxnetty-contexts/0.4.9/6efe17a25602a5424c18ab975aa9c28b6d6b7f56/rxnetty-contexts-0.4.9.jar:/root/.gradle/caches/modules-2/files-2.1/io.reactivex/rxnetty-servo/0.4.9/b7d6d6e132686c280f16710eaa3e90719f6808f8/rxnetty-servo-0.4.9.jar:/root/.gradle/caches/modules-2/files-2.1/io.reactivex/rxnetty/0.4.9/5aff3c9d6bb9d9066c378bb3d2a4413ed1773bcf/rxnetty-0.4.9.jar:/root/.gradle/caches/modules-2/files-2.1/com.netflix.netflix-commons/netflix-commons-util/0.1.1/39e67061780476f207b31465baaed84a91ff659f/netflix-commons-util-0.1.1.jar:/root/.gradle/caches/modules-2/files-2.1/com.netflix.netflix-commons/netflix-statistics/0.1.1/12f6e48253f9cafa0e24d7d232ff504c52143212/netflix-statistics-0.1.1.jar:/root/.gradle/caches/modules-2/files-2.1/com.netflix.servo/servo-core/0.10.1/7461ed61647f9996c88ad822546ffc7851a45e0e/servo-core-0.10.1.jar:/root/.gradle/caches/modules-2/files-2.1/com.netflix.servo/servo-internal/0.10.1/bb6f9cd7b309189bad01b93a806ba9d6cb5d915a/servo-internal-0.10.1.jar:/root/.m2/repository/org/slf4j/slf4j-api/1.7.25/slf4j-api-1.7.25.jar:/root/.gradle/caches/modules-2/files-2.1/org.scala-lang/scala-compiler/2.11.8/fe1285c9f7b58954c5ef6d80b59063569c065e9a/scala-compiler-2.11.8.jar:/root/.gradle/caches/modules-2/files-2.1/org.scala-lang/scala-reflect/2.11.8/b74530deeba742ab4f3134de0c2da0edc49ca361/scala-reflect-2.11.8.jar:/root/.gradle/caches/modules-2/files-2.1/io.gatling/jsonpath_2.11/0.6.4/cbbb9b25346aa04d2bcc4f6ba56f12bc31faf2a5/jsonpath_2.11-0.6.4.jar:/root/.gradle/caches/modules-2/files-2.1/net.databinder/unfiltered-netty-server_2.11/0.8.4/d98cf8bfe31423cc4ae9d73e3aab0432b6199e80/unfiltered-netty-server_2.11-0.8.4.jar:/root/.gradle/caches/modules-2/files-2.1/net.databinder/unfiltered-netty_2.11/0.8.4/cdab5d1b8fc370daadd04f838937965c7cfb45dd/unfiltered-netty_2.11-0.8.4.jar:/root/.gradle/caches/modules-2/files-2.1/net.databinder/unfiltered_2.11/0.8.4/d85a6b4c4499eb75727adb047f8e36bd364145d5/unfiltered_2.11-0.8.4.jar:/root/.gradle/caches/modules-2/files-2.1/net.databinder/unfiltered-util_2.11/0.8.4/5417620f35959b7e26708729fa7be625bdfe62da/unfiltered-util_2.11-0.8.4.jar:/root/.gradle/caches/modules-2/files-2.1/org.scala-lang.modules/scala-xml_2.11/1.0.4/b67c76af885ba3323ce51bbed4c9232f4bd5d8fd/scala-xml_2.11-1.0.4.jar:/root/.gradle/caches/modules-2/files-2.1/org.scala-lang.modules/scala-parser-combinators_2.11/1.0.4/7369d653bcfa95d321994660477a4d7e81d7f490/scala-parser-combinators_2.11-1.0.4.jar:/root/.gradle/caches/modules-2/files-2.1/org.scala-lang/scala-library/2.11.8/ddd5a8bced249bedd86fb4578a39b9fb71480573/scala-library-2.11.8.jar:/root/.m2/repository/junit/junit/4.12/junit-4.12.jar:/root/.gradle/caches/modules-2/files-2.1/org.json/json/20140107/d1ffca6e2482b002702c6a576166fd685e3370e3/json-20140107.jar:/root/.m2/repository/org/apache/commons/commons-lang3/3.4/commons-lang3-3.4.jar:/root/.gradle/caches/modules-2/files-2.1/com.google.guava/guava/22.0/3564ef3803de51fb0530a8377ec6100b33b0d073/guava-22.0.jar:/root/.gradle/caches/modules-2/files-2.1/org.springframework.boot/spring-boot-test-autoconfigure/1.5.9.RELEASE/b428495e25b0531b2a977f51c5d29011c817b8ee/spring-boot-test-autoconfigure-1.5.9.RELEASE.jar:/root/.gradle/caches/modules-2/files-2.1/org.springframework.boot/spring-boot-test/1.5.9.RELEASE/7e604d56325f04a8b89a280e647746fc69e5a21f/spring-boot-test-1.5.9.RELEASE.jar:/root/.m2/repository/org/assertj/assertj-core/2.6.0/assertj-core-2.6.0.jar:/root/.m2/repository/org/mockito/mockito-core/1.10.19/mockito-core-1.10.19.jar:/root/.m2/repository/org/hamcrest/hamcrest-library/1.3/hamcrest-library-1.3.jar:/root/.m2/repository/org/hamcrest/hamcrest-core/1.3/hamcrest-core-1.3.jar:/root/.m2/repository/org/skyscreamer/jsonassert/1.4.0/jsonassert-1.4.0.jar:/root/.gradle/caches/modules-2/files-2.1/org.springframework/spring-test/4.3.13.RELEASE/f4ff71b0d628d37f334d4f1f197c1b8cea364d01/spring-test-4.3.13.RELEASE.jar:/root/.gradle/caches/modules-2/files-2.1/org.springframework.cloud/spring-cloud-netflix-core/1.4.1.RELEASE/41a82fc4cf1363dcdb6a7d8826e2b33e4f2d7ca4/spring-cloud-netflix-core-1.4.1.RELEASE.jar:/root/.gradle/caches/modules-2/files-2.1/org.springframework.boot/spring-boot-autoconfigure/1.5.9.RELEASE/88dd18bdaf317ae40971573a051fd47265f2ed39/spring-boot-autoconfigure-1.5.9.RELEASE.jar:/root/.gradle/caches/modules-2/files-2.1/org.springframework.boot/spring-boot/1.5.9.RELEASE/f472cdf948288796fb31e0bb03f6e7b022b763a0/spring-boot-1.5.9.RELEASE.jar:/root/.gradle/caches/modules-2/files-2.1/org.springframework/spring-orm/4.3.13.RELEASE/382d3ce044204947f8f2b3fa67a665d4e2bd346f/spring-orm-4.3.13.RELEASE.jar:/root/.gradle/caches/modules-2/files-2.1/org.springframework/spring-jdbc/4.3.13.RELEASE/68e95c2a065641559c7dab7b605bc5847ab026ad/spring-jdbc-4.3.13.RELEASE.jar:/root/.gradle/caches/modules-2/files-2.1/org.springframework/spring-context/4.3.13.RELEASE/6ab1c189a13182fa3256f6bbc68fafdaf8f5a19e/spring-context-4.3.13.RELEASE.jar:/root/.gradle/caches/modules-2/files-2.1/org.springframework/spring-tx/4.3.13.RELEASE/6ebf7b3f2099fa884038d9d7bd44817ebd9c5b4a/spring-tx-4.3.13.RELEASE.jar:/root/.gradle/caches/modules-2/files-2.1/org.springframework/spring-aop/4.3.13.RELEASE/61f427b55951f59b50f3c2bd0de3c48960e2a342/spring-aop-4.3.13.RELEASE.jar:/root/.gradle/caches/modules-2/files-2.1/org.springframework/spring-beans/4.3.13.RELEASE/8613a7077722f1d97f8cb3fea4b0b40bfadf4496/spring-beans-4.3.13.RELEASE.jar:/root/.gradle/caches/modules-2/files-2.1/org.springframework/spring-expression/4.3.13.RELEASE/da22bf7df1262e429b49653be6cd5b89b6affe5e/spring-expression-4.3.13.RELEASE.jar:/root/.gradle/caches/modules-2/files-2.1/org.springframework/spring-core/4.3.13.RELEASE/eea18d7f4d01f1baa1b6728b678b5a6fe23c61f6/spring-core-4.3.13.RELEASE.jar:/root/.m2/repository/org/yaml/snakeyaml/1.17/snakeyaml-1.17.jar:/root/.gradle/caches/modules-2/files-2.1/org.aspectj/aspectjweaver/1.8.13/ad94df2a28d658a40dc27bbaff6a1ce5fbf04e9b/aspectjweaver-1.8.13.jar:/root/.gradle/caches/modules-2/files-2.1/org.apache.tomcat/tomcat-jdbc/8.5.23/6036400a8f2d90dd3ae3a4d09e5136c56002887b/tomcat-jdbc-8.5.23.jar:/root/.gradle/caches/modules-2/files-2.1/org.hibernate.common/hibernate-commons-annotations/5.0.1.Final/71e1cff3fcb20d3b3af4f3363c3ddb24d33c6879/hibernate-commons-annotations-5.0.1.Final.jar:/root/.m2/repository/org/jboss/logging/jboss-logging/3.3.1.Final/jboss-logging-3.3.1.Final.jar:/root/.gradle/caches/modules-2/files-2.1/org.hibernate.javax.persistence/hibernate-jpa-2.1-api/1.0.0.Final/5e731d961297e5a07290bfaf3db1fbc8bbbf405a/hibernate-jpa-2.1-api-1.0.0.Final.jar:/root/.gradle/caches/modules-2/files-2.1/org.javassist/javassist/3.21.0-GA/598244f595db5c5fb713731eddbb1c91a58d959b/javassist-3.21.0-GA.jar:/root/.gradle/caches/modules-2/files-2.1/antlr/antlr/2.7.7/83cd2cd674a217ade95a4bb83a8a14f351f48bd0/antlr-2.7.7.jar:/root/.gradle/caches/modules-2/files-2.1/org.jboss/jandex/2.0.0.Final/3e899258936f94649c777193e1be846387ed54b3/jandex-2.0.0.Final.jar:/root/.gradle/caches/modules-2/files-2.1/dom4j/dom4j/1.6.1/5d3ccc056b6f056dbf0dddfdf43894b9065a8f94/dom4j-1.6.1.jar:/root/.gradle/caches/modules-2/files-2.1/org.apache.tomcat.embed/tomcat-embed-websocket/8.5.23/52f07abcae10dc7e1764304b0877def175c2c833/tomcat-embed-websocket-8.5.23.jar:/root/.gradle/caches/modules-2/files-2.1/org.apache.tomcat.embed/tomcat-embed-core/8.5.23/79261793a47f507890ee08f749b9d81774e4f7f0/tomcat-embed-core-8.5.23.jar:/root/.gradle/caches/modules-2/files-2.1/org.apache.tomcat.embed/tomcat-embed-el/8.5.23/98d979cde444dffa6d434c8377d0123b2dfa614c/tomcat-embed-el-8.5.23.jar:/root/.gradle/caches/modules-2/files-2.1/javax.validation/validation-api/1.1.0.Final/8613ae82954779d518631e05daa73a6a954817d5/validation-api-1.1.0.Final.jar:/root/.m2/repository/com/fasterxml/classmate/1.3.4/classmate-1.3.4.jar:/root/.m2/repository/com/fasterxml/jackson/core/jackson-annotations/2.8.0/jackson-annotations-2.8.0.jar:/root/.gradle/caches/modules-2/files-2.1/com.fasterxml.jackson.dataformat/jackson-dataformat-cbor/2.8.10/1c58cc9313ddf19f0900cd61ed044874278ce320/jackson-dataformat-cbor-2.8.10.jar:/root/.gradle/caches/modules-2/files-2.1/com.fasterxml.jackson.core/jackson-core/2.8.10/eb21a035c66ad307e66ec8fce37f5d50fd62d039/jackson-core-2.8.10.jar:/root/.gradle/caches/modules-2/files-2.1/org.springframework.cloud/spring-cloud-commons/1.3.1.RELEASE/36bf49ae5e26d5401eb3ffcd9f1f962001bcbbfb/spring-cloud-commons-1.3.1.RELEASE.jar:/root/.gradle/caches/modules-2/files-2.1/io.github.openfeign/feign-core/9.5.0/7b89da81b21d8cdd4f5b4c79b730dbc11427bb14/feign-core-9.5.0.jar:/root/.gradle/caches/modules-2/files-2.1/org.jetbrains.kotlin/kotlin-stdlib-jre7/1.1.2-5/6617f5ad8c76e5141fff9da5b8975081cad24ccf/kotlin-stdlib-jre7-1.1.2-5.jar:/root/.gradle/caches/modules-2/files-2.1/org.jetbrains.kotlin/kotlin-stdlib/1.1.2-5/508b8b59843653756aeed058a3a421afa0657bcb/kotlin-stdlib-1.1.2-5.jar:/root/.gradle/caches/modules-2/files-2.1/com.googlecode.java-diff-utils/diffutils/1.3.0/7e060dd5b19431e6d198e91ff670644372f60fbd/diffutils-1.3.0.jar:/root/.gradle/caches/modules-2/files-2.1/com.github.mifmif/generex/1.0.1/d8b3573e6d59f0a61dfc37f85dd568ad3bf49e83/generex-1.0.1.jar:/root/.gradle/caches/modules-2/files-2.1/dk.brics.automaton/automaton/1.11-8/6ebfa65eb431ff4b715a23be7a750cbc4cc96d0f/automaton-1.11-8.jar:/root/.gradle/caches/modules-2/files-2.1/org.apache.httpcomponents/fluent-hc/4.5.2/7bfdfa49de6d720ad3c8cedb6a5238eec564dfed/fluent-hc-4.5.2.jar:/root/.gradle/caches/modules-2/files-2.1/org.codehaus.groovy.modules.http-builder/http-builder/0.7.1/a21771ae3da5ce9f5c4d7a60c1e716666aa2acf9/http-builder-0.7.1.jar:/root/.gradle/caches/modules-2/files-2.1/com.sun.jersey.contribs/jersey-apache-client4/1.19.1/e1c45701a003097ace96bed4bc8fb937e9867498/jersey-apache-client4-1.19.1.jar:/root/.gradle/caches/modules-2/files-2.1/org.apache.httpcomponents/httpclient/4.5.3/d1577ae15f01ef5438c5afc62162457c00a34713/httpclient-4.5.3.jar:/root/.m2/repository/net/minidev/json-smart/2.2.1/json-smart-2.2.1.jar:/root/.m2/repository/org/objenesis/objenesis/2.1/objenesis-2.1.jar:/root/.m2/repository/com/vaadin/external/google/android-json/0.0.20131108.vaadin1/android-json-0.0.20131108.vaadin1.jar:/root/.gradle/caches/modules-2/files-2.1/org.apache.tomcat/tomcat-juli/8.5.23/98e7f0610b7b2fb8303f11be0210e3f5a56a7d55/tomcat-juli-8.5.23.jar:/root/.gradle/caches/modules-2/files-2.1/org.apache.tomcat/tomcat-annotations-api/8.5.23/aaf17df9fe0240e9e9d5375d24d5f177174b73d9/tomcat-annotations-api-8.5.23.jar:/root/.gradle/caches/modules-2/files-2.1/org.springframework.cloud/spring-cloud-context/1.3.1.RELEASE/d917a126751620aa62131858069374287d72d47/spring-cloud-context-1.3.1.RELEASE.jar:/root/.gradle/caches/modules-2/files-2.1/org.springframework.security/spring-security-rsa/1.0.3.RELEASE/b0b1ee770597b5de1b51e9a889dfd2dc35d251b0/spring-security-rsa-1.0.3.RELEASE.jar:/root/.gradle/caches/modules-2/files-2.1/org.springframework.security/spring-security-crypto/4.2.3.RELEASE/a5c850acc91bff1970fe751d7407df81c4bce3cc/spring-security-crypto-4.2.3.RELEASE.jar:/root/.gradle/caches/modules-2/files-2.1/org.jvnet/animal-sniffer-annotation/1.0/67da8e0d8a8ef79c461a489f9f7bb3e86e23ccae/animal-sniffer-annotation-1.0.jar:/root/.gradle/caches/modules-2/files-2.1/io.reactivex/rxjava/1.2.0/42bfaf64c94f3848ebf5cf1c2ea4ec9d1b3ac6c8/rxjava-1.2.0.jar:/root/.gradle/caches/modules-2/files-2.1/commons-configuration/commons-configuration/1.8/6cce40435bcd8018018f16898de01976b319941a/commons-configuration-1.8.jar:/root/.gradle/caches/modules-2/files-2.1/io.netty/netty-codec-http/4.0.27.Final/59b04b31b58942615c0035c61db1167d118ee218/netty-codec-http-4.0.27.Final.jar:/root/.gradle/caches/modules-2/files-2.1/io.netty/netty-handler/4.0.40.Final/1d283fea961c27190a520fc841148715f5569a8a/netty-handler-4.0.40.Final.jar:/root/.gradle/caches/modules-2/files-2.1/com.github.zafarkhaja/java-semver/0.9.0/59a83ca73c72a5e25b3f0b1bb305230a11000329/java-semver-0.9.0.jar:/root/.gradle/caches/modules-2/files-2.1/com.google.code.gson/gson/2.8.2/3edcfe49d2c6053a70a2a47e4e1c2f94998a49cf/gson-2.8.2.jar:/root/.m2/repository/org/apache/commons/commons-collections4/4.1/commons-collections4-4.1.jar:/root/.gradle/caches/modules-2/files-2.1/org.apache.httpcomponents/httpcore/4.4.8/70539e2a07865bab38b4153da1ce599cf081790a/httpcore-4.4.8.jar:/root/.gradle/caches/modules-2/files-2.1/net.sf.json-lib/json-lib/2.3/f35340c0a0380141f62c72b76c8fb4bfa638d8c1/json-lib-2.3-jdk15.jar:/root/.gradle/caches/modules-2/files-2.1/commons-beanutils/commons-beanutils/1.9.3/c845703de334ddc6b4b3cd26835458cb1cba1f3d/commons-beanutils-1.9.3.jar:/root/.m2/repository/commons-logging/commons-logging/1.2/commons-logging-1.2.jar:/root/.gradle/caches/modules-2/files-2.1/commons-codec/commons-codec/1.10/4b95f4897fa13f2cd904aee711aeafc0c5295cd8/commons-codec-1.10.jar:/root/.m2/repository/net/minidev/accessors-smart/1.1/accessors-smart-1.1.jar:/root/.m2/repository/ch/qos/logback/logback-core/1.1.11/logback-core-1.1.11.jar:/root/.gradle/caches/modules-2/files-2.1/org.bouncycastle/bcpkix-jdk15on/1.55/6392d8cba22b722c6570d660ca0b3921ff1bae4f/bcpkix-jdk15on-1.55.jar:/root/.m2/repository/javax/inject/javax.inject/1/javax.inject-1.jar:/root/.gradle/caches/modules-2/files-2.1/net.sf.ezmorph/ezmorph/1.0.6/1e55d2a0253ea37745d33062852fd2c90027432/ezmorph-1.0.6.jar:/root/.m2/repository/commons-lang/commons-lang/2.6/commons-lang-2.6.jar:/root/.gradle/caches/modules-2/files-2.1/commons-collections/commons-collections/3.2.2/8ad72fe39fa8c91eaaf12aadb21e0c3661fe26d5/commons-collections-3.2.2.jar:/root/.gradle/caches/modules-2/files-2.1/com.sun.jersey/jersey-client/1.19.1/2df97ebd4e5c01599584c45caa3aeb563d268eef/jersey-client-1.19.1.jar:/root/.gradle/caches/modules-2/files-2.1/io.netty/netty-transport-native-epoll/4.0.27.Final/3da4eda5697a09c9f8e217bc6a0f265b5b5102c5/netty-transport-native-epoll-4.0.27.Final.jar:/root/.gradle/caches/modules-2/files-2.1/io.netty/netty-codec/4.0.40.Final/f6ad91e4884b47c3e7e5faa3732b06e317ab82e1/netty-codec-4.0.40.Final.jar:/root/.gradle/caches/modules-2/files-2.1/io.netty/netty-transport/4.0.40.Final/ad6890b272eea75185252c85c2927752e221764d/netty-transport-4.0.40.Final.jar:/root/.gradle/caches/modules-2/files-2.1/io.netty/netty-buffer/4.0.40.Final/9ccf9a1130dbb4a4142febd5d6f68c735a7a059b/netty-buffer-4.0.40.Final.jar:/root/.gradle/caches/modules-2/files-2.1/net.sourceforge.nekohtml/nekohtml/1.9.22/4f54af68ecb345f2453fb6884672ad08414154e3/nekohtml-1.9.22.jar:/root/.gradle/caches/modules-2/files-2.1/xml-resolver/xml-resolver/1.2/3d0f97750b3a03e0971831566067754ba4bfd68c/xml-resolver-1.2.jar:/root/.gradle/caches/modules-2/files-2.1/io.netty/netty/3.10.0.Final/ad61cd1bba067e6634ddd3e160edf0727391ac30/netty-3.10.0.Final.jar:/root/.m2/repository/org/ow2/asm/asm/5.0.3/asm-5.0.3.jar:/root/.gradle/caches/modules-2/files-2.1/org.bouncycastle/bcprov-jdk15on/1.55/935f2e57a00ec2c489cbd2ad830d4a399708f979/bcprov-jdk15on-1.55.jar:/root/.gradle/caches/modules-2/files-2.1/com.sun.jersey/jersey-core/1.19.1/4282d106f2acd5051bd9bc2935ed9a2920c9385/jersey-core-1.19.1.jar:/root/.gradle/caches/modules-2/files-2.1/io.netty/netty-common/4.0.40.Final/ef08d9d6fa46f6a937e7a9934030df16f38978ae/netty-common-4.0.40.Final.jar:/root/.gradle/caches/modules-2/files-2.1/xerces/xercesImpl/2.11.0/9bb329db1cfc4e22462c9d6b43a8432f5850e92c/xercesImpl-2.11.0.jar:/root/.gradle/caches/modules-2/files-2.1/joda-time/joda-time/2.9.9/f7b520c458572890807d143670c9b24f4de90897/joda-time-2.9.9.jar:/root/.gradle/caches/modules-2/files-2.1/javax.ws.rs/jsr311-api/1.1.1/59033da2a1afd56af1ac576750a8d0b1830d59e6/jsr311-api-1.1.1.jar:/root/.gradle/caches/modules-2/files-2.1/xml-apis/xml-apis/1.4.01/3789d9fada2d3d458c4ba2de349d48780f381ee3/xml-apis-1.4.01.jar:/root/.gradle/caches/modules-2/files-2.1/org.jetbrains/annotations/13.0/919f0dfe192fb4e063e7dacadee7f8bb9a2672a9/annotations-13.0.jar:/root/.gradle/caches/modules-2/files-2.1/com.google.code.findbugs/jsr305/3.0.1/f7be08ec23c21485b9b5a1cf1654c2ec8c58168d/jsr305-3.0.1.jar:/root/.gradle/caches/modules-2/files-2.1/com.google.errorprone/error_prone_annotations/2.0.18/5f65affce1684999e2f4024983835efc3504012e/error_prone_annotations-2.0.18.jar:/root/.gradle/caches/modules-2/files-2.1/com.google.j2objc/j2objc-annotations/1.1/976d8d30bebc251db406f2bdb3eb01962b5685b3/j2objc-annotations-1.1.jar:/root/.gradle/caches/modules-2/files-2.1/org.codehaus.mojo/animal-sniffer-annotations/1.14/775b7e22fb10026eed3f86e8dc556dfafe35f2d5/animal-sniffer-annotations-1.14.jar, user.name=root, java.vm.specification.version=1.8, sun.java.command=worker.org.gradle.process.internal.worker.GradleWorkerMain 'Gradle Test Executor 2', java.home=/usr/lib/jvm/java-8-oracle/jre, sun.arch.data.model=64, user.language=es, java.specification.vendor=Oracle Corporation, awt.toolkit=sun.awt.X11.XToolkit, java.vm.info=mixed mode, java.version=1.8.0_151, java.ext.dirs=/usr/lib/jvm/java-8-oracle/jre/lib/ext:/usr/java/packages/lib/ext, sun.boot.class.path=/usr/lib/jvm/java-8-oracle/jre/lib/resources.jar:/usr/lib/jvm/java-8-oracle/jre/lib/rt.jar:/usr/lib/jvm/java-8-oracle/jre/lib/sunrsasign.jar:/usr/lib/jvm/java-8-oracle/jre/lib/jsse.jar:/usr/lib/jvm/java-8-oracle/jre/lib/jce.jar:/usr/lib/jvm/java-8-oracle/jre/lib/charsets.jar:/usr/lib/jvm/java-8-oracle/jre/lib/jfr.jar:/usr/lib/jvm/java-8-oracle/jre/classes, java.vendor=Oracle Corporation, org.gradle.test.worker=2, file.separator=/, java.vendor.url.bug=http://bugreport.sun.com/bugreport/, sun.io.unicode.encoding=UnicodeLittle, sun.cpu.endian=little, sun.cpu.isalist=}}, SystemEnvironmentPropertySource@1381191179 {name='systemEnvironment', properties={PATH=/usr/local/sbin:/usr/local/bin:/usr/sbin:/usr/bin:/sbin:/bin:/snap/bin, XAUTHORITY=/home/dani/.Xauthority, SHELL=/bin/bash, TERM=xterm, OLDPWD=/home/dani/workspace/pact-code-examples-master/pact/pact-feign-consumer, XFILESEARCHPATH=/usr/dt/app-defaults/%L/Dt, USER=root, LANG=es_ES.UTF-8, SUDO_USER=dani, SUDO_COMMAND=./gradlew build, DISPLAY=:0, SUDO_GID=1000, MAIL=/var/mail/root, COLORTERM=gnome-terminal, NLSPATH=/usr/dt/lib/nls/msg/%L/%N.cat, USERNAME=root, LOGNAME=root, PWD=/home/dani/workspace/pact-code-examples-master/pact/pact-feign-consumer, LS_COLORS=rs=0:di=01;34:ln=01;36:mh=00:pi=40;33:so=01;35:do=01;35:bd=40;33;01:cd=40;33;01:or=40;31;01:su=37;41:sg=30;43:ca=30;41:tw=30;42:ow=34;42:st=37;44:ex=01;32:*.tar=01;31:*.tgz=01;31:*.arj=01;31:*.taz=01;31:*.lzh=01;31:*.lzma=01;31:*.tlz=01;31:*.txz=01;31:*.zip=01;31:*.z=01;31:*.Z=01;31:*.dz=01;31:*.gz=01;31:*.lz=01;31:*.xz=01;31:*.bz2=01;31:*.bz=01;31:*.tbz=01;31:*.tbz2=01;31:*.tz=01;31:*.deb=01;31:*.rpm=01;31:*.jar=01;31:*.war=01;31:*.ear=01;31:*.sar=01;31:*.rar=01;31:*.ace=01;31:*.zoo=01;31:*.cpio=01;31:*.7z=01;31:*.rz=01;31:*.jpg=01;35:*.jpeg=01;35:*.gif=01;35:*.bmp=01;35:*.pbm=01;35:*.pgm=01;35:*.ppm=01;35:*.tga=01;35:*.xbm=01;35:*.xpm=01;35:*.tif=01;35:*.tiff=01;35:*.png=01;35:*.svg=01;35:*.svgz=01;35:*.mng=01;35:*.pcx=01;35:*.mov=01;35:*.mpg=01;35:*.mpeg=01;35:*.m2v=01;35:*.mkv=01;35:*.webm=01;35:*.ogm=01;35:*.mp4=01;35:*.m4v=01;35:*.mp4v=01;35:*.vob=01;35:*.qt=01;35:*.nuv=01;35:*.wmv=01;35:*.asf=01;35:*.rm=01;35:*.rmvb=01;35:*.flc=01;35:*.avi=01;35:*.fli=01;35:*.flv=01;35:*.gl=01;35:*.dl=01;35:*.xcf=01;35:*.xwd=01;35:*.yuv=01;35:*.cgm=01;35:*.emf=01;35:*.axv=01;35:*.anx=01;35:*.ogv=01;35:*.ogx=01;35:*.aac=00;36:*.au=00;36:*.flac=00;36:*.mid=00;36:*.midi=00;36:*.mka=00;36:*.mp3=00;36:*.mpc=00;36:*.ogg=00;36:*.ra=00;36:*.wav=00;36:*.axa=00;36:*.oga=00;36:*.spx=00;36:*.xspf=00;36:, SUDO_UID=1000, HOME=/home/dani}}]
16:23:47.446 [Test worker] DEBUG org.springframework.core.env.MutablePropertySources - Adding PropertySource 'inline' with highest search precedence
16:23:47.456 [Test worker] DEBUG org.springframework.test.context.support.TestPropertySourceUtils - Adding inlined properties to environment: {spring.jmx.enabled=false, userservice.ribbon.listOfServers: localhost:8888, org.springframework.boot.test.context.SpringBootTestContextBootstrapper=true, server.port=-1}
16:23:47.456 [Test worker] DEBUG org.springframework.core.env.StandardEnvironment - Adding PropertySource 'Inlined Test Properties' with highest search precedence
2018-06-04 16:23:47.978  INFO 30035 --- [    Test worker] s.c.a.AnnotationConfigApplicationContext : Refreshing org.springframework.context.annotation.AnnotationConfigApplicationContext@6811821c: startup date [Mon Jun 04 16:23:47 CEST 2018]; root of context hierarchy
2018-06-04 16:23:48.326  INFO 30035 --- [    Test worker] f.a.AutowiredAnnotationBeanPostProcessor : JSR-330 'javax.inject.Inject' annotation found and supported for autowiring
2018-06-04 16:23:48.431  INFO 30035 --- [    Test worker] trationDelegate$BeanPostProcessorChecker : Bean 'configurationPropertiesRebinderAutoConfiguration' of type [org.springframework.cloud.autoconfigure.ConfigurationPropertiesRebinderAutoConfiguration$$EnhancerBySpringCGLIB$$ab90f7c4] is not eligible for getting processed by all BeanPostProcessors (for example: not eligible for auto-proxying)

  .   ____          _            __ _ _
 /\\ / ___'_ __ _ _(_)_ __  __ _ \ \ \ \
( ( )\___ | '_ | '_| | '_ \/ _` | \ \ \ \
 \\/  ___)| |_)| | | | | || (_| |  ) ) ) )
  '  |____| .__|_| |_|_| |_\__, | / / / /
 =========|_|==============|___/=/_/_/_/
 :: Spring Boot ::        (v1.5.9.RELEASE)

2018-06-04 16:23:49.239  WARN 30035 --- [    Test worker] ory$DuplicateJsonObjectContextCustomizer : 

Found multiple occurrences of org.json.JSONObject on the class path:

	jar:file:/root/.gradle/caches/modules-2/files-2.1/org.json/json/20140107/d1ffca6e2482b002702c6a576166fd685e3370e3/json-20140107.jar!/org/json/JSONObject.class
	jar:file:/root/.m2/repository/com/vaadin/external/google/android-json/0.0.20131108.vaadin1/android-json-0.0.20131108.vaadin1.jar!/org/json/JSONObject.class

You may wish to exclude one of them to ensure predictable runtime behaviour

2018-06-04 16:23:49.246  INFO 30035 --- [    Test worker] io.reflectoring.UserServiceConsumerTest  : No active profile set, falling back to default profiles: default
2018-06-04 16:23:49.255  INFO 30035 --- [    Test worker] o.s.w.c.s.GenericWebApplicationContext   : Refreshing org.springframework.web.context.support.GenericWebApplicationContext@fbfd1c1: startup date [Mon Jun 04 16:23:49 CEST 2018]; parent: org.springframework.context.annotation.AnnotationConfigApplicationContext@6811821c
2018-06-04 16:23:50.781  INFO 30035 --- [    Test worker] o.s.cloud.context.scope.GenericScope     : BeanFactory id=e784e3f4-282a-36ef-a892-e9c5d35e1031
2018-06-04 16:23:50.868  INFO 30035 --- [    Test worker] f.a.AutowiredAnnotationBeanPostProcessor : JSR-330 'javax.inject.Inject' annotation found and supported for autowiring
2018-06-04 16:23:50.909  INFO 30035 --- [    Test worker] trationDelegate$BeanPostProcessorChecker : Bean 'io.reflectoring.UserClient' of type [org.springframework.cloud.netflix.feign.FeignClientFactoryBean] is not eligible for getting processed by all BeanPostProcessors (for example: not eligible for auto-proxying)
2018-06-04 16:23:51.063  INFO 30035 --- [    Test worker] trationDelegate$BeanPostProcessorChecker : Bean 'org.springframework.transaction.annotation.ProxyTransactionManagementConfiguration' of type [org.springframework.transaction.annotation.ProxyTransactionManagementConfiguration$$EnhancerBySpringCGLIB$$8f76f4c7] is not eligible for getting processed by all BeanPostProcessors (for example: not eligible for auto-proxying)
2018-06-04 16:23:51.109  INFO 30035 --- [    Test worker] trationDelegate$BeanPostProcessorChecker : Bean 'org.springframework.cloud.autoconfigure.ConfigurationPropertiesRebinderAutoConfiguration' of type [org.springframework.cloud.autoconfigure.ConfigurationPropertiesRebinderAutoConfiguration$$EnhancerBySpringCGLIB$$ab90f7c4] is not eligible for getting processed by all BeanPostProcessors (for example: not eligible for auto-proxying)
2018-06-04 16:23:51.864  INFO 30035 --- [    Test worker] j.LocalContainerEntityManagerFactoryBean : Building JPA container EntityManagerFactory for persistence unit 'default'
2018-06-04 16:23:51.890  INFO 30035 --- [    Test worker] o.hibernate.jpa.internal.util.LogHelper  : HHH000204: Processing PersistenceUnitInfo [
	name: default
	...]
2018-06-04 16:23:52.001  INFO 30035 --- [    Test worker] org.hibernate.Version                    : HHH000412: Hibernate Core {5.0.12.Final}
2018-06-04 16:23:52.004  INFO 30035 --- [    Test worker] org.hibernate.cfg.Environment            : HHH000206: hibernate.properties not found
2018-06-04 16:23:52.005  INFO 30035 --- [    Test worker] org.hibernate.cfg.Environment            : HHH000021: Bytecode provider name : javassist
2018-06-04 16:23:52.057  INFO 30035 --- [    Test worker] o.hibernate.annotations.common.Version   : HCANN000001: Hibernate Commons Annotations {5.0.1.Final}
2018-06-04 16:23:52.170  INFO 30035 --- [    Test worker] org.hibernate.dialect.Dialect            : HHH000400: Using dialect: org.hibernate.dialect.H2Dialect
2018-06-04 16:23:52.643  INFO 30035 --- [    Test worker] org.hibernate.tool.hbm2ddl.SchemaExport  : HHH000227: Running hbm2ddl schema export
2018-06-04 16:23:52.659  INFO 30035 --- [    Test worker] org.hibernate.tool.hbm2ddl.SchemaExport  : HHH000230: Schema export complete
2018-06-04 16:23:52.699  INFO 30035 --- [    Test worker] j.LocalContainerEntityManagerFactoryBean : Initialized JPA EntityManagerFactory for persistence unit 'default'
2018-06-04 16:23:53.334  WARN 30035 --- [    Test worker] o.s.c.n.a.ArchaiusAutoConfiguration      : No spring.application.name found, defaulting to 'application'
2018-06-04 16:23:53.357  WARN 30035 --- [    Test worker] c.n.c.sources.URLConfigurationSource     : No URLs will be polled as dynamic configuration sources.
2018-06-04 16:23:53.358  INFO 30035 --- [    Test worker] c.n.c.sources.URLConfigurationSource     : To enable URLs as dynamic configuration sources, define System property archaius.configurationSource.additionalUrls or make config.properties available on classpath.
2018-06-04 16:23:53.369  WARN 30035 --- [    Test worker] c.n.c.sources.URLConfigurationSource     : No URLs will be polled as dynamic configuration sources.
2018-06-04 16:23:53.370  INFO 30035 --- [    Test worker] c.n.c.sources.URLConfigurationSource     : To enable URLs as dynamic configuration sources, define System property archaius.configurationSource.additionalUrls or make config.properties available on classpath.
2018-06-04 16:23:54.102  INFO 30035 --- [    Test worker] s.w.s.m.m.a.RequestMappingHandlerAdapter : Looking for @ControllerAdvice: org.springframework.web.context.support.GenericWebApplicationContext@fbfd1c1: startup date [Mon Jun 04 16:23:49 CEST 2018]; parent: org.springframework.context.annotation.AnnotationConfigApplicationContext@6811821c
2018-06-04 16:23:54.267  INFO 30035 --- [    Test worker] s.w.s.m.m.a.RequestMappingHandlerMapping : Mapped "{[/error],produces=[text/html]}" onto public org.springframework.web.servlet.ModelAndView org.springframework.boot.autoconfigure.web.BasicErrorController.errorHtml(javax.servlet.http.HttpServletRequest,javax.servlet.http.HttpServletResponse)
2018-06-04 16:23:54.269  INFO 30035 --- [    Test worker] s.w.s.m.m.a.RequestMappingHandlerMapping : Mapped "{[/error]}" onto public org.springframework.http.ResponseEntity<java.util.Map<java.lang.String, java.lang.Object>> org.springframework.boot.autoconfigure.web.BasicErrorController.error(javax.servlet.http.HttpServletRequest)
2018-06-04 16:23:54.319  INFO 30035 --- [    Test worker] o.s.w.s.handler.SimpleUrlHandlerMapping  : Mapped URL path [/webjars/**] onto handler of type [class org.springframework.web.servlet.resource.ResourceHttpRequestHandler]
2018-06-04 16:23:54.319  INFO 30035 --- [    Test worker] o.s.w.s.handler.SimpleUrlHandlerMapping  : Mapped URL path [/**] onto handler of type [class org.springframework.web.servlet.resource.ResourceHttpRequestHandler]
2018-06-04 16:23:54.374  INFO 30035 --- [    Test worker] o.s.w.s.handler.SimpleUrlHandlerMapping  : Mapped URL path [/**/favicon.ico] onto handler of type [class org.springframework.web.servlet.resource.ResourceHttpRequestHandler]
2018-06-04 16:23:55.647  INFO 30035 --- [    Test worker] io.reflectoring.UserServiceConsumerTest  : Started UserServiceConsumerTest in 8.164 seconds (JVM running for 9.772)
2018-06-04 16:23:55.672  INFO 30035 --- [    Test worker] s.c.a.AnnotationConfigApplicationContext : Refreshing org.springframework.context.annotation.AnnotationConfigApplicationContext@3def28ae: startup date [Mon Jun 04 16:23:55 CEST 2018]; parent: org.springframework.web.context.support.GenericWebApplicationContext@fbfd1c1
2018-06-04 16:23:55.716  INFO 30035 --- [    Test worker] f.a.AutowiredAnnotationBeanPostProcessor : JSR-330 'javax.inject.Inject' annotation found and supported for autowiring
2018-06-04 16:23:57.296  INFO 30035 --- [    Test worker] s.c.a.AnnotationConfigApplicationContext : Refreshing org.springframework.context.annotation.AnnotationConfigApplicationContext@30306bfc: startup date [Mon Jun 04 16:23:57 CEST 2018]; parent: org.springframework.web.context.support.GenericWebApplicationContext@fbfd1c1
2018-06-04 16:23:57.385  INFO 30035 --- [    Test worker] f.a.AutowiredAnnotationBeanPostProcessor : JSR-330 'javax.inject.Inject' annotation found and supported for autowiring
2018-06-04 16:23:57.735  INFO 30035 --- [    Test worker] c.netflix.config.ChainedDynamicProperty  : Flipping property: userservice.ribbon.ActiveConnectionsLimit to use NEXT property: niws.loadbalancer.availabilityFilteringRule.activeConnectionsLimit = 2147483647
2018-06-04 16:23:57.826  INFO 30035 --- [    Test worker] c.netflix.loadbalancer.BaseLoadBalancer  : Client: userservice instantiated a LoadBalancer: DynamicServerListLoadBalancer:{NFLoadBalancer:name=userservice,current list of Servers=[],Load balancer stats=Zone stats: {},Server stats: []}ServerList:null
2018-06-04 16:23:57.840  INFO 30035 --- [    Test worker] c.n.l.DynamicServerListLoadBalancer      : Using serverListUpdater PollingServerListUpdater
2018-06-04 16:23:57.888  INFO 30035 --- [    Test worker] c.netflix.config.ChainedDynamicProperty  : Flipping property: userservice.ribbon.ActiveConnectionsLimit to use NEXT property: niws.loadbalancer.availabilityFilteringRule.activeConnectionsLimit = 2147483647
2018-06-04 16:23:57.897  INFO 30035 --- [    Test worker] c.n.l.DynamicServerListLoadBalancer      : DynamicServerListLoadBalancer for client userservice initialized: DynamicServerListLoadBalancer:{NFLoadBalancer:name=userservice,current list of Servers=[localhost:8888],Load balancer stats=Zone stats: {unknown=[Zone:unknown;	Instance count:1;	Active connections count: 0;	Circuit breaker tripped count: 0;	Active connections per server: 0.0;]
},Server stats: [[Server:localhost:8888;	Zone:UNKNOWN;	Total Requests:0;	Successive connection failure:0;	Total blackout seconds:0;	Last connection made:Thu Jan 01 01:00:00 CET 1970;	First connection made: Thu Jan 01 01:00:00 CET 1970;	Active Connections:0;	total failure count in last (1000) msecs:0;	average resp time:0.0;	90 percentile resp time:0.0;	95 percentile resp time:0.0;	min resp time:0.0;	max resp time:0.0;	stddev resp time:0.0]
]}ServerList:com.netflix.loadbalancer.ConfigurationBasedServerList@1e767753
2018-06-04 16:23:58.847  INFO 30035 --- [erListUpdater-0] c.netflix.config.ChainedDynamicProperty  : Flipping property: userservice.ribbon.ActiveConnectionsLimit to use NEXT property: niws.loadbalancer.availabilityFilteringRule.activeConnectionsLimit = 2147483647
]]></system-out>
  <system-err><![CDATA[]]></system-err>
</testsuite>
